2024-07-22 09:24:11,788 [5] FATAL Mango.Services.Helper.VerifyServer.VerifyUserWithBasic - [COR0017] Unknown error when connecting to the LWS server https://SDCUM3SO1.talgroup.com:10002/lws_lso01.
System.ServiceModel.CommunicationException: An error (The request was aborted: The request was canceled.) occurred while transmitting data over the HTTP channel. ---> System.Net.WebException: The request was aborted: The request was canceled. ---> System.NotSupportedException: This method is not supported by this class.
   at System.Net.BasicClient.EncodingRightGetBytes(String rawString)
   at System.Net.BasicClient.Lookup(HttpWebRequest httpWebRequest, ICredentials credentials)
   at System.Net.AuthenticationManager.Authenticate(String challenge, WebRequest request, ICredentials credentials)
   at System.Net.AuthenticationState.AttemptAuthenticate(HttpWebRequest httpWebRequest, ICredentials authInfo)
   at System.Net.HttpWebRequest.CheckResubmitForAuth()
   at System.Net.HttpWebRequest.CheckResubmit(Exception& e)
   at System.Net.HttpWebRequest.DoSubmitRequestProcessing(Exception& exception)
   at System.Net.HttpWebRequest.ProcessResponse()
   at System.Net.HttpWebRequest.SetResponse(CoreResponseData coreResponseData)
   --- End of inner exception stack trace ---
   at System.Net.HttpWebRequest.GetResponse()
   at System.ServiceModel.Channels.HttpChannelFactory.HttpRequestChannel.HttpChannelRequest.WaitForReply(TimeSpan timeout)
   --- End of inner exception stack trace ---

Server stack trace: 
   at System.ServiceModel.Channels.HttpChannelUtilities.ProcessGetResponseWebException(WebException webException, HttpWebRequest request, HttpAbortReason abortReason)
   at System.ServiceModel.Channels.HttpChannelFactory.HttpRequestChannel.HttpChannelRequest.WaitForReply(TimeSpan timeout)
   at System.ServiceModel.Channels.RequestChannel.Request(Message message, TimeSpan timeout)
   at System.ServiceModel.Dispatcher.RequestChannelBinder.Request(Message message, TimeSpan timeout)
   at System.ServiceModel.Channels.ServiceChannel.Call(String action, Boolean oneway, ProxyOperationRuntime operation, Object[] ins, Object[] outs, TimeSpan timeout)
   at System.ServiceModel.Channels.ServiceChannelProxy.InvokeService(IMethodCallMessage methodCall, ProxyOperationRuntime operation)
   at System.ServiceModel.Channels.ServiceChannelProxy.Invoke(IMessage message)

Exception rethrown at [0]: 
   at System.Runtime.Remoting.Proxies.RealProxy.HandleReturnMessage(IMessage reqMsg, IMessage retMsg)
   at System.Runtime.Remoting.Proxies.RealProxy.PrivateInvoke(MessageData& msgData, Int32 type)
   at Mango.Services.WS.MangoProfileManager.VerifyVersion(VerifyVersionRequest request)
   at Mango.Services.WS.MangoProfileManagerClient.Mango.Services.WS.MangoProfileManager.VerifyVersion(VerifyVersionRequest request)
   at Mango.Services.Helper.VerifyServer.VerifyUser()
   at Mango.Services.Helper.VerifyServer.VerifyUserWithBasic(Boolean& callFailed_BailOut)
2024-07-22 09:24:11,854 [Mango.Main] WARN  Mango.Core.Storage.FileStorageRoaming.FullFilePath - Error getting full file path for: DialogControl.xml
System.InvalidOperationException: Username is not configured yet
   at Mango.Core.Storage.FileStorage.get_UserBasePath()
   at Mango.Core.Storage.FileStorageRoaming.FullFilePath(String filename)
2024-07-22 09:25:17,019 [16] ERROR MForms.M3Menu.MenuHandler.Find - [MFS0021] Could not get root of M3 Menu. The menu has not been fetched.
2024-07-22 09:25:17,019 [17] ERROR MForms.M3Menu.MenuHandler.Find - [MFS0021] Could not get root of M3 Menu. The menu has not been fetched.
2024-07-22 09:25:17,061 [16] ERROR MForms.M3Menu.MenuHandler.Find - [MFS0021] Could not get root of M3 Menu. The menu has not been fetched.
2024-07-22 09:25:17,062 [16] ERROR MForms.M3Menu.MenuHandler.Find - [MFS0021] Could not get root of M3 Menu. The menu has not been fetched.
2024-07-22 09:25:17,062 [16] ERROR MForms.M3Menu.MenuHandler.Find - [MFS0021] Could not get root of M3 Menu. The menu has not been fetched.
2024-07-22 09:25:17,062 [16] ERROR MForms.M3Menu.MenuHandler.Find - [MFS0021] Could not get root of M3 Menu. The menu has not been fetched.
2024-07-22 09:25:17,062 [16] ERROR MForms.M3Menu.MenuHandler.Find - [MFS0021] Could not get root of M3 Menu. The menu has not been fetched.
2024-07-22 09:25:17,065 [17] ERROR MForms.M3Menu.MenuHandler.Find - [MFS0021] Could not get root of M3 Menu. The menu has not been fetched.
2024-07-22 09:25:17,065 [17] ERROR MForms.M3Menu.MenuHandler.Find - [MFS0021] Could not get root of M3 Menu. The menu has not been fetched.
2024-07-22 09:25:17,065 [17] ERROR MForms.M3Menu.MenuHandler.Find - [MFS0021] Could not get root of M3 Menu. The menu has not been fetched.
2024-07-22 09:25:17,065 [17] ERROR MForms.M3Menu.MenuHandler.Find - [MFS0021] Could not get root of M3 Menu. The menu has not been fetched.
2024-07-22 09:25:17,065 [17] ERROR MForms.M3Menu.MenuHandler.Find - [MFS0021] Could not get root of M3 Menu. The menu has not been fetched.
2024-07-22 09:25:17,145 [14] ERROR Mango.UI.Services.Collaboration.CollaborationManager.PublishUserDataAsync - [SVC0078] Error updating user data on the Channels server
System.ServiceModel.FaultException: CHANNELS0025: The user could not be updated since the requesting user did not match the input user: Requesting user: (cn=techvify11,ou=Extranet Vendor Users,ou=HKDC-Users,ou=HKDC,ou=TAL,DC=proxy,DC=ldap), Input user: (techvify11)

Server stack trace: 
   at System.ServiceModel.Channels.ServiceChannel.HandleReply(ProxyOperationRuntime operation, ProxyRpc& rpc)
   at System.ServiceModel.Channels.ServiceChannel.Call(String action, Boolean oneway, ProxyOperationRuntime operation, Object[] ins, Object[] outs, TimeSpan timeout)
   at System.ServiceModel.Channels.ServiceChannelProxy.InvokeService(IMethodCallMessage methodCall, ProxyOperationRuntime operation)
   at System.ServiceModel.Channels.ServiceChannelProxy.Invoke(IMessage message)

Exception rethrown at [0]: 
   at System.Runtime.Remoting.Proxies.RealProxy.HandleReturnMessage(IMessage reqMsg, IMessage retMsg)
   at System.Runtime.Remoting.Proxies.RealProxy.PrivateInvoke(MessageData& msgData, Int32 type)
   at Mango.UI.Services.WS.MangoChannelsManager.PublishChannel(PublishChannelRequest request)
   at Mango.UI.Services.WS.MangoChannelsManagerClient.Mango.UI.Services.WS.MangoChannelsManager.PublishChannel(PublishChannelRequest request)
   at Mango.UI.Services.Collaboration.CollaborationManager.PublishUserDataAsync(PublishChannelRequest request)
2024-07-22 09:25:17,282 [16] ERROR MForms.M3Menu.MenuHandler.Find - [MFS0021] Could not get root of M3 Menu. The menu has not been fetched.
2024-07-22 09:25:17,282 [16] ERROR MForms.M3Menu.MenuHandler.Find - [MFS0021] Could not get root of M3 Menu. The menu has not been fetched.
2024-07-22 09:25:17,282 [16] ERROR MForms.M3Menu.MenuHandler.Find - [MFS0021] Could not get root of M3 Menu. The menu has not been fetched.
2024-07-22 09:25:17,282 [16] ERROR MForms.M3Menu.MenuHandler.Find - [MFS0021] Could not get root of M3 Menu. The menu has not been fetched.
2024-07-22 09:25:17,282 [16] ERROR MForms.M3Menu.MenuHandler.Find - [MFS0021] Could not get root of M3 Menu. The menu has not been fetched.
2024-07-22 09:25:17,282 [16] ERROR MForms.M3Menu.MenuHandler.Find - [MFS0021] Could not get root of M3 Menu. The menu has not been fetched.
2024-07-22 09:25:19,990 [Mango.Main] WARN  Mango.UI.Services.Applications.Net.MainController.UnloadNetApplication - The Net application has been unloaded: no SSO applications were detected.
2024-07-22 09:29:08,979 [16] ERROR MForms.M3Menu.MenuHandler.Find - [MFS0021] Could not get root of M3 Menu. The menu has not been fetched.
2024-07-22 09:29:08,979 [15] ERROR MForms.M3Menu.MenuHandler.Find - [MFS0021] Could not get root of M3 Menu. The menu has not been fetched.
2024-07-22 09:29:09,017 [16] ERROR MForms.M3Menu.MenuHandler.Find - [MFS0021] Could not get root of M3 Menu. The menu has not been fetched.
2024-07-22 09:29:09,017 [16] ERROR MForms.M3Menu.MenuHandler.Find - [MFS0021] Could not get root of M3 Menu. The menu has not been fetched.
2024-07-22 09:29:09,018 [16] ERROR MForms.M3Menu.MenuHandler.Find - [MFS0021] Could not get root of M3 Menu. The menu has not been fetched.
2024-07-22 09:29:09,018 [16] ERROR MForms.M3Menu.MenuHandler.Find - [MFS0021] Could not get root of M3 Menu. The menu has not been fetched.
2024-07-22 09:29:09,018 [16] ERROR MForms.M3Menu.MenuHandler.Find - [MFS0021] Could not get root of M3 Menu. The menu has not been fetched.
2024-07-22 09:29:09,021 [15] ERROR MForms.M3Menu.MenuHandler.Find - [MFS0021] Could not get root of M3 Menu. The menu has not been fetched.
2024-07-22 09:29:09,021 [15] ERROR MForms.M3Menu.MenuHandler.Find - [MFS0021] Could not get root of M3 Menu. The menu has not been fetched.
2024-07-22 09:29:09,021 [15] ERROR MForms.M3Menu.MenuHandler.Find - [MFS0021] Could not get root of M3 Menu. The menu has not been fetched.
2024-07-22 09:29:09,021 [15] ERROR MForms.M3Menu.MenuHandler.Find - [MFS0021] Could not get root of M3 Menu. The menu has not been fetched.
2024-07-22 09:29:09,021 [15] ERROR MForms.M3Menu.MenuHandler.Find - [MFS0021] Could not get root of M3 Menu. The menu has not been fetched.
2024-07-22 09:29:09,111 [5] ERROR Mango.UI.Services.Collaboration.CollaborationManager.PublishUserDataAsync - [SVC0078] Error updating user data on the Channels server
System.ServiceModel.FaultException: CHANNELS0025: The user could not be updated since the requesting user did not match the input user: Requesting user: (cn=techvify11,ou=Extranet Vendor Users,ou=HKDC-Users,ou=HKDC,ou=TAL,DC=proxy,DC=ldap), Input user: (techvify11)

Server stack trace: 
   at System.ServiceModel.Channels.ServiceChannel.HandleReply(ProxyOperationRuntime operation, ProxyRpc& rpc)
   at System.ServiceModel.Channels.ServiceChannel.Call(String action, Boolean oneway, ProxyOperationRuntime operation, Object[] ins, Object[] outs, TimeSpan timeout)
   at System.ServiceModel.Channels.ServiceChannelProxy.InvokeService(IMethodCallMessage methodCall, ProxyOperationRuntime operation)
   at System.ServiceModel.Channels.ServiceChannelProxy.Invoke(IMessage message)

Exception rethrown at [0]: 
   at System.Runtime.Remoting.Proxies.RealProxy.HandleReturnMessage(IMessage reqMsg, IMessage retMsg)
   at System.Runtime.Remoting.Proxies.RealProxy.PrivateInvoke(MessageData& msgData, Int32 type)
   at Mango.UI.Services.WS.MangoChannelsManager.PublishChannel(PublishChannelRequest request)
   at Mango.UI.Services.WS.MangoChannelsManagerClient.Mango.UI.Services.WS.MangoChannelsManager.PublishChannel(PublishChannelRequest request)
   at Mango.UI.Services.Collaboration.CollaborationManager.PublishUserDataAsync(PublishChannelRequest request)
2024-07-22 09:29:09,213 [5] ERROR MForms.M3Menu.MenuHandler.Find - [MFS0021] Could not get root of M3 Menu. The menu has not been fetched.
2024-07-22 09:29:09,213 [5] ERROR MForms.M3Menu.MenuHandler.Find - [MFS0021] Could not get root of M3 Menu. The menu has not been fetched.
2024-07-22 09:29:09,213 [5] ERROR MForms.M3Menu.MenuHandler.Find - [MFS0021] Could not get root of M3 Menu. The menu has not been fetched.
2024-07-22 09:29:09,213 [5] ERROR MForms.M3Menu.MenuHandler.Find - [MFS0021] Could not get root of M3 Menu. The menu has not been fetched.
2024-07-22 09:29:09,213 [5] ERROR MForms.M3Menu.MenuHandler.Find - [MFS0021] Could not get root of M3 Menu. The menu has not been fetched.
2024-07-22 09:29:09,214 [5] ERROR MForms.M3Menu.MenuHandler.Find - [MFS0021] Could not get root of M3 Menu. The menu has not been fetched.
2024-07-22 09:29:09,323 [Mango.Main] WARN  Mango.UI.Services.Applications.Net.MainController.UnloadNetApplication - The Net application has been unloaded: no SSO applications were detected.
2024-07-22 10:55:41,886 [4] FATAL Mango.Services.Helper.VerifyServer.Initialize - [COR0009] Logon - Exception authenticating user against Websphere. Communication error.
System.Net.WebException: The remote name could not be resolved: 'sdcum3so1.talgroup.com'
   at System.Net.HttpWebRequest.GetResponse()
   at Mango.Services.Helper.VerifyServer.Initialize()
2024-07-22 10:55:41,979 [Mango.Main] WARN  Mango.Core.Storage.FileStorageRoaming.FullFilePath - Error getting full file path for: DialogControl.xml
System.InvalidOperationException: Username is not configured yet
   at Mango.Core.Storage.FileStorage.get_UserBasePath()
   at Mango.Core.Storage.FileStorageRoaming.FullFilePath(String filename)
