[INFO] 24-07-2024 13:32:58 [main] [LogUtils] - Loaded all properties files.
[INFO] 24-07-2024 13:32:58 [main] [LogUtils] - ********** RUN STARTED **********
[INFO] 24-07-2024 13:32:58 [main] [LogUtils] - ========= INSTALLING CONFIGURATION DATA =========
[INFO] 24-07-2024 13:32:58 [main] [LogUtils] - Loaded all properties files.
[INFO] 24-07-2024 13:32:59 [main] [LogUtils] - OVERRIDE EXTENT REPORTS = no
[INFO] 24-07-2024 13:32:59 [main] [LogUtils] - Link Extent Report: D:\ffbf\WebAuto\reports/ExtentReports\24_07_2024_13_32_59_ExtentReports.html
[INFO] 24-07-2024 13:32:59 [main] [LogUtils] - Extent Reports is installed.
[INFO] 24-07-2024 13:32:59 [main] [LogUtils] - ========= INSTALLED CONFIGURATION DATA =========
[INFO] 24-07-2024 13:32:59 [main] [LogUtils] - =====> Starting Suite: Default Suite
[INFO] 24-07-2024 13:33:02 [main] [LogUtils] - Test case: genReport is starting...
[INFO] 24-07-2024 13:33:03 [main] [LogUtils] - Open website with URL: https://uat-report.talgroup.com/
[INFO] 24-07-2024 13:33:03 [main] [LogUtils] - Test case: genReport is passed.
[INFO] 24-07-2024 13:33:03 [main] [LogUtils] - Driver for Screenshot: ChromeDriver: chrome on windows (76ddd5e36f43c8e535c8b267f670498d)
[INFO] 24-07-2024 13:33:03 [main] [LogUtils] - Screenshot taken: genReport
[INFO] 24-07-2024 13:33:03 [main] [LogUtils] - Screenshot taken current URL: https://uat-report.talgroup.com/login.jsp
[INFO] 24-07-2024 13:33:03 [main] [LogUtils] - ********** RUN FINISHED **********
[INFO] 24-07-2024 13:33:03 [main] [LogUtils] - =====> End Suite: Default Suite
[INFO] 24-07-2024 13:33:24 [main] [LogUtils] - Loaded all properties files.
[INFO] 24-07-2024 13:33:24 [main] [LogUtils] - ********** RUN STARTED **********
[INFO] 24-07-2024 13:33:24 [main] [LogUtils] - ========= INSTALLING CONFIGURATION DATA =========
[INFO] 24-07-2024 13:33:24 [main] [LogUtils] - Loaded all properties files.
[INFO] 24-07-2024 13:33:24 [main] [LogUtils] - OVERRIDE EXTENT REPORTS = no
[INFO] 24-07-2024 13:33:24 [main] [LogUtils] - Link Extent Report: D:\ffbf\WebAuto\reports/ExtentReports\24_07_2024_13_33_24_ExtentReports.html
[INFO] 24-07-2024 13:33:24 [main] [LogUtils] - Extent Reports is installed.
[INFO] 24-07-2024 13:33:24 [main] [LogUtils] - ========= INSTALLED CONFIGURATION DATA =========
[INFO] 24-07-2024 13:33:24 [main] [LogUtils] - =====> Starting Suite: Default Suite
[INFO] 24-07-2024 13:33:26 [main] [LogUtils] - Test case: genReport is starting...
[INFO] 24-07-2024 13:33:26 [main] [LogUtils] - Open website with URL: https://uat-report.talgroup.com/
[INFO] 24-07-2024 13:33:27 [main] [LogUtils] - Test case: genReport is passed.
[INFO] 24-07-2024 13:33:27 [main] [LogUtils] - Driver for Screenshot: ChromeDriver: chrome on windows (7eb930e26479d323351fc06e493c686b)
[INFO] 24-07-2024 13:33:27 [main] [LogUtils] - Screenshot taken: genReport
[INFO] 24-07-2024 13:33:27 [main] [LogUtils] - Screenshot taken current URL: https://uat-report.talgroup.com/login.jsp
[INFO] 24-07-2024 13:33:27 [main] [LogUtils] - ********** RUN FINISHED **********
[INFO] 24-07-2024 13:33:27 [main] [LogUtils] - =====> End Suite: Default Suite
[INFO] 24-07-2024 13:42:23 [main] [LogUtils] - Loaded all properties files.
[INFO] 24-07-2024 13:42:23 [main] [LogUtils] - ********** RUN STARTED **********
[INFO] 24-07-2024 13:42:23 [main] [LogUtils] - ========= INSTALLING CONFIGURATION DATA =========
[INFO] 24-07-2024 13:42:23 [main] [LogUtils] - Loaded all properties files.
[INFO] 24-07-2024 13:42:23 [main] [LogUtils] - OVERRIDE EXTENT REPORTS = no
[INFO] 24-07-2024 13:42:23 [main] [LogUtils] - Link Extent Report: D:\ffbf\WebAuto\reports/ExtentReports\24_07_2024_13_42_23_ExtentReports.html
[INFO] 24-07-2024 13:42:23 [main] [LogUtils] - Extent Reports is installed.
[INFO] 24-07-2024 13:42:23 [main] [LogUtils] - ========= INSTALLED CONFIGURATION DATA =========
[INFO] 24-07-2024 13:42:23 [main] [LogUtils] - =====> Starting Suite: Default Suite
[INFO] 24-07-2024 13:42:28 [main] [LogUtils] - Test case: genReport is starting...
[INFO] 24-07-2024 13:42:28 [main] [LogUtils] - Open website with URL: https://uat-report.talgroup.com/
[INFO] 24-07-2024 13:42:28 [main] [LogUtils] - Verify element visible By.name: username
[INFO] 24-07-2024 13:42:28 [main] [LogUtils] - Verify element visible By.name: username
[INFO] 24-07-2024 13:42:28 [main] [LogUtils] - Clear and Fill techvify5 on By.name: username
[INFO] 24-07-2024 13:42:28 [main] [LogUtils] - Verify element visible By.name: password
[INFO] 24-07-2024 13:42:29 [main] [LogUtils] - Verify element visible By.name: password
[INFO] 24-07-2024 13:42:29 [main] [LogUtils] - Clear and Fill exj?6RTakxrh on By.name: password
[INFO] 24-07-2024 13:42:31 [main] [LogUtils] - Clicked on the element By.name: login
[INFO] 24-07-2024 13:42:31 [main] [LogUtils] - Test case: genReport is passed.
[INFO] 24-07-2024 13:42:31 [main] [LogUtils] - Driver for Screenshot: ChromeDriver: chrome on windows (404b30a2f70e90a69ece5a8214991f69)
[INFO] 24-07-2024 13:42:31 [main] [LogUtils] - Screenshot taken: genReport
[INFO] 24-07-2024 13:42:31 [main] [LogUtils] - Screenshot taken current URL: https://uat-report.talgroup.com/reportfolder.jsp
[INFO] 24-07-2024 13:42:31 [main] [LogUtils] - ********** RUN FINISHED **********
[INFO] 24-07-2024 13:42:31 [main] [LogUtils] - =====> End Suite: Default Suite
[INFO] 24-07-2024 15:39:00 [main] [LogUtils] - Loaded all properties files.
[INFO] 24-07-2024 15:39:00 [main] [LogUtils] - ********** RUN STARTED **********
[INFO] 24-07-2024 15:39:00 [main] [LogUtils] - ========= INSTALLING CONFIGURATION DATA =========
[INFO] 24-07-2024 15:39:00 [main] [LogUtils] - Loaded all properties files.
[INFO] 24-07-2024 15:39:01 [main] [LogUtils] - OVERRIDE EXTENT REPORTS = no
[INFO] 24-07-2024 15:39:01 [main] [LogUtils] - Link Extent Report: D:\ffbf\WebAuto\reports/ExtentReports\24_07_2024_15_39_01_ExtentReports.html
[INFO] 24-07-2024 15:39:01 [main] [LogUtils] - Extent Reports is installed.
[INFO] 24-07-2024 15:39:01 [main] [LogUtils] - ========= INSTALLED CONFIGURATION DATA =========
[INFO] 24-07-2024 15:39:01 [main] [LogUtils] - =====> Starting Suite: Default Suite
[INFO] 24-07-2024 15:39:05 [main] [LogUtils] - Test case: downLoadReport is starting...
[INFO] 24-07-2024 15:39:10 [main] [LogUtils] - Open website with URL: https://uat-report.talgroup.com/
[INFO] 24-07-2024 15:39:10 [main] [LogUtils] - Verify element visible By.name: username
[INFO] 24-07-2024 15:39:10 [main] [LogUtils] - Verify element visible By.name: username
[INFO] 24-07-2024 15:39:10 [main] [LogUtils] - Clear and Fill techvify5 on By.name: username
[INFO] 24-07-2024 15:39:10 [main] [LogUtils] - Verify element visible By.name: password
[INFO] 24-07-2024 15:39:10 [main] [LogUtils] - Verify element visible By.name: password
[INFO] 24-07-2024 15:39:10 [main] [LogUtils] - Clear and Fill exj?6RTakxrh on By.name: password
[INFO] 24-07-2024 15:39:12 [main] [LogUtils] - Clicked on the element By.name: login
[INFO] 24-07-2024 15:39:12 [main] [LogUtils] - Clicked on the element By.xpath: /html/body/table[2]/tbody/tr/td/table[2]/tbody/tr/td/table/tbody/tr[5]/td[2]/a[8]
[INFO] 24-07-2024 15:39:13 [main] [LogUtils] - Clicked on the element By.xpath: /html/body/table[3]/tbody/tr/td/table[1]/tbody/tr/td[2]/a
[INFO] 24-07-2024 15:39:13 [main] [LogUtils] - Verify Option Selected by text: Today
[ERROR] 24-07-2024 15:39:13 [main] [LogUtils] - FAILED !! Test case downLoadReport is failed.
[ERROR] 24-07-2024 15:39:13 [main] [LogUtils] - java.lang.AssertionError: The option NOT selected. By.name: sp expected [3 Days] but found [Today]
[INFO] 24-07-2024 15:39:13 [main] [LogUtils] - Driver for Screenshot: ChromeDriver: chrome on windows (834ac7cad6352bc4f14a45a48463f410)
[INFO] 24-07-2024 15:39:14 [main] [LogUtils] - Screenshot taken: downLoadReport
[INFO] 24-07-2024 15:39:14 [main] [LogUtils] - Screenshot taken current URL: https://uat-report.talgroup.com/output.jsp?id=DST0052DX
[INFO] 24-07-2024 15:39:14 [main] [LogUtils] - ********** RUN FINISHED **********
[INFO] 24-07-2024 15:39:14 [main] [LogUtils] - =====> End Suite: Default Suite
