[INFO] 25-07-2024 11:31:00 [main] [WinAppLogUtils] - Loaded all properties files.
[INFO] 25-07-2024 11:31:00 [main] [WinAppLogUtils] - ********** RUN STARTED **********
[INFO] 25-07-2024 11:31:00 [main] [WinAppLogUtils] - ========= INSTALLING CONFIGURATION DATA =========
[INFO] 25-07-2024 11:31:00 [main] [WinAppLogUtils] - Loaded all properties files.
[INFO] 25-07-2024 11:31:00 [main] [WinAppLogUtils] - OVERRIDE EXTENT REPORTS = no
[INFO] 25-07-2024 11:31:00 [main] [WinAppLogUtils] - Link Extent Report: D:\ffbf\WinAuto\reports/ExtentReports\25_07_2024_11_31_00_ExtentReports.html
[INFO] 25-07-2024 11:31:00 [main] [WinAppLogUtils] - Extent Reports is installed.
[INFO] 25-07-2024 11:31:00 [main] [WinAppLogUtils] - ========= INSTALLED CONFIGURATION DATA =========
[INFO] 25-07-2024 11:31:00 [main] [WinAppLogUtils] - =====> Starting Suite: Default Suite
[INFO] 25-07-2024 11:31:01 [main] [WinAppLogUtils] - Start create driver
[INFO] 25-07-2024 11:31:01 [main] [WinAppLogUtils] - Create Driver Fail
[INFO] 25-07-2024 11:31:01 [main] [WinAppLogUtils] - Test case: test is starting...
[INFO] 25-07-2024 11:31:01 [main] [LogUtils] - Warning !! Can not Load File: D:\ffbf\WinAuto\WebAuto\src/test/resources/config/config.properties
[INFO] 25-07-2024 11:31:01 [main] [LogUtils] - Warning !! Can not Load All File.
[ERROR] 25-07-2024 11:31:01 [main] [WinAppLogUtils] - FAILED !! Test case test is failed.
[ERROR] 25-07-2024 11:31:01 [main] [WinAppLogUtils] - java.lang.ExceptionInInitializerError
[ERROR] 25-07-2024 11:31:01 [main] [WinAppLogUtils] - FAILED !! Test case test is failed.
[ERROR] 25-07-2024 11:31:01 [main] [WinAppLogUtils] - java.lang.NoClassDefFoundError: Could not initialize class com.UIAutomation.constants.Constants
[INFO] 25-07-2024 11:31:01 [main] [WinAppLogUtils] - ********** RUN FINISHED **********
[INFO] 25-07-2024 11:31:01 [main] [WinAppLogUtils] - =====> End Suite: Default Suite
[INFO] 25-07-2024 15:10:51 [main] [WinAppLogUtils] - Loaded all properties files.
[INFO] 25-07-2024 15:10:51 [main] [WinAppLogUtils] - ********** RUN STARTED **********
[INFO] 25-07-2024 15:10:51 [main] [WinAppLogUtils] - ========= INSTALLING CONFIGURATION DATA =========
[INFO] 25-07-2024 15:10:51 [main] [WinAppLogUtils] - Loaded all properties files.
[INFO] 25-07-2024 15:10:51 [main] [WinAppLogUtils] - OVERRIDE EXTENT REPORTS = no
[INFO] 25-07-2024 15:10:51 [main] [WinAppLogUtils] - Link Extent Report: D:\ffbf\WinAuto\reports/ExtentReports\25_07_2024_15_10_51_ExtentReports.html
[INFO] 25-07-2024 15:10:51 [main] [WinAppLogUtils] - Extent Reports is installed.
[INFO] 25-07-2024 15:10:51 [main] [WinAppLogUtils] - ========= INSTALLED CONFIGURATION DATA =========
[INFO] 25-07-2024 15:10:51 [main] [WinAppLogUtils] - =====> Starting Suite: Win Tests
[INFO] 25-07-2024 15:10:51 [main] [WinAppLogUtils] - Start create driver
[INFO] 25-07-2024 15:10:52 [main] [WinAppLogUtils] - Create Driver Fail
[INFO] 25-07-2024 15:10:52 [main] [WinAppLogUtils] - Test case: test is starting...
[INFO] 25-07-2024 15:10:52 [main] [LogUtils] - Warning !! Can not Load File: D:\ffbf\WinAuto\WebAuto\src/test/resources/config/config.properties
[INFO] 25-07-2024 15:10:52 [main] [LogUtils] - Warning !! Can not Load All File.
[ERROR] 25-07-2024 15:10:52 [main] [WinAppLogUtils] - FAILED !! Test case test is failed.
[ERROR] 25-07-2024 15:10:52 [main] [WinAppLogUtils] - java.lang.ExceptionInInitializerError
[ERROR] 25-07-2024 15:10:52 [main] [WinAppLogUtils] - FAILED !! Test case test is failed.
[ERROR] 25-07-2024 15:10:52 [main] [WinAppLogUtils] - java.lang.NoClassDefFoundError: Could not initialize class com.UIAutomation.constants.Constants
[INFO] 25-07-2024 15:10:52 [main] [WinAppLogUtils] - ********** RUN FINISHED **********
[INFO] 25-07-2024 15:10:52 [main] [WinAppLogUtils] - =====> End Suite: Win Tests
[INFO] 25-07-2024 15:11:11 [main] [WinAppLogUtils] - Loaded all properties files.
[INFO] 25-07-2024 15:11:11 [main] [WinAppLogUtils] - ********** RUN STARTED **********
[INFO] 25-07-2024 15:11:11 [main] [WinAppLogUtils] - ========= INSTALLING CONFIGURATION DATA =========
[INFO] 25-07-2024 15:11:11 [main] [WinAppLogUtils] - Loaded all properties files.
[INFO] 25-07-2024 15:11:11 [main] [WinAppLogUtils] - OVERRIDE EXTENT REPORTS = no
[INFO] 25-07-2024 15:11:11 [main] [WinAppLogUtils] - Link Extent Report: D:\ffbf\WinAuto\reports/ExtentReports\25_07_2024_15_11_11_ExtentReports.html
[INFO] 25-07-2024 15:11:11 [main] [WinAppLogUtils] - Extent Reports is installed.
[INFO] 25-07-2024 15:11:11 [main] [WinAppLogUtils] - ========= INSTALLED CONFIGURATION DATA =========
[INFO] 25-07-2024 15:11:11 [main] [WinAppLogUtils] - =====> Starting Suite: Win Tests
[INFO] 25-07-2024 15:11:12 [main] [WinAppLogUtils] - Start create driver
[INFO] 25-07-2024 15:11:19 [main] [WinAppLogUtils] - Create Driver Fail
[INFO] 25-07-2024 15:11:19 [main] [WinAppLogUtils] - Test case: test is starting...
[INFO] 25-07-2024 15:11:19 [main] [LogUtils] - Warning !! Can not Load File: D:\ffbf\WinAuto\WebAuto\src/test/resources/config/config.properties
[INFO] 25-07-2024 15:11:19 [main] [LogUtils] - Warning !! Can not Load All File.
[ERROR] 25-07-2024 15:11:19 [main] [WinAppLogUtils] - FAILED !! Test case test is failed.
[ERROR] 25-07-2024 15:11:19 [main] [WinAppLogUtils] - java.lang.ExceptionInInitializerError
[ERROR] 25-07-2024 15:11:19 [main] [WinAppLogUtils] - FAILED !! Test case test is failed.
[ERROR] 25-07-2024 15:11:19 [main] [WinAppLogUtils] - java.lang.NoClassDefFoundError: Could not initialize class com.UIAutomation.constants.Constants
[INFO] 25-07-2024 15:11:19 [main] [WinAppLogUtils] - ********** RUN FINISHED **********
[INFO] 25-07-2024 15:11:19 [main] [WinAppLogUtils] - =====> End Suite: Win Tests
[INFO] 25-07-2024 15:11:28 [main] [WinAppLogUtils] - Loaded all properties files.
[INFO] 25-07-2024 15:11:28 [main] [WinAppLogUtils] - ********** RUN STARTED **********
[INFO] 25-07-2024 15:11:28 [main] [WinAppLogUtils] - ========= INSTALLING CONFIGURATION DATA =========
[INFO] 25-07-2024 15:11:28 [main] [WinAppLogUtils] - Loaded all properties files.
[INFO] 25-07-2024 15:11:28 [main] [WinAppLogUtils] - OVERRIDE EXTENT REPORTS = no
[INFO] 25-07-2024 15:11:28 [main] [WinAppLogUtils] - Link Extent Report: D:\ffbf\WinAuto\reports/ExtentReports\25_07_2024_15_11_28_ExtentReports.html
[INFO] 25-07-2024 15:11:28 [main] [WinAppLogUtils] - Extent Reports is installed.
[INFO] 25-07-2024 15:11:28 [main] [WinAppLogUtils] - ========= INSTALLED CONFIGURATION DATA =========
[INFO] 25-07-2024 15:11:28 [main] [WinAppLogUtils] - =====> Starting Suite: Win Tests
[INFO] 25-07-2024 15:11:28 [main] [WinAppLogUtils] - Start create driver
[INFO] 25-07-2024 15:11:39 [main] [WinAppLogUtils] - Test case: test is starting...
[INFO] 25-07-2024 15:11:39 [main] [LogUtils] - Warning !! Can not Load File: D:\ffbf\WinAuto\WebAuto\src/test/resources/config/config.properties
[INFO] 25-07-2024 15:11:39 [main] [LogUtils] - Warning !! Can not Load All File.
[ERROR] 25-07-2024 15:11:39 [main] [WinAppLogUtils] - FAILED !! Test case test is failed.
[ERROR] 25-07-2024 15:11:39 [main] [WinAppLogUtils] - java.lang.ExceptionInInitializerError
[ERROR] 25-07-2024 15:11:39 [main] [WinAppLogUtils] - FAILED !! Test case test is failed.
[ERROR] 25-07-2024 15:11:39 [main] [WinAppLogUtils] - java.lang.NoClassDefFoundError: Could not initialize class com.UIAutomation.constants.Constants
[INFO] 25-07-2024 15:11:39 [main] [WinAppLogUtils] - ********** RUN FINISHED **********
[INFO] 25-07-2024 15:11:39 [main] [WinAppLogUtils] - =====> End Suite: Win Tests
[INFO] 25-07-2024 15:14:07 [main] [WinAppLogUtils] - Loaded all properties files.
[INFO] 25-07-2024 15:14:07 [main] [WinAppLogUtils] - ********** RUN STARTED **********
[INFO] 25-07-2024 15:14:07 [main] [WinAppLogUtils] - ========= INSTALLING CONFIGURATION DATA =========
[INFO] 25-07-2024 15:14:07 [main] [WinAppLogUtils] - Loaded all properties files.
[INFO] 25-07-2024 15:14:08 [main] [WinAppLogUtils] - OVERRIDE EXTENT REPORTS = no
[INFO] 25-07-2024 15:14:08 [main] [WinAppLogUtils] - Link Extent Report: D:\ffbf\WinAuto\reports/ExtentReports\25_07_2024_15_14_08_ExtentReports.html
[INFO] 25-07-2024 15:14:08 [main] [WinAppLogUtils] - Extent Reports is installed.
[INFO] 25-07-2024 15:14:08 [main] [WinAppLogUtils] - ========= INSTALLED CONFIGURATION DATA =========
[INFO] 25-07-2024 15:14:08 [main] [WinAppLogUtils] - =====> Starting Suite: Win Tests
[INFO] 25-07-2024 15:14:08 [main] [WinAppLogUtils] - Start create driver
[INFO] 25-07-2024 15:14:20 [main] [WinAppLogUtils] - Test case: test is starting...
[INFO] 25-07-2024 15:14:20 [main] [LogUtils] - Warning !! Can not Load File: D:\ffbf\WinAuto\WebAuto\src/test/resources/config/config.properties
[INFO] 25-07-2024 15:14:20 [main] [LogUtils] - Warning !! Can not Load All File.
[ERROR] 25-07-2024 15:14:20 [main] [WinAppLogUtils] - FAILED !! Test case test is failed.
[ERROR] 25-07-2024 15:14:20 [main] [WinAppLogUtils] - java.lang.ExceptionInInitializerError
[ERROR] 25-07-2024 15:14:20 [main] [WinAppLogUtils] - FAILED !! Test case test is failed.
[ERROR] 25-07-2024 15:14:20 [main] [WinAppLogUtils] - java.lang.NoClassDefFoundError: Could not initialize class com.UIAutomation.constants.Constants
[INFO] 25-07-2024 15:14:20 [main] [WinAppLogUtils] - ********** RUN FINISHED **********
[INFO] 25-07-2024 15:14:20 [main] [WinAppLogUtils] - =====> End Suite: Win Tests
[INFO] 25-07-2024 15:20:39 [main] [WinAppLogUtils] - Loaded all properties files.
[INFO] 25-07-2024 15:21:21 [main] [WinAppLogUtils] - ********** RUN STARTED **********
[INFO] 25-07-2024 15:21:21 [main] [WinAppLogUtils] - ========= INSTALLING CONFIGURATION DATA =========
[INFO] 25-07-2024 15:21:21 [main] [WinAppLogUtils] - Loaded all properties files.
[INFO] 25-07-2024 15:21:21 [main] [WinAppLogUtils] - OVERRIDE EXTENT REPORTS = no
[INFO] 25-07-2024 15:21:21 [main] [WinAppLogUtils] - Link Extent Report: D:\ffbf\WinAuto\reports/ExtentReports\25_07_2024_15_21_21_ExtentReports.html
[INFO] 25-07-2024 15:21:21 [main] [WinAppLogUtils] - Extent Reports is installed.
[INFO] 25-07-2024 15:21:21 [main] [WinAppLogUtils] - ========= INSTALLED CONFIGURATION DATA =========
[INFO] 25-07-2024 15:21:21 [main] [WinAppLogUtils] - =====> Starting Suite: Win Tests
[INFO] 25-07-2024 15:21:22 [main] [WinAppLogUtils] - Start create driver
[INFO] 25-07-2024 15:21:37 [main] [WinAppLogUtils] - Test case: test is starting...
[INFO] 25-07-2024 15:21:49 [main] [LogUtils] - Warning !! Can not Load File: D:\ffbf\WinAuto\WebAuto\src/test/resources/config/config.properties
[INFO] 25-07-2024 15:21:49 [main] [LogUtils] - Warning !! Can not Load All File.
[ERROR] 25-07-2024 15:21:56 [main] [WinAppLogUtils] - FAILED !! Test case test is failed.
[ERROR] 25-07-2024 15:21:56 [main] [WinAppLogUtils] - java.lang.ExceptionInInitializerError
[ERROR] 25-07-2024 15:21:57 [main] [WinAppLogUtils] - FAILED !! Test case test is failed.
[ERROR] 25-07-2024 15:21:57 [main] [WinAppLogUtils] - java.lang.NoClassDefFoundError: Could not initialize class com.UIAutomation.constants.Constants
[INFO] 25-07-2024 15:21:57 [main] [WinAppLogUtils] - ********** RUN FINISHED **********
[INFO] 25-07-2024 15:21:57 [main] [WinAppLogUtils] - =====> End Suite: Win Tests
[INFO] 25-07-2024 15:25:05 [main] [WinAppLogUtils] - Loaded all properties files.
[INFO] 25-07-2024 15:25:05 [main] [WinAppLogUtils] - ********** RUN STARTED **********
[INFO] 25-07-2024 15:25:05 [main] [WinAppLogUtils] - ========= INSTALLING CONFIGURATION DATA =========
[INFO] 25-07-2024 15:25:05 [main] [WinAppLogUtils] - Loaded all properties files.
[INFO] 25-07-2024 15:25:05 [main] [WinAppLogUtils] - OVERRIDE EXTENT REPORTS = no
[INFO] 25-07-2024 15:25:05 [main] [WinAppLogUtils] - Link Extent Report: D:\ffbf\WinAuto\reports/ExtentReports\25_07_2024_15_25_05_ExtentReports.html
[INFO] 25-07-2024 15:25:05 [main] [WinAppLogUtils] - Extent Reports is installed.
[INFO] 25-07-2024 15:25:05 [main] [WinAppLogUtils] - ========= INSTALLED CONFIGURATION DATA =========
[INFO] 25-07-2024 15:25:05 [main] [WinAppLogUtils] - =====> Starting Suite: Win Tests
[INFO] 25-07-2024 15:25:05 [main] [WinAppLogUtils] - Start create driver
[INFO] 25-07-2024 15:25:16 [main] [WinAppLogUtils] - Test case: test is starting...
[INFO] 25-07-2024 15:25:16 [main] [WinAppLogUtils] - Starting test........
[INFO] 25-07-2024 15:25:18 [main] [WinAppLogUtils] - Clear and Fill techvify5 on By.accessibilityId: User
[INFO] 25-07-2024 15:25:20 [main] [WinAppLogUtils] - Clear and Fill exj?6RTakxrh on By.accessibilityId: Password
[INFO] 25-07-2024 15:25:22 [main] [WinAppLogUtils] - Clicked on the element By.accessibilityId: SignIn
[INFO] 25-07-2024 15:25:35 [main] [WinAppLogUtils] - Wait By.accessibilityId: PART_CopyRight Invisible
[INFO] 25-07-2024 15:25:44 [main] [WinAppLogUtils] - Test case: test is passed.
[INFO] 25-07-2024 15:25:44 [main] [WinAppLogUtils] - Driver for Screenshot: io.appium.java_client.windows.WindowsDriver, Capabilities: {app=C:/Users/david.le/AppData/Local/Apps/2.0/QKJWK9HE.2O8/N6EXPK7D.ZX8/http..tion_52eb4aef56c70532_0009.0001_da8e1d62a18c082e/LawsonClient.exe, javascriptEnabled=true, ms:waitForAppLaunch=5, platform=WINDOWS, platformName=windows}
[INFO] 25-07-2024 15:25:44 [main] [WinAppLogUtils] - Screenshot taken: test
[INFO] 25-07-2024 15:25:47 [main] [WinAppLogUtils] - ********** RUN FINISHED **********
[INFO] 25-07-2024 15:25:47 [main] [WinAppLogUtils] - =====> End Suite: Win Tests
[INFO] 25-07-2024 15:31:28 [main] [WinAppLogUtils] - Loaded all properties files.
[INFO] 25-07-2024 15:31:28 [main] [WinAppLogUtils] - ********** RUN STARTED **********
[INFO] 25-07-2024 15:31:28 [main] [WinAppLogUtils] - ========= INSTALLING CONFIGURATION DATA =========
[INFO] 25-07-2024 15:31:28 [main] [WinAppLogUtils] - Loaded all properties files.
[INFO] 25-07-2024 15:31:28 [main] [WinAppLogUtils] - OVERRIDE EXTENT REPORTS = no
[INFO] 25-07-2024 15:31:28 [main] [WinAppLogUtils] - Link Extent Report: D:\ffbf\WinAuto\reports/ExtentReports\25_07_2024_15_31_28_ExtentReports.html
[INFO] 25-07-2024 15:31:29 [main] [WinAppLogUtils] - Extent Reports is installed.
[INFO] 25-07-2024 15:31:29 [main] [WinAppLogUtils] - ========= INSTALLED CONFIGURATION DATA =========
[INFO] 25-07-2024 15:31:29 [main] [WinAppLogUtils] - =====> Starting Suite: Win Tests
[INFO] 25-07-2024 15:31:29 [main] [WinAppLogUtils] - Start create driver
[INFO] 25-07-2024 15:31:37 [main] [WinAppLogUtils] - Test case: test is starting...
[INFO] 25-07-2024 15:31:37 [main] [WinAppLogUtils] - Starting test........
[INFO] 25-07-2024 15:31:46 [main] [WinAppLogUtils] - Test case: test is passed.
[INFO] 25-07-2024 15:31:46 [main] [WinAppLogUtils] - Driver for Screenshot: io.appium.java_client.windows.WindowsDriver, Capabilities: {app=C:/Users/david.le/AppData/Local/Apps/2.0/QKJWK9HE.2O8/N6EXPK7D.ZX8/http..tion_52eb4aef56c70532_0009.0001_da8e1d62a18c082e/LawsonClient.exe, javascriptEnabled=true, ms:waitForAppLaunch=5, platform=WINDOWS, platformName=windows}
[ERROR] 25-07-2024 15:31:46 [main] [WinAppLogUtils] - FAILED !! Test case test is failed.
[ERROR] 25-07-2024 15:31:46 [main] [WinAppLogUtils] - org.openqa.selenium.WebDriverException: An unknown error occurred in the remote end while processing the command. (WARNING: The server did not provide any stacktrace information)
Command duration or timeout: 0 milliseconds
Build info: version: '3.14.0', revision: 'aacccce0', time: '2018-08-02T20:19:58.91Z'
System info: host: 'D1-TRONGLV', ip: '10.50.89.169', os.name: 'Windows 10', os.arch: 'amd64', os.version: '10.0', java.version: '21.0.4'
Driver info: io.appium.java_client.windows.WindowsDriver
Capabilities {app: C:/Users/david.le/AppData/L..., javascriptEnabled: true, ms:waitForAppLaunch: 5, platform: WINDOWS, platformName: windows}
Session ID: 6D12816E-2A19-4E72-A920-3D848AE82E86
[INFO] 25-07-2024 15:31:46 [main] [WinAppLogUtils] - Driver for Screenshot: io.appium.java_client.windows.WindowsDriver, Capabilities: {app=C:/Users/david.le/AppData/Local/Apps/2.0/QKJWK9HE.2O8/N6EXPK7D.ZX8/http..tion_52eb4aef56c70532_0009.0001_da8e1d62a18c082e/LawsonClient.exe, javascriptEnabled=true, ms:waitForAppLaunch=5, platform=WINDOWS, platformName=windows}
[INFO] 25-07-2024 15:31:46 [main] [WinAppLogUtils] - ********** RUN FINISHED **********
[INFO] 25-07-2024 15:31:46 [main] [WinAppLogUtils] - =====> End Suite: Win Tests
[INFO] 25-07-2024 15:48:46 [main] [WinAppLogUtils] - Loaded all properties files.
[INFO] 25-07-2024 15:48:46 [main] [WinAppLogUtils] - ********** RUN STARTED **********
[INFO] 25-07-2024 15:48:46 [main] [WinAppLogUtils] - ========= INSTALLING CONFIGURATION DATA =========
[INFO] 25-07-2024 15:48:46 [main] [WinAppLogUtils] - Loaded all properties files.
[INFO] 25-07-2024 15:48:46 [main] [WinAppLogUtils] - OVERRIDE EXTENT REPORTS = no
[INFO] 25-07-2024 15:48:46 [main] [WinAppLogUtils] - Link Extent Report: D:\ffbf\WinAuto\reports/ExtentReports\25_07_2024_15_48_46_ExtentReports.html
[INFO] 25-07-2024 15:48:46 [main] [WinAppLogUtils] - Extent Reports is installed.
[INFO] 25-07-2024 15:48:46 [main] [WinAppLogUtils] - ========= INSTALLED CONFIGURATION DATA =========
[INFO] 25-07-2024 15:48:46 [main] [WinAppLogUtils] - =====> Starting Suite: Win Tests
[INFO] 25-07-2024 15:48:46 [main] [WinAppLogUtils] - Start create driver
[INFO] 25-07-2024 15:48:57 [main] [WinAppLogUtils] - Test case: test is starting...
[INFO] 25-07-2024 15:48:57 [main] [WinAppLogUtils] - Starting test........
[INFO] 25-07-2024 15:48:59 [main] [WinAppLogUtils] - Clear and Fill techvify5 on By.accessibilityId: User
[INFO] 25-07-2024 15:49:01 [main] [WinAppLogUtils] - Clear and Fill exj?6RTakxrh on By.accessibilityId: Password
[INFO] 25-07-2024 15:49:03 [main] [WinAppLogUtils] - Clicked on the element By.accessibilityId: SignIn
[INFO] 25-07-2024 15:49:09 [main] [WinAppLogUtils] - Wait By.accessibilityId: PART_CopyRight Invisible
[INFO] 25-07-2024 15:49:09 [main] [WinAppLogUtils] - Test case: test is passed.
[INFO] 25-07-2024 15:49:09 [main] [WinAppLogUtils] - Driver for Screenshot: io.appium.java_client.windows.WindowsDriver, Capabilities: {app=C:/Users/david.le/AppData/Local/Apps/2.0/QKJWK9HE.2O8/N6EXPK7D.ZX8/http..tion_52eb4aef56c70532_0009.0001_da8e1d62a18c082e/LawsonClient.exe, javascriptEnabled=true, ms:waitForAppLaunch=5, platform=WINDOWS, platformName=windows}
[ERROR] 25-07-2024 15:49:09 [main] [WinAppLogUtils] - FAILED !! Test case test is failed.
[ERROR] 25-07-2024 15:49:09 [main] [WinAppLogUtils] - org.openqa.selenium.NoSuchWindowException: Currently selected window has been closed (WARNING: The server did not provide any stacktrace information)
Command duration or timeout: 0 milliseconds
Build info: version: '3.14.0', revision: 'aacccce0', time: '2018-08-02T20:19:58.91Z'
System info: host: 'D1-TRONGLV', ip: '10.50.89.169', os.name: 'Windows 10', os.arch: 'amd64', os.version: '10.0', java.version: '21.0.4'
Driver info: io.appium.java_client.windows.WindowsDriver
Capabilities {app: C:/Users/david.le/AppData/L..., javascriptEnabled: true, ms:waitForAppLaunch: 5, platform: WINDOWS, platformName: windows}
Session ID: DC230DC2-DC61-417C-A908-3EDC484BAFB9
[INFO] 25-07-2024 15:49:09 [main] [WinAppLogUtils] - Driver for Screenshot: io.appium.java_client.windows.WindowsDriver, Capabilities: {app=C:/Users/david.le/AppData/Local/Apps/2.0/QKJWK9HE.2O8/N6EXPK7D.ZX8/http..tion_52eb4aef56c70532_0009.0001_da8e1d62a18c082e/LawsonClient.exe, javascriptEnabled=true, ms:waitForAppLaunch=5, platform=WINDOWS, platformName=windows}
[INFO] 25-07-2024 15:49:10 [main] [WinAppLogUtils] - ********** RUN FINISHED **********
[INFO] 25-07-2024 15:49:10 [main] [WinAppLogUtils] - =====> End Suite: Win Tests
[INFO] 25-07-2024 15:53:42 [main] [WinAppLogUtils] - Loaded all properties files.
[INFO] 25-07-2024 15:53:42 [main] [WinAppLogUtils] - ********** RUN STARTED **********
[INFO] 25-07-2024 15:53:42 [main] [WinAppLogUtils] - ========= INSTALLING CONFIGURATION DATA =========
[INFO] 25-07-2024 15:53:42 [main] [WinAppLogUtils] - Loaded all properties files.
[INFO] 25-07-2024 15:53:42 [main] [WinAppLogUtils] - OVERRIDE EXTENT REPORTS = no
[INFO] 25-07-2024 15:53:42 [main] [WinAppLogUtils] - Link Extent Report: D:\ffbf\WinAuto\reports/ExtentReports\25_07_2024_15_53_42_ExtentReports.html
[INFO] 25-07-2024 15:53:42 [main] [WinAppLogUtils] - Extent Reports is installed.
[INFO] 25-07-2024 15:53:42 [main] [WinAppLogUtils] - ========= INSTALLED CONFIGURATION DATA =========
[INFO] 25-07-2024 15:53:42 [main] [WinAppLogUtils] - =====> Starting Suite: Win Tests
[INFO] 25-07-2024 15:53:58 [main] [WinAppLogUtils] - Test case: test is starting...
[INFO] 25-07-2024 15:54:00 [main] [WinAppLogUtils] - Clear and Fill techvify5 on By.accessibilityId: User
[INFO] 25-07-2024 15:54:02 [main] [WinAppLogUtils] - Clear and Fill exj?6RTakxrh on By.accessibilityId: Password
[INFO] 25-07-2024 15:54:04 [main] [WinAppLogUtils] - Clicked on the element By.accessibilityId: SignIn
[INFO] 25-07-2024 15:54:20 [main] [WinAppLogUtils] - Wait By.accessibilityId: PART_CopyRight Invisible
[INFO] 25-07-2024 15:54:24 [main] [WinAppLogUtils] - Test case: test is passed.
[INFO] 25-07-2024 15:54:24 [main] [WinAppLogUtils] - Driver for Screenshot: io.appium.java_client.windows.WindowsDriver, Capabilities: {app=C:/Users/david.le/AppData/Local/Apps/2.0/QKJWK9HE.2O8/N6EXPK7D.ZX8/http..tion_52eb4aef56c70532_0009.0001_da8e1d62a18c082e/LawsonClient.exe, javascriptEnabled=true, ms:waitForAppLaunch=10, platform=WINDOWS, platformName=windows}
[INFO] 25-07-2024 15:54:24 [main] [WinAppLogUtils] - Screenshot taken: test
[INFO] 25-07-2024 15:54:27 [main] [WinAppLogUtils] - ********** RUN FINISHED **********
[INFO] 25-07-2024 15:54:27 [main] [WinAppLogUtils] - =====> End Suite: Win Tests
[INFO] 25-07-2024 17:27:22 [main] [WinAppLogUtils] - Loaded all properties files.
[INFO] 25-07-2024 17:27:22 [main] [WinAppLogUtils] - ********** RUN STARTED **********
[INFO] 25-07-2024 17:27:22 [main] [WinAppLogUtils] - ========= INSTALLING CONFIGURATION DATA =========
[INFO] 25-07-2024 17:27:22 [main] [WinAppLogUtils] - Loaded all properties files.
[INFO] 25-07-2024 17:27:22 [main] [WinAppLogUtils] - OVERRIDE EXTENT REPORTS = no
[INFO] 25-07-2024 17:27:22 [main] [WinAppLogUtils] - Link Extent Report: D:\ffbf\WinAuto\reports/ExtentReports\25_07_2024_17_27_22_ExtentReports.html
[INFO] 25-07-2024 17:27:22 [main] [WinAppLogUtils] - Extent Reports is installed.
[INFO] 25-07-2024 17:27:22 [main] [WinAppLogUtils] - ========= INSTALLED CONFIGURATION DATA =========
[INFO] 25-07-2024 17:27:22 [main] [WinAppLogUtils] - =====> Starting Suite: Win Tests
[INFO] 25-07-2024 17:27:40 [main] [WinAppLogUtils] - Test case: test is starting...
[INFO] 25-07-2024 17:27:42 [main] [WinAppLogUtils] - Clear and Fill techvify5 on By.accessibilityId: User
[INFO] 25-07-2024 17:27:45 [main] [WinAppLogUtils] - Clear and Fill exj?6RTakxrh on By.accessibilityId: Password
[INFO] 25-07-2024 17:27:47 [main] [WinAppLogUtils] - Clicked on the element By.accessibilityId: SignIn
[INFO] 25-07-2024 17:28:06 [main] [WinAppLogUtils] - Wait By.accessibilityId: PART_CopyRight Invisible
[INFO] 25-07-2024 17:28:13 [main] [WinAppLogUtils] - Test case: test is passed.
[INFO] 25-07-2024 17:28:13 [main] [WinAppLogUtils] - Driver for Screenshot: io.appium.java_client.windows.WindowsDriver, Capabilities: {app=C:/Users/david.le/AppData/Local/Apps/2.0/QKJWK9HE.2O8/N6EXPK7D.ZX8/http..tion_52eb4aef56c70532_0009.0001_da8e1d62a18c082e/LawsonClient.exe, javascriptEnabled=true, ms:waitForAppLaunch=10, platform=WINDOWS, platformName=windows}
[INFO] 25-07-2024 17:28:13 [main] [WinAppLogUtils] - Screenshot taken: test
[INFO] 25-07-2024 17:28:16 [main] [WinAppLogUtils] - ********** RUN FINISHED **********
[INFO] 25-07-2024 17:28:16 [main] [WinAppLogUtils] - =====> End Suite: Win Tests
