[INFO] 26-07-2024 09:09:55 [main] [WinAppLogUtils] - Loaded all properties files.
[INFO] 26-07-2024 09:09:55 [main] [WinAppLogUtils] - ********** RUN STARTED **********
[INFO] 26-07-2024 09:09:55 [main] [WinAppLogUtils] - ========= INSTALLING CONFIGURATION DATA =========
[INFO] 26-07-2024 09:09:55 [main] [WinAppLogUtils] - Loaded all properties files.
[INFO] 26-07-2024 09:09:55 [main] [WinAppLogUtils] - OVERRIDE EXTENT REPORTS = no
[INFO] 26-07-2024 09:09:55 [main] [WinAppLogUtils] - Link Extent Report: D:\ffbf\WinAuto\reports/ExtentReports\26_07_2024_09_09_55_ExtentReports.html
[INFO] 26-07-2024 09:09:55 [main] [WinAppLogUtils] - Extent Reports is installed.
[INFO] 26-07-2024 09:09:55 [main] [WinAppLogUtils] - ========= INSTALLED CONFIGURATION DATA =========
[INFO] 26-07-2024 09:09:55 [main] [WinAppLogUtils] - =====> Starting Suite: Win Tests
[INFO] 26-07-2024 09:10:20 [main] [WinAppLogUtils] - Create Driver Fail
[INFO] 26-07-2024 09:10:20 [main] [WinAppLogUtils] - Test case: test is starting...
[INFO] 26-07-2024 09:10:20 [main] [WinAppLogUtils] - Test case: test is passed.
[INFO] 26-07-2024 09:10:20 [main] [WinAppLogUtils] - Driver for Screenshot: null
[ERROR] 26-07-2024 09:10:20 [main] [WinAppLogUtils] - FAILED !! Test case test is failed.
[ERROR] 26-07-2024 09:10:20 [main] [WinAppLogUtils] - java.lang.NullPointerException: Cannot invoke "org.openqa.selenium.TakesScreenshot.getScreenshotAs(org.openqa.selenium.OutputType)" because the return value of "com.WinUIAutomation.driver.WinAppDriverManagement.getDriver()" is null
[INFO] 26-07-2024 09:10:20 [main] [WinAppLogUtils] - Driver for Screenshot: null
[INFO] 26-07-2024 09:10:20 [main] [WinAppLogUtils] - ********** RUN FINISHED **********
[INFO] 26-07-2024 09:10:20 [main] [WinAppLogUtils] - =====> End Suite: Win Tests
[INFO] 26-07-2024 09:12:02 [main] [WinAppLogUtils] - Loaded all properties files.
[INFO] 26-07-2024 09:12:02 [main] [WinAppLogUtils] - ********** RUN STARTED **********
[INFO] 26-07-2024 09:12:02 [main] [WinAppLogUtils] - ========= INSTALLING CONFIGURATION DATA =========
[INFO] 26-07-2024 09:12:02 [main] [WinAppLogUtils] - Loaded all properties files.
[INFO] 26-07-2024 09:12:02 [main] [WinAppLogUtils] - OVERRIDE EXTENT REPORTS = no
[INFO] 26-07-2024 09:12:02 [main] [WinAppLogUtils] - Link Extent Report: D:\ffbf\WinAuto\reports/ExtentReports\26_07_2024_09_12_02_ExtentReports.html
[INFO] 26-07-2024 09:12:02 [main] [WinAppLogUtils] - Extent Reports is installed.
[INFO] 26-07-2024 09:12:02 [main] [WinAppLogUtils] - ========= INSTALLED CONFIGURATION DATA =========
[INFO] 26-07-2024 09:12:02 [main] [WinAppLogUtils] - =====> Starting Suite: Win Tests
[INFO] 26-07-2024 09:16:05 [main] [WinAppLogUtils] - Create Driver Fail
[INFO] 26-07-2024 09:16:05 [main] [WinAppLogUtils] - Test case: test is starting...
[INFO] 26-07-2024 09:16:05 [main] [WinAppLogUtils] - Test case: test is passed.
[INFO] 26-07-2024 09:16:05 [main] [WinAppLogUtils] - Driver for Screenshot: null
[ERROR] 26-07-2024 09:16:05 [main] [WinAppLogUtils] - FAILED !! Test case test is failed.
[ERROR] 26-07-2024 09:16:05 [main] [WinAppLogUtils] - java.lang.NullPointerException: Cannot invoke "org.openqa.selenium.TakesScreenshot.getScreenshotAs(org.openqa.selenium.OutputType)" because the return value of "com.WinUIAutomation.driver.WinAppDriverManagement.getDriver()" is null
[INFO] 26-07-2024 09:16:05 [main] [WinAppLogUtils] - Driver for Screenshot: null
[INFO] 26-07-2024 09:16:05 [main] [WinAppLogUtils] - ********** RUN FINISHED **********
[INFO] 26-07-2024 09:16:05 [main] [WinAppLogUtils] - =====> End Suite: Win Tests
[INFO] 26-07-2024 09:16:53 [main] [WinAppLogUtils] - Loaded all properties files.
[INFO] 26-07-2024 09:16:53 [main] [WinAppLogUtils] - ********** RUN STARTED **********
[INFO] 26-07-2024 09:16:53 [main] [WinAppLogUtils] - ========= INSTALLING CONFIGURATION DATA =========
[INFO] 26-07-2024 09:16:53 [main] [WinAppLogUtils] - Loaded all properties files.
[INFO] 26-07-2024 09:16:53 [main] [WinAppLogUtils] - OVERRIDE EXTENT REPORTS = no
[INFO] 26-07-2024 09:16:53 [main] [WinAppLogUtils] - Link Extent Report: D:\ffbf\WinAuto\reports/ExtentReports\26_07_2024_09_16_53_ExtentReports.html
[INFO] 26-07-2024 09:16:53 [main] [WinAppLogUtils] - Extent Reports is installed.
[INFO] 26-07-2024 09:16:53 [main] [WinAppLogUtils] - ========= INSTALLED CONFIGURATION DATA =========
[INFO] 26-07-2024 09:16:53 [main] [WinAppLogUtils] - =====> Starting Suite: Win Tests
[INFO] 26-07-2024 09:17:10 [main] [WinAppLogUtils] - Test case: test is starting...
[INFO] 26-07-2024 09:17:12 [main] [WinAppLogUtils] - Clear and Fill techvify5 on By.accessibilityId: User
[INFO] 26-07-2024 09:17:15 [main] [WinAppLogUtils] - Clear and Fill exj?6RTakxrh on By.accessibilityId: Password
[INFO] 26-07-2024 09:17:17 [main] [WinAppLogUtils] - Clicked on the element By.accessibilityId: SignIn
[INFO] 26-07-2024 09:17:23 [main] [WinAppLogUtils] - Wait By.accessibilityId: PART_CopyRight Invisible
[INFO] 26-07-2024 09:17:23 [main] [WinAppLogUtils] - Test case: test is passed.
[INFO] 26-07-2024 09:17:23 [main] [WinAppLogUtils] - Driver for Screenshot: io.appium.java_client.windows.WindowsDriver, Capabilities: {app=C:/Users/david.le/AppData/Local/Apps/2.0/QKJWK9HE.2O8/N6EXPK7D.ZX8/http..tion_52eb4aef56c70532_0009.0001_da8e1d62a18c082e/LawsonClient.exe, javascriptEnabled=true, ms:waitForAppLaunch=10, platform=WINDOWS, platformName=windows}
[ERROR] 26-07-2024 09:17:23 [main] [WinAppLogUtils] - FAILED !! Test case test is failed.
[ERROR] 26-07-2024 09:17:23 [main] [WinAppLogUtils] - org.openqa.selenium.NoSuchWindowException: Currently selected window has been closed (WARNING: The server did not provide any stacktrace information)
Command duration or timeout: 0 milliseconds
Build info: version: '3.14.0', revision: 'aacccce0', time: '2018-08-02T20:19:58.91Z'
System info: host: 'D1-TRONGLV', ip: '10.50.89.169', os.name: 'Windows 10', os.arch: 'amd64', os.version: '10.0', java.version: '21.0.4'
Driver info: io.appium.java_client.windows.WindowsDriver
Capabilities {app: C:/Users/david.le/AppData/L..., javascriptEnabled: true, ms:waitForAppLaunch: 10, platform: WINDOWS, platformName: windows}
Session ID: 0FA9C02E-F865-401D-920F-431BA28D55DE
[INFO] 26-07-2024 09:17:23 [main] [WinAppLogUtils] - Driver for Screenshot: io.appium.java_client.windows.WindowsDriver, Capabilities: {app=C:/Users/david.le/AppData/Local/Apps/2.0/QKJWK9HE.2O8/N6EXPK7D.ZX8/http..tion_52eb4aef56c70532_0009.0001_da8e1d62a18c082e/LawsonClient.exe, javascriptEnabled=true, ms:waitForAppLaunch=10, platform=WINDOWS, platformName=windows}
[INFO] 26-07-2024 09:17:23 [main] [WinAppLogUtils] - ********** RUN FINISHED **********
[INFO] 26-07-2024 09:17:23 [main] [WinAppLogUtils] - =====> End Suite: Win Tests
[INFO] 26-07-2024 09:28:44 [main] [WinAppLogUtils] - Loaded all properties files.
[INFO] 26-07-2024 09:28:44 [main] [WinAppLogUtils] - ********** RUN STARTED **********
[INFO] 26-07-2024 09:28:44 [main] [WinAppLogUtils] - ========= INSTALLING CONFIGURATION DATA =========
[INFO] 26-07-2024 09:28:44 [main] [WinAppLogUtils] - Loaded all properties files.
[INFO] 26-07-2024 09:28:45 [main] [WinAppLogUtils] - OVERRIDE EXTENT REPORTS = no
[INFO] 26-07-2024 09:28:45 [main] [WinAppLogUtils] - Link Extent Report: D:\ffbf\WinAuto\reports/ExtentReports\26_07_2024_09_28_45_ExtentReports.html
[INFO] 26-07-2024 09:28:45 [main] [WinAppLogUtils] - Extent Reports is installed.
[INFO] 26-07-2024 09:28:45 [main] [WinAppLogUtils] - ========= INSTALLED CONFIGURATION DATA =========
[INFO] 26-07-2024 09:28:45 [main] [WinAppLogUtils] - =====> Starting Suite: Win Tests
[INFO] 26-07-2024 09:28:56 [main] [WinAppLogUtils] - Test case: test is starting...
[INFO] 26-07-2024 09:28:59 [main] [WinAppLogUtils] - Clear and Fill techvify5 on By.accessibilityId: User
[INFO] 26-07-2024 09:29:01 [main] [WinAppLogUtils] - Clear and Fill exj?6RTakxrh on By.accessibilityId: Password
[INFO] 26-07-2024 09:29:03 [main] [WinAppLogUtils] - Clicked on the element By.accessibilityId: SignIn
[INFO] 26-07-2024 09:29:13 [main] [WinAppLogUtils] - Wait By.accessibilityId: PART_CopyRight Invisible
[INFO] 26-07-2024 09:29:17 [main] [WinAppLogUtils] - Test case: test is passed.
[INFO] 26-07-2024 09:29:17 [main] [WinAppLogUtils] - Driver for Screenshot: io.appium.java_client.windows.WindowsDriver, Capabilities: {app=C:/Users/david.le/AppData/Local/Apps/2.0/QKJWK9HE.2O8/N6EXPK7D.ZX8/http..tion_52eb4aef56c70532_0009.0001_da8e1d62a18c082e/LawsonClient.exe, javascriptEnabled=true, ms:waitForAppLaunch=10, platform=WINDOWS, platformName=windows}
[INFO] 26-07-2024 09:29:17 [main] [WinAppLogUtils] - Screenshot taken: test
[INFO] 26-07-2024 09:29:20 [main] [WinAppLogUtils] - ********** RUN FINISHED **********
[INFO] 26-07-2024 09:29:20 [main] [WinAppLogUtils] - =====> End Suite: Win Tests
[INFO] 26-07-2024 09:31:00 [main] [WinAppLogUtils] - Loaded all properties files.
[INFO] 26-07-2024 09:31:00 [main] [WinAppLogUtils] - ********** RUN STARTED **********
[INFO] 26-07-2024 09:31:00 [main] [WinAppLogUtils] - ========= INSTALLING CONFIGURATION DATA =========
[INFO] 26-07-2024 09:31:00 [main] [WinAppLogUtils] - Loaded all properties files.
[INFO] 26-07-2024 09:31:00 [main] [WinAppLogUtils] - OVERRIDE EXTENT REPORTS = no
[INFO] 26-07-2024 09:31:00 [main] [WinAppLogUtils] - Link Extent Report: D:\ffbf\WinAuto\reports/ExtentReports\26_07_2024_09_31_00_ExtentReports.html
[INFO] 26-07-2024 09:31:00 [main] [WinAppLogUtils] - Extent Reports is installed.
[INFO] 26-07-2024 09:31:00 [main] [WinAppLogUtils] - ========= INSTALLED CONFIGURATION DATA =========
[INFO] 26-07-2024 09:31:00 [main] [WinAppLogUtils] - =====> Starting Suite: Win Tests
[INFO] 26-07-2024 09:31:12 [main] [WinAppLogUtils] - Test case: test is starting...
[INFO] 26-07-2024 09:31:14 [main] [WinAppLogUtils] - Clear and Fill techvify5 on By.accessibilityId: User
[INFO] 26-07-2024 09:31:17 [main] [WinAppLogUtils] - Clear and Fill exj?6RTakxrh on By.accessibilityId: Password
[INFO] 26-07-2024 09:31:17 [main] [WinAppLogUtils] - Test case: test is passed.
[INFO] 26-07-2024 09:31:17 [main] [WinAppLogUtils] - Driver for Screenshot: io.appium.java_client.windows.WindowsDriver, Capabilities: {app=C:/Users/david.le/AppData/Local/Apps/2.0/QKJWK9HE.2O8/N6EXPK7D.ZX8/http..tion_52eb4aef56c70532_0009.0001_da8e1d62a18c082e/LawsonClient.exe, javascriptEnabled=true, ms:waitForAppLaunch=10, platform=WINDOWS, platformName=windows}
[ERROR] 26-07-2024 09:31:17 [main] [WinAppLogUtils] - FAILED !! Test case test is failed.
[ERROR] 26-07-2024 09:31:17 [main] [WinAppLogUtils] - org.openqa.selenium.NoSuchWindowException: Currently selected window has been closed (WARNING: The server did not provide any stacktrace information)
Command duration or timeout: 0 milliseconds
Build info: version: '3.14.0', revision: 'aacccce0', time: '2018-08-02T20:19:58.91Z'
System info: host: 'D1-TRONGLV', ip: '10.50.89.169', os.name: 'Windows 10', os.arch: 'amd64', os.version: '10.0', java.version: '21.0.4'
Driver info: io.appium.java_client.windows.WindowsDriver
Capabilities {app: C:/Users/david.le/AppData/L..., javascriptEnabled: true, ms:waitForAppLaunch: 10, platform: WINDOWS, platformName: windows}
Session ID: 6ABEBEA7-CE8A-430B-BC63-B62DC87713BB
[INFO] 26-07-2024 09:31:17 [main] [WinAppLogUtils] - Driver for Screenshot: io.appium.java_client.windows.WindowsDriver, Capabilities: {app=C:/Users/david.le/AppData/Local/Apps/2.0/QKJWK9HE.2O8/N6EXPK7D.ZX8/http..tion_52eb4aef56c70532_0009.0001_da8e1d62a18c082e/LawsonClient.exe, javascriptEnabled=true, ms:waitForAppLaunch=10, platform=WINDOWS, platformName=windows}
[INFO] 26-07-2024 09:31:17 [main] [WinAppLogUtils] - ********** RUN FINISHED **********
[INFO] 26-07-2024 09:31:17 [main] [WinAppLogUtils] - =====> End Suite: Win Tests
[INFO] 26-07-2024 09:33:18 [main] [WinAppLogUtils] - Loaded all properties files.
[INFO] 26-07-2024 09:33:18 [main] [WinAppLogUtils] - ********** RUN STARTED **********
[INFO] 26-07-2024 09:33:18 [main] [WinAppLogUtils] - ========= INSTALLING CONFIGURATION DATA =========
[INFO] 26-07-2024 09:33:18 [main] [WinAppLogUtils] - Loaded all properties files.
[INFO] 26-07-2024 09:33:18 [main] [WinAppLogUtils] - OVERRIDE EXTENT REPORTS = no
[INFO] 26-07-2024 09:33:18 [main] [WinAppLogUtils] - Link Extent Report: D:\ffbf\WinAuto\reports/ExtentReports\26_07_2024_09_33_18_ExtentReports.html
[INFO] 26-07-2024 09:33:18 [main] [WinAppLogUtils] - Extent Reports is installed.
[INFO] 26-07-2024 09:33:18 [main] [WinAppLogUtils] - ========= INSTALLED CONFIGURATION DATA =========
[INFO] 26-07-2024 09:33:18 [main] [WinAppLogUtils] - =====> Starting Suite: Win Tests
[INFO] 26-07-2024 09:33:34 [main] [WinAppLogUtils] - Test case: test is starting...
[INFO] 26-07-2024 09:33:36 [main] [WinAppLogUtils] - Clear and Fill techvify5 on By.accessibilityId: User
[INFO] 26-07-2024 09:33:39 [main] [WinAppLogUtils] - Clear and Fill exj?6RTakxrh on By.accessibilityId: Password
[ERROR] 26-07-2024 09:33:39 [main] [WinAppLogUtils] - Timeout waiting for the element ready to click. By.accessibilityId: SignIn
[ERROR] 26-07-2024 09:33:39 [main] [WinAppLogUtils] - FAILED !! Test case test is failed.
[ERROR] 26-07-2024 09:33:39 [main] [WinAppLogUtils] - java.lang.AssertionError: Timeout waiting for the element ready to click. By.accessibilityId: SignIn
[INFO] 26-07-2024 09:33:39 [main] [WinAppLogUtils] - Driver for Screenshot: io.appium.java_client.windows.WindowsDriver, Capabilities: {app=C:/Users/david.le/AppData/Local/Apps/2.0/QKJWK9HE.2O8/N6EXPK7D.ZX8/http..tion_52eb4aef56c70532_0009.0001_da8e1d62a18c082e/LawsonClient.exe, javascriptEnabled=true, ms:waitForAppLaunch=10, platform=WINDOWS, platformName=windows}
[ERROR] 26-07-2024 09:33:39 [main] [WinAppLogUtils] - FAILED !! Test case test is failed.
[ERROR] 26-07-2024 09:33:39 [main] [WinAppLogUtils] - org.openqa.selenium.NoSuchWindowException: Currently selected window has been closed (WARNING: The server did not provide any stacktrace information)
Command duration or timeout: 0 milliseconds
Build info: version: '3.14.0', revision: 'aacccce0', time: '2018-08-02T20:19:58.91Z'
System info: host: 'D1-TRONGLV', ip: '10.50.89.169', os.name: 'Windows 10', os.arch: 'amd64', os.version: '10.0', java.version: '21.0.4'
Driver info: io.appium.java_client.windows.WindowsDriver
Capabilities {app: C:/Users/david.le/AppData/L..., javascriptEnabled: true, ms:waitForAppLaunch: 10, platform: WINDOWS, platformName: windows}
Session ID: BC39C2C3-2D74-4D26-AE82-E69DD572D7DD
[INFO] 26-07-2024 09:33:39 [main] [WinAppLogUtils] - Driver for Screenshot: io.appium.java_client.windows.WindowsDriver, Capabilities: {app=C:/Users/david.le/AppData/Local/Apps/2.0/QKJWK9HE.2O8/N6EXPK7D.ZX8/http..tion_52eb4aef56c70532_0009.0001_da8e1d62a18c082e/LawsonClient.exe, javascriptEnabled=true, ms:waitForAppLaunch=10, platform=WINDOWS, platformName=windows}
[INFO] 26-07-2024 09:33:39 [main] [WinAppLogUtils] - ********** RUN FINISHED **********
[INFO] 26-07-2024 09:33:39 [main] [WinAppLogUtils] - =====> End Suite: Win Tests
[INFO] 26-07-2024 09:37:31 [main] [WinAppLogUtils] - Loaded all properties files.
[INFO] 26-07-2024 09:37:31 [main] [WinAppLogUtils] - ********** RUN STARTED **********
[INFO] 26-07-2024 09:37:31 [main] [WinAppLogUtils] - ========= INSTALLING CONFIGURATION DATA =========
[INFO] 26-07-2024 09:37:31 [main] [WinAppLogUtils] - Loaded all properties files.
[INFO] 26-07-2024 09:37:31 [main] [WinAppLogUtils] - OVERRIDE EXTENT REPORTS = no
[INFO] 26-07-2024 09:37:31 [main] [WinAppLogUtils] - Link Extent Report: D:\ffbf\WinAuto\reports/ExtentReports\26_07_2024_09_37_31_ExtentReports.html
[INFO] 26-07-2024 09:37:31 [main] [WinAppLogUtils] - Extent Reports is installed.
[INFO] 26-07-2024 09:37:31 [main] [WinAppLogUtils] - ========= INSTALLED CONFIGURATION DATA =========
[INFO] 26-07-2024 09:37:31 [main] [WinAppLogUtils] - =====> Starting Suite: Win Tests
[INFO] 26-07-2024 09:37:47 [main] [WinAppLogUtils] - Test case: test is starting...
[INFO] 26-07-2024 09:37:49 [main] [WinAppLogUtils] - Clear and Fill techvify5 on By.accessibilityId: User
[INFO] 26-07-2024 09:37:51 [main] [WinAppLogUtils] - Clear and Fill exj?6RTakxrh on By.accessibilityId: Password
[INFO] 26-07-2024 09:37:53 [main] [WinAppLogUtils] - Clicked on the element By.accessibilityId: SignIn
[INFO] 26-07-2024 09:38:01 [main] [WinAppLogUtils] - Wait By.accessibilityId: PART_CopyRight Invisible
[INFO] 26-07-2024 09:38:06 [main] [WinAppLogUtils] - Test case: test is passed.
[INFO] 26-07-2024 09:38:06 [main] [WinAppLogUtils] - Driver for Screenshot: io.appium.java_client.windows.WindowsDriver, Capabilities: {app=C:/Users/david.le/AppData/Local/Apps/2.0/QKJWK9HE.2O8/N6EXPK7D.ZX8/http..tion_52eb4aef56c70532_0009.0001_da8e1d62a18c082e/LawsonClient.exe, javascriptEnabled=true, ms:waitForAppLaunch=10, platform=WINDOWS, platformName=windows}
[INFO] 26-07-2024 09:38:06 [main] [WinAppLogUtils] - Screenshot taken: test
[INFO] 26-07-2024 09:38:08 [main] [WinAppLogUtils] - ********** RUN FINISHED **********
[INFO] 26-07-2024 09:38:08 [main] [WinAppLogUtils] - =====> End Suite: Win Tests
[INFO] 26-07-2024 09:43:11 [main] [WinAppLogUtils] - Loaded all properties files.
[INFO] 26-07-2024 09:43:11 [main] [WinAppLogUtils] - ********** RUN STARTED **********
[INFO] 26-07-2024 09:43:11 [main] [WinAppLogUtils] - ========= INSTALLING CONFIGURATION DATA =========
[INFO] 26-07-2024 09:43:11 [main] [WinAppLogUtils] - Loaded all properties files.
[INFO] 26-07-2024 09:43:11 [main] [WinAppLogUtils] - OVERRIDE EXTENT REPORTS = no
[INFO] 26-07-2024 09:43:11 [main] [WinAppLogUtils] - Link Extent Report: D:\ffbf\WinAuto\reports/ExtentReports\26_07_2024_09_43_11_ExtentReports.html
[INFO] 26-07-2024 09:43:11 [main] [WinAppLogUtils] - Extent Reports is installed.
[INFO] 26-07-2024 09:43:11 [main] [WinAppLogUtils] - ========= INSTALLED CONFIGURATION DATA =========
[INFO] 26-07-2024 09:43:11 [main] [WinAppLogUtils] - =====> Starting Suite: Win Tests
[INFO] 26-07-2024 09:43:23 [main] [WinAppLogUtils] - Test case: test is starting...
[INFO] 26-07-2024 09:43:25 [main] [WinAppLogUtils] - Clear and Fill techvify5 on By.accessibilityId: User
[INFO] 26-07-2024 09:43:27 [main] [WinAppLogUtils] - Clear and Fill exj?6RTakxrh on By.accessibilityId: Password
[INFO] 26-07-2024 09:43:29 [main] [WinAppLogUtils] - Clicked on the element By.accessibilityId: SignIn
[INFO] 26-07-2024 09:43:38 [main] [WinAppLogUtils] - Wait By.accessibilityId: PART_CopyRight Invisible
[INFO] 26-07-2024 09:43:42 [main] [WinAppLogUtils] - Test case: test is passed.
[INFO] 26-07-2024 09:43:42 [main] [WinAppLogUtils] - Driver for Screenshot: io.appium.java_client.windows.WindowsDriver, Capabilities: {app=C:/Users/david.le/AppData/Local/Apps/2.0/QKJWK9HE.2O8/N6EXPK7D.ZX8/http..tion_52eb4aef56c70532_0009.0001_da8e1d62a18c082e/LawsonClient.exe, javascriptEnabled=true, ms:waitForAppLaunch=10, platform=WINDOWS, platformName=windows}
[INFO] 26-07-2024 09:43:43 [main] [WinAppLogUtils] - Screenshot taken: test
[INFO] 26-07-2024 09:43:45 [main] [WinAppLogUtils] - ********** RUN FINISHED **********
[INFO] 26-07-2024 09:43:45 [main] [WinAppLogUtils] - =====> End Suite: Win Tests
[INFO] 26-07-2024 14:31:48 [main] [WinAppLogUtils] - Loaded all properties files.
[INFO] 26-07-2024 14:31:48 [main] [WinAppLogUtils] - ********** RUN STARTED **********
[INFO] 26-07-2024 14:31:48 [main] [WinAppLogUtils] - ========= INSTALLING CONFIGURATION DATA =========
[INFO] 26-07-2024 14:31:48 [main] [WinAppLogUtils] - Loaded all properties files.
[INFO] 26-07-2024 14:31:48 [main] [WinAppLogUtils] - OVERRIDE EXTENT REPORTS = no
[INFO] 26-07-2024 14:31:48 [main] [WinAppLogUtils] - Link Extent Report: D:\ffbf\WinAuto\reports/ExtentReports\26_07_2024_14_31_48_ExtentReports.html
[INFO] 26-07-2024 14:31:48 [main] [WinAppLogUtils] - Extent Reports is installed.
[INFO] 26-07-2024 14:31:48 [main] [WinAppLogUtils] - ========= INSTALLED CONFIGURATION DATA =========
[INFO] 26-07-2024 14:31:48 [main] [WinAppLogUtils] - =====> Starting Suite: Win Tests
[INFO] 26-07-2024 14:31:49 [main] [WinAppLogUtils] - Create Driver Fail
[INFO] 26-07-2024 14:31:49 [main] [WinAppLogUtils] - Test case: test is starting...
[INFO] 26-07-2024 14:31:49 [main] [WinAppLogUtils] - Test case: test is passed.
[INFO] 26-07-2024 14:31:49 [main] [WinAppLogUtils] - Driver for Screenshot: null
[ERROR] 26-07-2024 14:31:49 [main] [WinAppLogUtils] - FAILED !! Test case test is failed.
[ERROR] 26-07-2024 14:31:49 [main] [WinAppLogUtils] - java.lang.NullPointerException: Cannot invoke "org.openqa.selenium.TakesScreenshot.getScreenshotAs(org.openqa.selenium.OutputType)" because the return value of "com.WinUIAutomation.driver.WinAppDriverManagement.getDriver()" is null
[INFO] 26-07-2024 14:31:49 [main] [WinAppLogUtils] - Driver for Screenshot: null
[INFO] 26-07-2024 14:31:49 [main] [WinAppLogUtils] - ********** RUN FINISHED **********
[INFO] 26-07-2024 14:31:49 [main] [WinAppLogUtils] - =====> End Suite: Win Tests
[INFO] 26-07-2024 14:33:23 [main] [WinAppLogUtils] - Loaded all properties files.
[INFO] 26-07-2024 14:33:23 [main] [WinAppLogUtils] - ********** RUN STARTED **********
[INFO] 26-07-2024 14:33:23 [main] [WinAppLogUtils] - ========= INSTALLING CONFIGURATION DATA =========
[INFO] 26-07-2024 14:33:23 [main] [WinAppLogUtils] - Loaded all properties files.
[INFO] 26-07-2024 14:33:23 [main] [WinAppLogUtils] - OVERRIDE EXTENT REPORTS = no
[INFO] 26-07-2024 14:33:23 [main] [WinAppLogUtils] - Link Extent Report: D:\ffbf\WinAuto\reports/ExtentReports\26_07_2024_14_33_23_ExtentReports.html
[INFO] 26-07-2024 14:33:23 [main] [WinAppLogUtils] - Extent Reports is installed.
[INFO] 26-07-2024 14:33:23 [main] [WinAppLogUtils] - ========= INSTALLED CONFIGURATION DATA =========
[INFO] 26-07-2024 14:33:23 [main] [WinAppLogUtils] - =====> Starting Suite: Win Tests
[INFO] 26-07-2024 14:33:23 [main] [WinAppLogUtils] - Create Driver Fail
[INFO] 26-07-2024 14:33:23 [main] [WinAppLogUtils] - Test case: test is starting...
[INFO] 26-07-2024 14:33:23 [main] [WinAppLogUtils] - Test case: test is passed.
[INFO] 26-07-2024 14:33:23 [main] [WinAppLogUtils] - Driver for Screenshot: null
[ERROR] 26-07-2024 14:33:23 [main] [WinAppLogUtils] - FAILED !! Test case test is failed.
[ERROR] 26-07-2024 14:33:23 [main] [WinAppLogUtils] - java.lang.NullPointerException: Cannot invoke "org.openqa.selenium.TakesScreenshot.getScreenshotAs(org.openqa.selenium.OutputType)" because the return value of "com.WinUIAutomation.driver.WinAppDriverManagement.getDriver()" is null
[INFO] 26-07-2024 14:33:23 [main] [WinAppLogUtils] - Driver for Screenshot: null
[INFO] 26-07-2024 14:33:23 [main] [WinAppLogUtils] - ********** RUN FINISHED **********
[INFO] 26-07-2024 14:33:23 [main] [WinAppLogUtils] - =====> End Suite: Win Tests
[INFO] 26-07-2024 14:55:15 [main] [WinAppLogUtils] - Loaded all properties files.
[INFO] 26-07-2024 14:55:15 [main] [WinAppLogUtils] - ********** RUN STARTED **********
[INFO] 26-07-2024 14:55:15 [main] [WinAppLogUtils] - ========= INSTALLING CONFIGURATION DATA =========
[INFO] 26-07-2024 14:55:15 [main] [WinAppLogUtils] - Loaded all properties files.
[INFO] 26-07-2024 14:55:15 [main] [WinAppLogUtils] - OVERRIDE EXTENT REPORTS = no
[INFO] 26-07-2024 14:55:15 [main] [WinAppLogUtils] - Link Extent Report: D:\ffbf\WinAuto\reports/ExtentReports\26_07_2024_14_55_15_ExtentReports.html
[INFO] 26-07-2024 14:55:16 [main] [WinAppLogUtils] - Extent Reports is installed.
[INFO] 26-07-2024 14:55:16 [main] [WinAppLogUtils] - ========= INSTALLED CONFIGURATION DATA =========
[INFO] 26-07-2024 14:55:16 [main] [WinAppLogUtils] - =====> Starting Suite: Win Tests
[INFO] 26-07-2024 14:55:30 [main] [WinAppLogUtils] - Test case: test is starting...
[INFO] 26-07-2024 14:55:40 [main] [WinAppLogUtils] - Test case: test is passed.
[INFO] 26-07-2024 14:55:40 [main] [WinAppLogUtils] - Driver for Screenshot: io.appium.java_client.windows.WindowsDriver, Capabilities: {app=C:/Users/david.le/AppData/Local/Apps/2.0/QKJWK9HE.2O8/N6EXPK7D.ZX8/http..tion_52eb4aef56c70532_0009.0001_da8e1d62a18c082e/LawsonClient.exe, javascriptEnabled=true, ms:waitForAppLaunch=10, platform=WINDOWS, platformName=windows}
[ERROR] 26-07-2024 14:55:40 [main] [WinAppLogUtils] - FAILED !! Test case test is failed.
[ERROR] 26-07-2024 14:55:40 [main] [WinAppLogUtils] - org.openqa.selenium.WebDriverException: An unknown error occurred in the remote end while processing the command. (WARNING: The server did not provide any stacktrace information)
Command duration or timeout: 0 milliseconds
Build info: version: '3.14.0', revision: 'aacccce0', time: '2018-08-02T20:19:58.91Z'
System info: host: 'D1-TRONGLV', ip: '10.50.89.169', os.name: 'Windows 10', os.arch: 'amd64', os.version: '10.0', java.version: '21.0.4'
Driver info: io.appium.java_client.windows.WindowsDriver
Capabilities {app: C:/Users/david.le/AppData/L..., javascriptEnabled: true, ms:waitForAppLaunch: 10, platform: WINDOWS, platformName: windows}
Session ID: D977E066-AB87-438D-82EE-AAAB3AF8305A
[INFO] 26-07-2024 14:55:40 [main] [WinAppLogUtils] - Driver for Screenshot: io.appium.java_client.windows.WindowsDriver, Capabilities: {app=C:/Users/david.le/AppData/Local/Apps/2.0/QKJWK9HE.2O8/N6EXPK7D.ZX8/http..tion_52eb4aef56c70532_0009.0001_da8e1d62a18c082e/LawsonClient.exe, javascriptEnabled=true, ms:waitForAppLaunch=10, platform=WINDOWS, platformName=windows}
[INFO] 26-07-2024 14:55:40 [main] [WinAppLogUtils] - ********** RUN FINISHED **********
[INFO] 26-07-2024 14:55:40 [main] [WinAppLogUtils] - =====> End Suite: Win Tests
[INFO] 26-07-2024 15:36:40 [main] [WinAppLogUtils] - Loaded all properties files.
[INFO] 26-07-2024 15:36:40 [main] [WinAppLogUtils] - ********** RUN STARTED **********
[INFO] 26-07-2024 15:36:40 [main] [WinAppLogUtils] - ========= INSTALLING CONFIGURATION DATA =========
[INFO] 26-07-2024 15:36:40 [main] [WinAppLogUtils] - Loaded all properties files.
[INFO] 26-07-2024 15:36:40 [main] [WinAppLogUtils] - OVERRIDE EXTENT REPORTS = no
[INFO] 26-07-2024 15:36:40 [main] [WinAppLogUtils] - Link Extent Report: D:\ffbf\WinAuto\reports/ExtentReports\26_07_2024_15_36_40_ExtentReports.html
[INFO] 26-07-2024 15:36:40 [main] [WinAppLogUtils] - Extent Reports is installed.
[INFO] 26-07-2024 15:36:40 [main] [WinAppLogUtils] - ========= INSTALLED CONFIGURATION DATA =========
[INFO] 26-07-2024 15:36:40 [main] [WinAppLogUtils] - =====> Starting Suite: Default Suite
[INFO] 26-07-2024 15:37:40 [main] [WinAppLogUtils] - Loaded all properties files.
[INFO] 26-07-2024 15:37:40 [main] [WinAppLogUtils] - ********** RUN STARTED **********
[INFO] 26-07-2024 15:37:40 [main] [WinAppLogUtils] - ========= INSTALLING CONFIGURATION DATA =========
[INFO] 26-07-2024 15:37:40 [main] [WinAppLogUtils] - Loaded all properties files.
[INFO] 26-07-2024 15:37:40 [main] [WinAppLogUtils] - OVERRIDE EXTENT REPORTS = no
[INFO] 26-07-2024 15:37:40 [main] [WinAppLogUtils] - Link Extent Report: D:\ffbf\WinAuto\reports/ExtentReports\26_07_2024_15_37_40_ExtentReports.html
[INFO] 26-07-2024 15:37:40 [main] [WinAppLogUtils] - Extent Reports is installed.
[INFO] 26-07-2024 15:37:40 [main] [WinAppLogUtils] - ========= INSTALLED CONFIGURATION DATA =========
[INFO] 26-07-2024 15:37:40 [main] [WinAppLogUtils] - =====> Starting Suite: Default Suite
[INFO] 26-07-2024 15:38:10 [main] [WinAppLogUtils] - Create Driver Fail
[INFO] 26-07-2024 15:38:10 [main] [WinAppLogUtils] - Test case: test is starting...
[INFO] 26-07-2024 15:38:10 [main] [WinAppLogUtils] - Test case: test is passed.
[INFO] 26-07-2024 15:38:10 [main] [WinAppLogUtils] - Driver for Screenshot: null
[ERROR] 26-07-2024 15:38:10 [main] [WinAppLogUtils] - FAILED !! Test case test is failed.
[ERROR] 26-07-2024 15:38:10 [main] [WinAppLogUtils] - java.lang.NullPointerException: Cannot invoke "org.openqa.selenium.TakesScreenshot.getScreenshotAs(org.openqa.selenium.OutputType)" because the return value of "com.WinUIAutomation.driver.WinAppDriverManagement.getDriver()" is null
[INFO] 26-07-2024 15:38:10 [main] [WinAppLogUtils] - Driver for Screenshot: null
[INFO] 26-07-2024 15:38:10 [main] [WinAppLogUtils] - ********** RUN FINISHED **********
[INFO] 26-07-2024 15:38:10 [main] [WinAppLogUtils] - =====> End Suite: Default Suite
[INFO] 26-07-2024 15:38:20 [main] [WinAppLogUtils] - Loaded all properties files.
[INFO] 26-07-2024 15:38:20 [main] [WinAppLogUtils] - ********** RUN STARTED **********
[INFO] 26-07-2024 15:38:20 [main] [WinAppLogUtils] - ========= INSTALLING CONFIGURATION DATA =========
[INFO] 26-07-2024 15:38:20 [main] [WinAppLogUtils] - Loaded all properties files.
[INFO] 26-07-2024 15:38:20 [main] [WinAppLogUtils] - OVERRIDE EXTENT REPORTS = no
[INFO] 26-07-2024 15:38:20 [main] [WinAppLogUtils] - Link Extent Report: D:\ffbf\WinAuto\reports/ExtentReports\26_07_2024_15_38_20_ExtentReports.html
[INFO] 26-07-2024 15:38:20 [main] [WinAppLogUtils] - Extent Reports is installed.
[INFO] 26-07-2024 15:38:20 [main] [WinAppLogUtils] - ========= INSTALLED CONFIGURATION DATA =========
[INFO] 26-07-2024 15:38:20 [main] [WinAppLogUtils] - =====> Starting Suite: Default Suite
[INFO] 26-07-2024 15:38:36 [main] [WinAppLogUtils] - Test case: test is starting...
[INFO] 26-07-2024 15:38:39 [main] [WinAppLogUtils] - Clear and Fill techvify5 on By.accessibilityId: User
[INFO] 26-07-2024 15:38:41 [main] [WinAppLogUtils] - Clear and Fill exj?6RTakxrh on By.accessibilityId: Password
[INFO] 26-07-2024 15:38:43 [main] [WinAppLogUtils] - Clicked on the element By.accessibilityId: SignIn
[INFO] 26-07-2024 15:39:13 [main] [WinAppLogUtils] - Test case: test is passed.
[INFO] 26-07-2024 15:39:13 [main] [WinAppLogUtils] - Driver for Screenshot: io.appium.java_client.windows.WindowsDriver, Capabilities: {app=C:/Users/david.le/AppData/Local/Apps/2.0/QKJWK9HE.2O8/N6EXPK7D.ZX8/http..tion_52eb4aef56c70532_0009.0001_da8e1d62a18c082e/LawsonClient.exe, javascriptEnabled=true, ms:waitForAppLaunch=10, platform=WINDOWS, platformName=windows}
[ERROR] 26-07-2024 15:39:13 [main] [WinAppLogUtils] - FAILED !! Test case test is failed.
[ERROR] 26-07-2024 15:39:13 [main] [WinAppLogUtils] - org.openqa.selenium.NoSuchWindowException: Currently selected window has been closed (WARNING: The server did not provide any stacktrace information)
Command duration or timeout: 0 milliseconds
Build info: version: '3.14.0', revision: 'aacccce0', time: '2018-08-02T20:19:58.91Z'
System info: host: 'D1-TRONGLV', ip: '10.50.89.169', os.name: 'Windows 10', os.arch: 'amd64', os.version: '10.0', java.version: '21.0.4'
Driver info: io.appium.java_client.windows.WindowsDriver
Capabilities {app: C:/Users/david.le/AppData/L..., javascriptEnabled: true, ms:waitForAppLaunch: 10, platform: WINDOWS, platformName: windows}
Session ID: 174100E9-592A-422F-8B7D-12CC0E089DA9
[INFO] 26-07-2024 15:39:13 [main] [WinAppLogUtils] - Driver for Screenshot: io.appium.java_client.windows.WindowsDriver, Capabilities: {app=C:/Users/david.le/AppData/Local/Apps/2.0/QKJWK9HE.2O8/N6EXPK7D.ZX8/http..tion_52eb4aef56c70532_0009.0001_da8e1d62a18c082e/LawsonClient.exe, javascriptEnabled=true, ms:waitForAppLaunch=10, platform=WINDOWS, platformName=windows}
[INFO] 26-07-2024 15:39:13 [main] [WinAppLogUtils] - ********** RUN FINISHED **********
[INFO] 26-07-2024 15:39:13 [main] [WinAppLogUtils] - =====> End Suite: Default Suite
