[INFO] 24-07-2024 14:14:36 [main] [LogUtils] - Warning !! Can not Load All File.
[INFO] 24-07-2024 14:15:25 [main] [LogUtils] - Warning !! Can not Load All File.
[INFO] 24-07-2024 14:16:55 [main] [LogUtils] - Warning !! Can not Load All File.
[INFO] 24-07-2024 14:17:45 [main] [LogUtils] - Warning !! Can not Load All File.
[INFO] 24-07-2024 14:18:45 [main] [LogUtils] - Warning !! Can not Load All File.
[INFO] 24-07-2024 14:18:54 [main] [LogUtils] - Warning !! Can not Load All File.
[INFO] 24-07-2024 14:20:49 [main] [LogUtils] - Warning !! Can not Load All File.
[INFO] 24-07-2024 14:22:06 [main] [LogUtils] - Warning !! Can not Load All File.
[INFO] 24-07-2024 14:22:52 [main] [LogUtils] - Warning !! Can not Load All File.
[INFO] 24-07-2024 14:25:36 [main] [LogUtils] - Warning !! Can not Load File: D:\ffbf\src/test/resources/config/config.properties
[INFO] 24-07-2024 14:25:36 [main] [LogUtils] - Warning !! Can not Load All File.
[INFO] 24-07-2024 14:26:38 [main] [LogUtils] - Loaded all properties files.
[INFO] 24-07-2024 14:30:46 [main] [LogUtils] - Warning !! Can not Load File: D:\ffbf\src/test/resources/config/config.properties
[INFO] 24-07-2024 14:30:46 [main] [LogUtils] - Warning !! Can not Load All File.
[INFO] 24-07-2024 14:33:44 [main] [LogUtils] - Warning !! Can not Load File: src/test/resources/config/config.properties
[INFO] 24-07-2024 14:33:44 [main] [LogUtils] - Warning !! Can not Load All File.
[INFO] 24-07-2024 14:34:30 [main] [LogUtils] - Warning !! Can not Load File: src/test/resources/config/config.properties
[INFO] 24-07-2024 14:34:30 [main] [LogUtils] - Warning !! Can not Load All File.
[INFO] 24-07-2024 14:36:41 [main] [LogUtils] - Warning !! Can not Load File: D:\ffbf\src/test/resources/config/config.properties
[INFO] 24-07-2024 14:36:41 [main] [LogUtils] - Warning !! Can not Load All File.
[INFO] 24-07-2024 14:37:23 [main] [LogUtils] - Warning !! Can not Load File: D:\ffbf\src/test/resources/config/config.properties
[INFO] 24-07-2024 14:37:23 [main] [LogUtils] - Warning !! Can not Load All File.
[INFO] 24-07-2024 14:37:50 [main] [LogUtils] - Loaded all properties files.
[INFO] 24-07-2024 14:37:55 [main] [LogUtils] - Open website with URL: https://uat-report.talgroup.com/
[INFO] 24-07-2024 14:37:55 [main] [LogUtils] - Verify element visible By.name: username
[INFO] 24-07-2024 14:37:55 [main] [LogUtils] - Verify element visible By.name: username
[INFO] 24-07-2024 14:37:56 [main] [LogUtils] - Clear and Fill techvify5 on By.name: username
[INFO] 24-07-2024 14:37:56 [main] [LogUtils] - Verify element visible By.name: password
[INFO] 24-07-2024 14:37:56 [main] [LogUtils] - Verify element visible By.name: password
[INFO] 24-07-2024 14:37:56 [main] [LogUtils] - Clear and Fill exj?6RTakxrh on By.name: password
[INFO] 24-07-2024 14:37:57 [main] [LogUtils] - Clicked on the element By.name: login
[INFO] 24-07-2024 14:37:57 [main] [LogUtils] - Clicked on the element By.xpath: /html/body/table[2]/tbody/tr/td/table[2]/tbody/tr/td/table/tbody/tr[5]/td[2]/a[8]
[INFO] 24-07-2024 14:37:57 [main] [LogUtils] - Verify element visible By.name: value3
[INFO] 24-07-2024 14:37:57 [main] [LogUtils] - Verify element visible By.name: value3
[INFO] 24-07-2024 14:37:57 [main] [LogUtils] - Clear and Fill VNG on By.name: value3
[INFO] 24-07-2024 14:37:58 [main] [LogUtils] - Verify element visible By.name: value4
[INFO] 24-07-2024 14:37:58 [main] [LogUtils] - Verify element visible By.name: value4
[INFO] 24-07-2024 14:37:58 [main] [LogUtils] - Clear and Fill  on By.name: value4
[INFO] 24-07-2024 14:37:58 [main] [LogUtils] - Verify element visible By.name: value5
[INFO] 24-07-2024 14:37:58 [main] [LogUtils] - Verify element visible By.name: value5
[INFO] 24-07-2024 14:37:58 [main] [LogUtils] - Clear and Fill  on By.name: value5
[INFO] 24-07-2024 14:37:58 [main] [LogUtils] - Select Option By.name: filetypeby text Excel (Data only)
[INFO] 24-07-2024 14:41:09 [main] [LogUtils] - Loaded all properties files.
[INFO] 24-07-2024 14:41:14 [main] [LogUtils] - Open website with URL: https://uat-report.talgroup.com/
[INFO] 24-07-2024 14:41:14 [main] [LogUtils] - Verify element visible By.name: username
[INFO] 24-07-2024 14:41:14 [main] [LogUtils] - Verify element visible By.name: username
[INFO] 24-07-2024 14:41:14 [main] [LogUtils] - Clear and Fill techvify5 on By.name: username
[INFO] 24-07-2024 14:41:14 [main] [LogUtils] - Verify element visible By.name: password
[INFO] 24-07-2024 14:41:14 [main] [LogUtils] - Verify element visible By.name: password
[INFO] 24-07-2024 14:41:14 [main] [LogUtils] - Clear and Fill exj?6RTakxrh on By.name: password
[INFO] 24-07-2024 14:41:16 [main] [LogUtils] - Clicked on the element By.name: login
[INFO] 24-07-2024 14:41:16 [main] [LogUtils] - Clicked on the element By.xpath: /html/body/table[2]/tbody/tr/td/table[2]/tbody/tr/td/table/tbody/tr[5]/td[2]/a[8]
[INFO] 24-07-2024 14:41:16 [main] [LogUtils] - Verify element visible By.name: value3
[INFO] 24-07-2024 14:41:16 [main] [LogUtils] - Verify element visible By.name: value3
[INFO] 24-07-2024 14:41:16 [main] [LogUtils] - Clear and Fill VNG on By.name: value3
[INFO] 24-07-2024 14:41:16 [main] [LogUtils] - Verify element visible By.name: value4
[INFO] 24-07-2024 14:41:16 [main] [LogUtils] - Verify element visible By.name: value4
[INFO] 24-07-2024 14:41:16 [main] [LogUtils] - Clear and Fill  on By.name: value4
[INFO] 24-07-2024 14:41:16 [main] [LogUtils] - Verify element visible By.name: value5
[INFO] 24-07-2024 14:41:16 [main] [LogUtils] - Verify element visible By.name: value5
[INFO] 24-07-2024 14:41:16 [main] [LogUtils] - Clear and Fill  on By.name: value5
[INFO] 24-07-2024 14:41:17 [main] [LogUtils] - Select Option By.name: filetypeby text Excel (Data only)
[INFO] 24-07-2024 14:41:17 [main] [LogUtils] - Clicked on the element By.name: submit
[INFO] 24-07-2024 14:41:40 [main] [LogUtils] - Loaded all properties files.
[INFO] 24-07-2024 14:41:44 [main] [LogUtils] - Open website with URL: https://uat-report.talgroup.com/
[INFO] 24-07-2024 14:41:44 [main] [LogUtils] - Verify element visible By.name: username
[INFO] 24-07-2024 14:41:44 [main] [LogUtils] - Verify element visible By.name: username
[INFO] 24-07-2024 14:41:45 [main] [LogUtils] - Clear and Fill techvify5 on By.name: username
[INFO] 24-07-2024 14:41:45 [main] [LogUtils] - Verify element visible By.name: password
[INFO] 24-07-2024 14:41:45 [main] [LogUtils] - Verify element visible By.name: password
[INFO] 24-07-2024 14:41:45 [main] [LogUtils] - Clear and Fill exj?6RTakxrh on By.name: password
[INFO] 24-07-2024 14:41:46 [main] [LogUtils] - Clicked on the element By.name: login
[INFO] 24-07-2024 14:41:46 [main] [LogUtils] - Clicked on the element By.xpath: /html/body/table[2]/tbody/tr/td/table[2]/tbody/tr/td/table/tbody/tr[5]/td[2]/a[8]
[INFO] 24-07-2024 14:41:46 [main] [LogUtils] - Verify element visible By.name: value3
[INFO] 24-07-2024 14:41:46 [main] [LogUtils] - Verify element visible By.name: value3
[INFO] 24-07-2024 14:41:46 [main] [LogUtils] - Clear and Fill VNG on By.name: value3
[INFO] 24-07-2024 14:41:46 [main] [LogUtils] - Verify element visible By.name: value4
[INFO] 24-07-2024 14:41:46 [main] [LogUtils] - Verify element visible By.name: value4
[INFO] 24-07-2024 14:41:47 [main] [LogUtils] - Clear and Fill 20240601 on By.name: value4
[INFO] 24-07-2024 14:41:47 [main] [LogUtils] - Verify element visible By.name: value5
[INFO] 24-07-2024 14:41:47 [main] [LogUtils] - Verify element visible By.name: value5
[INFO] 24-07-2024 14:41:47 [main] [LogUtils] - Clear and Fill 20240607 on By.name: value5
[INFO] 24-07-2024 14:41:47 [main] [LogUtils] - Select Option By.name: filetypeby text Excel (Data only)
[INFO] 24-07-2024 14:41:47 [main] [LogUtils] - Clicked on the element By.name: submit
[INFO] 24-07-2024 14:48:37 [main] [LogUtils] - Loaded all properties files.
[INFO] 24-07-2024 14:48:42 [main] [LogUtils] - Open website with URL: https://uat-report.talgroup.com/
[INFO] 24-07-2024 14:48:42 [main] [LogUtils] - Verify element visible By.name: username
[INFO] 24-07-2024 14:48:42 [main] [LogUtils] - Verify element visible By.name: username
[INFO] 24-07-2024 14:48:42 [main] [LogUtils] - Clear and Fill techvify5 on By.name: username
[INFO] 24-07-2024 14:48:42 [main] [LogUtils] - Verify element visible By.name: password
[INFO] 24-07-2024 14:48:42 [main] [LogUtils] - Verify element visible By.name: password
[INFO] 24-07-2024 14:48:42 [main] [LogUtils] - Clear and Fill exj?6RTakxrh on By.name: password
[INFO] 24-07-2024 14:48:44 [main] [LogUtils] - Clicked on the element By.name: login
[INFO] 24-07-2024 14:48:44 [main] [LogUtils] - Clicked on the element By.xpath: /html/body/table[2]/tbody/tr/td/table[2]/tbody/tr/td/table/tbody/tr[5]/td[2]/a[8]
[INFO] 24-07-2024 14:48:44 [main] [LogUtils] - Verify element visible By.name: value3
[INFO] 24-07-2024 14:48:44 [main] [LogUtils] - Verify element visible By.name: value3
[INFO] 24-07-2024 14:48:44 [main] [LogUtils] - Clear and Fill VNG on By.name: value3
[INFO] 24-07-2024 14:48:44 [main] [LogUtils] - Verify element visible By.name: value4
[INFO] 24-07-2024 14:48:44 [main] [LogUtils] - Verify element visible By.name: value4
[INFO] 24-07-2024 14:48:44 [main] [LogUtils] - Clear and Fill 20240601 on By.name: value4
[INFO] 24-07-2024 14:48:44 [main] [LogUtils] - Verify element visible By.name: value5
[INFO] 24-07-2024 14:48:44 [main] [LogUtils] - Verify element visible By.name: value5
[INFO] 24-07-2024 14:48:45 [main] [LogUtils] - Clear and Fill 20240607 on By.name: value5
[INFO] 24-07-2024 14:48:45 [main] [LogUtils] - Select Option By.name: filetypeby text Excel (Data only)
[INFO] 24-07-2024 14:48:45 [main] [LogUtils] - Clicked on the element By.name: submit
[INFO] 24-07-2024 14:48:45 [main] [LogUtils] - Get text on element By.xpath: /html/body/strong[2]
[INFO] 24-07-2024 14:48:45 [main] [LogUtils] - Verify element visible By.xpath: /html/body/strong[2]
[INFO] 24-07-2024 14:58:08 [main] [LogUtils] - Loaded all properties files.
[INFO] 24-07-2024 14:58:10 [main] [LogUtils] - Open website with URL: https://uat-report.talgroup.com/
[INFO] 24-07-2024 14:58:10 [main] [LogUtils] - Verify element visible By.name: username
[INFO] 24-07-2024 14:58:10 [main] [LogUtils] - Verify element visible By.name: username
[INFO] 24-07-2024 14:58:10 [main] [LogUtils] - Clear and Fill techvify5 on By.name: username
[INFO] 24-07-2024 14:58:10 [main] [LogUtils] - Verify element visible By.name: password
[INFO] 24-07-2024 14:58:10 [main] [LogUtils] - Verify element visible By.name: password
[INFO] 24-07-2024 14:58:10 [main] [LogUtils] - Clear and Fill exj?6RTakxrh on By.name: password
[INFO] 24-07-2024 14:58:12 [main] [LogUtils] - Clicked on the element By.name: login
[INFO] 24-07-2024 14:58:12 [main] [LogUtils] - Clicked on the element By.xpath: /html/body/table[2]/tbody/tr/td/table[2]/tbody/tr/td/table/tbody/tr[5]/td[2]/a[8]
[INFO] 24-07-2024 14:58:12 [main] [LogUtils] - Verify element visible By.name: value3
[INFO] 24-07-2024 14:58:12 [main] [LogUtils] - Verify element visible By.name: value3
[INFO] 24-07-2024 14:58:12 [main] [LogUtils] - Clear and Fill VNG on By.name: value3
[INFO] 24-07-2024 14:58:12 [main] [LogUtils] - Verify element visible By.name: value4
[INFO] 24-07-2024 14:58:12 [main] [LogUtils] - Verify element visible By.name: value4
[INFO] 24-07-2024 14:58:12 [main] [LogUtils] - Clear and Fill 20240601 on By.name: value4
[INFO] 24-07-2024 14:58:12 [main] [LogUtils] - Verify element visible By.name: value5
[INFO] 24-07-2024 14:58:12 [main] [LogUtils] - Verify element visible By.name: value5
[INFO] 24-07-2024 14:58:12 [main] [LogUtils] - Clear and Fill 20240607 on By.name: value5
[INFO] 24-07-2024 14:58:12 [main] [LogUtils] - Select Option By.name: filetypeby text Excel (Data only)
[INFO] 24-07-2024 14:58:13 [main] [LogUtils] - Clicked on the element By.name: submit
[INFO] 24-07-2024 14:58:13 [main] [LogUtils] - Get text on element By.xpath: /html/body/strong[2]
[INFO] 24-07-2024 14:58:13 [main] [LogUtils] - Verify element visible By.xpath: /html/body/strong[2]
[INFO] 24-07-2024 14:58:13 [main] [LogUtils] - Clicked on the element By.xpath: /html/body/a[1]
[INFO] 24-07-2024 14:59:51 [main] [LogUtils] - Loaded all properties files.
[INFO] 24-07-2024 14:59:55 [main] [LogUtils] - Open website with URL: https://uat-report.talgroup.com/
[INFO] 24-07-2024 14:59:55 [main] [LogUtils] - Verify element visible By.name: username
[INFO] 24-07-2024 14:59:55 [main] [LogUtils] - Verify element visible By.name: username
[INFO] 24-07-2024 14:59:55 [main] [LogUtils] - Clear and Fill techvify5 on By.name: username
[INFO] 24-07-2024 14:59:55 [main] [LogUtils] - Verify element visible By.name: password
[INFO] 24-07-2024 14:59:55 [main] [LogUtils] - Verify element visible By.name: password
[INFO] 24-07-2024 14:59:55 [main] [LogUtils] - Clear and Fill exj?6RTakxrh on By.name: password
[INFO] 24-07-2024 14:59:56 [main] [LogUtils] - Clicked on the element By.name: login
[INFO] 24-07-2024 14:59:57 [main] [LogUtils] - Clicked on the element By.xpath: /html/body/table[2]/tbody/tr/td/table[2]/tbody/tr/td/table/tbody/tr[5]/td[2]/a[8]
[INFO] 24-07-2024 14:59:57 [main] [LogUtils] - Verify element visible By.name: value3
[INFO] 24-07-2024 14:59:57 [main] [LogUtils] - Verify element visible By.name: value3
[INFO] 24-07-2024 14:59:57 [main] [LogUtils] - Clear and Fill VNG on By.name: value3
[INFO] 24-07-2024 14:59:57 [main] [LogUtils] - Verify element visible By.name: value4
[INFO] 24-07-2024 14:59:57 [main] [LogUtils] - Verify element visible By.name: value4
[INFO] 24-07-2024 14:59:57 [main] [LogUtils] - Clear and Fill 20240601 on By.name: value4
[INFO] 24-07-2024 14:59:57 [main] [LogUtils] - Verify element visible By.name: value5
[INFO] 24-07-2024 14:59:57 [main] [LogUtils] - Verify element visible By.name: value5
[INFO] 24-07-2024 14:59:57 [main] [LogUtils] - Clear and Fill 20240607 on By.name: value5
[INFO] 24-07-2024 14:59:57 [main] [LogUtils] - Select Option By.name: filetypeby text Excel (Data only)
[INFO] 24-07-2024 14:59:57 [main] [LogUtils] - Clicked on the element By.name: submit
[INFO] 24-07-2024 14:59:57 [main] [LogUtils] - Get text on element By.xpath: /html/body/strong[2]
[INFO] 24-07-2024 14:59:57 [main] [LogUtils] - Verify element visible By.xpath: /html/body/strong[2]
[INFO] 24-07-2024 14:59:58 [main] [LogUtils] - Clicked on the element By.xpath: /html/body/a[1]
[INFO] 24-07-2024 15:00:13 [main] [LogUtils] - Loaded all properties files.
[INFO] 24-07-2024 15:00:16 [main] [LogUtils] - Open website with URL: https://uat-report.talgroup.com/
[INFO] 24-07-2024 15:00:16 [main] [LogUtils] - Verify element visible By.name: username
[INFO] 24-07-2024 15:00:17 [main] [LogUtils] - Verify element visible By.name: username
[INFO] 24-07-2024 15:00:17 [main] [LogUtils] - Clear and Fill techvify5 on By.name: username
[INFO] 24-07-2024 15:00:17 [main] [LogUtils] - Verify element visible By.name: password
[INFO] 24-07-2024 15:00:17 [main] [LogUtils] - Verify element visible By.name: password
[INFO] 24-07-2024 15:00:17 [main] [LogUtils] - Clear and Fill exj?6RTakxrh on By.name: password
[INFO] 24-07-2024 15:00:18 [main] [LogUtils] - Clicked on the element By.name: login
[INFO] 24-07-2024 15:00:18 [main] [LogUtils] - Clicked on the element By.xpath: /html/body/table[2]/tbody/tr/td/table[2]/tbody/tr/td/table/tbody/tr[5]/td[2]/a[8]
[INFO] 24-07-2024 15:00:18 [main] [LogUtils] - Verify element visible By.name: value3
[INFO] 24-07-2024 15:00:18 [main] [LogUtils] - Verify element visible By.name: value3
[INFO] 24-07-2024 15:00:18 [main] [LogUtils] - Clear and Fill VNG on By.name: value3
[INFO] 24-07-2024 15:00:19 [main] [LogUtils] - Verify element visible By.name: value4
[INFO] 24-07-2024 15:00:19 [main] [LogUtils] - Verify element visible By.name: value4
[INFO] 24-07-2024 15:00:19 [main] [LogUtils] - Clear and Fill 20240601 on By.name: value4
[INFO] 24-07-2024 15:00:19 [main] [LogUtils] - Verify element visible By.name: value5
[INFO] 24-07-2024 15:00:19 [main] [LogUtils] - Verify element visible By.name: value5
[INFO] 24-07-2024 15:00:19 [main] [LogUtils] - Clear and Fill 20240607 on By.name: value5
[INFO] 24-07-2024 15:00:19 [main] [LogUtils] - Select Option By.name: filetypeby text Excel (Data only)
[INFO] 24-07-2024 15:00:19 [main] [LogUtils] - Clicked on the element By.name: submit
[INFO] 24-07-2024 15:00:19 [main] [LogUtils] - Get text on element By.xpath: /html/body/strong[2]
[INFO] 24-07-2024 15:00:19 [main] [LogUtils] - Verify element visible By.xpath: /html/body/strong[2]
[INFO] 24-07-2024 15:00:19 [main] [LogUtils] - Clicked on the element By.xpath: /html/body/a[1]
[INFO] 24-07-2024 15:01:02 [main] [LogUtils] - Loaded all properties files.
[INFO] 24-07-2024 15:01:12 [main] [LogUtils] - Open website with URL: https://uat-report.talgroup.com/
[INFO] 24-07-2024 15:01:13 [main] [LogUtils] - Verify element visible By.name: username
[INFO] 24-07-2024 15:01:13 [main] [LogUtils] - Verify element visible By.name: username
[INFO] 24-07-2024 15:01:13 [main] [LogUtils] - Clear and Fill techvify5 on By.name: username
[INFO] 24-07-2024 15:01:13 [main] [LogUtils] - Verify element visible By.name: password
[INFO] 24-07-2024 15:01:13 [main] [LogUtils] - Verify element visible By.name: password
[INFO] 24-07-2024 15:01:13 [main] [LogUtils] - Clear and Fill exj?6RTakxrh on By.name: password
[INFO] 24-07-2024 15:01:14 [main] [LogUtils] - Clicked on the element By.name: login
[INFO] 24-07-2024 15:01:15 [main] [LogUtils] - Clicked on the element By.xpath: /html/body/table[2]/tbody/tr/td/table[2]/tbody/tr/td/table/tbody/tr[5]/td[2]/a[8]
[INFO] 24-07-2024 15:01:15 [main] [LogUtils] - Verify element visible By.name: value3
[INFO] 24-07-2024 15:01:15 [main] [LogUtils] - Verify element visible By.name: value3
[INFO] 24-07-2024 15:01:15 [main] [LogUtils] - Clear and Fill VNG on By.name: value3
[INFO] 24-07-2024 15:01:15 [main] [LogUtils] - Verify element visible By.name: value4
[INFO] 24-07-2024 15:01:15 [main] [LogUtils] - Verify element visible By.name: value4
[INFO] 24-07-2024 15:01:15 [main] [LogUtils] - Clear and Fill 20240601 on By.name: value4
[INFO] 24-07-2024 15:01:15 [main] [LogUtils] - Verify element visible By.name: value5
[INFO] 24-07-2024 15:01:15 [main] [LogUtils] - Verify element visible By.name: value5
[INFO] 24-07-2024 15:01:15 [main] [LogUtils] - Clear and Fill 20240607 on By.name: value5
[INFO] 24-07-2024 15:01:15 [main] [LogUtils] - Select Option By.name: filetypeby text Excel (Data only)
[INFO] 24-07-2024 15:01:15 [main] [LogUtils] - Clicked on the element By.name: submit
[INFO] 24-07-2024 15:01:15 [main] [LogUtils] - Get text on element By.xpath: /html/body/strong[2]
[INFO] 24-07-2024 15:01:15 [main] [LogUtils] - Verify element visible By.xpath: /html/body/strong[2]
[INFO] 24-07-2024 15:01:16 [main] [LogUtils] - Clicked on the element By.xpath: /html/body/a[1]
[INFO] 24-07-2024 15:04:35 [main] [LogUtils] - Loaded all properties files.
[INFO] 24-07-2024 15:04:40 [main] [LogUtils] - Open website with URL: https://uat-report.talgroup.com/
[INFO] 24-07-2024 15:04:40 [main] [LogUtils] - Verify element visible By.name: username
[INFO] 24-07-2024 15:04:40 [main] [LogUtils] - Verify element visible By.name: username
[INFO] 24-07-2024 15:04:40 [main] [LogUtils] - Clear and Fill techvify5 on By.name: username
[INFO] 24-07-2024 15:04:40 [main] [LogUtils] - Verify element visible By.name: password
[INFO] 24-07-2024 15:04:40 [main] [LogUtils] - Verify element visible By.name: password
[INFO] 24-07-2024 15:04:40 [main] [LogUtils] - Clear and Fill exj?6RTakxrh on By.name: password
[INFO] 24-07-2024 15:04:42 [main] [LogUtils] - Clicked on the element By.name: login
[INFO] 24-07-2024 15:04:42 [main] [LogUtils] - Clicked on the element By.xpath: /html/body/table[2]/tbody/tr/td/table[2]/tbody/tr/td/table/tbody/tr[5]/td[2]/a[8]
[INFO] 24-07-2024 15:04:42 [main] [LogUtils] - Verify element visible By.name: value3
[INFO] 24-07-2024 15:04:42 [main] [LogUtils] - Verify element visible By.name: value3
[INFO] 24-07-2024 15:04:42 [main] [LogUtils] - Clear and Fill VNG on By.name: value3
[INFO] 24-07-2024 15:04:42 [main] [LogUtils] - Verify element visible By.name: value4
[INFO] 24-07-2024 15:04:42 [main] [LogUtils] - Verify element visible By.name: value4
[INFO] 24-07-2024 15:04:42 [main] [LogUtils] - Clear and Fill 20240608 on By.name: value4
[INFO] 24-07-2024 15:04:42 [main] [LogUtils] - Verify element visible By.name: value5
[INFO] 24-07-2024 15:04:42 [main] [LogUtils] - Verify element visible By.name: value5
[INFO] 24-07-2024 15:04:42 [main] [LogUtils] - Clear and Fill 20240615 on By.name: value5
[INFO] 24-07-2024 15:04:42 [main] [LogUtils] - Select Option By.name: filetypeby text Excel (Data only)
[INFO] 24-07-2024 15:04:43 [main] [LogUtils] - Clicked on the element By.name: submit
[INFO] 24-07-2024 15:04:43 [main] [LogUtils] - Get text on element By.xpath: /html/body/strong[2]
[INFO] 24-07-2024 15:04:43 [main] [LogUtils] - Verify element visible By.xpath: /html/body/strong[2]
[INFO] 24-07-2024 15:04:44 [main] [LogUtils] - Clicked on the element By.xpath: /html/body/a[1]
[INFO] 24-07-2024 15:05:25 [main] [LogUtils] - Loaded all properties files.
[INFO] 24-07-2024 15:05:29 [main] [LogUtils] - Open website with URL: https://uat-report.talgroup.com/
[INFO] 24-07-2024 15:05:29 [main] [LogUtils] - Verify element visible By.name: username
[INFO] 24-07-2024 15:05:29 [main] [LogUtils] - Verify element visible By.name: username
[INFO] 24-07-2024 15:05:29 [main] [LogUtils] - Clear and Fill techvify5 on By.name: username
[INFO] 24-07-2024 15:05:29 [main] [LogUtils] - Verify element visible By.name: password
[INFO] 24-07-2024 15:05:29 [main] [LogUtils] - Verify element visible By.name: password
[INFO] 24-07-2024 15:05:29 [main] [LogUtils] - Clear and Fill exj?6RTakxrh on By.name: password
[INFO] 24-07-2024 15:05:31 [main] [LogUtils] - Clicked on the element By.name: login
[INFO] 24-07-2024 15:05:31 [main] [LogUtils] - Clicked on the element By.xpath: /html/body/table[2]/tbody/tr/td/table[2]/tbody/tr/td/table/tbody/tr[5]/td[2]/a[8]
[INFO] 24-07-2024 15:05:31 [main] [LogUtils] - Verify element visible By.name: value3
[INFO] 24-07-2024 15:05:31 [main] [LogUtils] - Verify element visible By.name: value3
[INFO] 24-07-2024 15:05:31 [main] [LogUtils] - Clear and Fill VNG on By.name: value3
[INFO] 24-07-2024 15:05:31 [main] [LogUtils] - Verify element visible By.name: value4
[INFO] 24-07-2024 15:05:31 [main] [LogUtils] - Verify element visible By.name: value4
[INFO] 24-07-2024 15:05:31 [main] [LogUtils] - Clear and Fill 20240608 on By.name: value4
[INFO] 24-07-2024 15:05:31 [main] [LogUtils] - Verify element visible By.name: value5
[INFO] 24-07-2024 15:05:31 [main] [LogUtils] - Verify element visible By.name: value5
[INFO] 24-07-2024 15:05:32 [main] [LogUtils] - Clear and Fill 20240615 on By.name: value5
[INFO] 24-07-2024 15:05:32 [main] [LogUtils] - Select Option By.name: filetypeby text Excel (Data only)
[INFO] 24-07-2024 15:05:32 [main] [LogUtils] - Clicked on the element By.name: submit
[INFO] 24-07-2024 15:05:40 [main] [LogUtils] - Get text on element By.xpath: /html/body/strong[2]
[INFO] 24-07-2024 15:05:40 [main] [LogUtils] - Verify element visible By.xpath: /html/body/strong[2]
[ERROR] 24-07-2024 15:06:32 [main] [LogUtils] - Timeout waiting for the element ready to click. By.xpath: /html/body/a[1]
[INFO] 24-07-2024 15:06:38 [main] [LogUtils] - Loaded all properties files.
[INFO] 24-07-2024 15:06:42 [main] [LogUtils] - Open website with URL: https://uat-report.talgroup.com/
[INFO] 24-07-2024 15:06:42 [main] [LogUtils] - Verify element visible By.name: username
[INFO] 24-07-2024 15:06:42 [main] [LogUtils] - Verify element visible By.name: username
[INFO] 24-07-2024 15:06:42 [main] [LogUtils] - Clear and Fill techvify5 on By.name: username
[INFO] 24-07-2024 15:06:42 [main] [LogUtils] - Verify element visible By.name: password
[INFO] 24-07-2024 15:06:42 [main] [LogUtils] - Verify element visible By.name: password
[INFO] 24-07-2024 15:06:42 [main] [LogUtils] - Clear and Fill exj?6RTakxrh on By.name: password
[INFO] 24-07-2024 15:06:43 [main] [LogUtils] - Clicked on the element By.name: login
[INFO] 24-07-2024 15:06:44 [main] [LogUtils] - Clicked on the element By.xpath: /html/body/table[2]/tbody/tr/td/table[2]/tbody/tr/td/table/tbody/tr[5]/td[2]/a[8]
[INFO] 24-07-2024 15:06:44 [main] [LogUtils] - Verify element visible By.name: value3
[INFO] 24-07-2024 15:06:44 [main] [LogUtils] - Verify element visible By.name: value3
[INFO] 24-07-2024 15:06:44 [main] [LogUtils] - Clear and Fill TAV on By.name: value3
[INFO] 24-07-2024 15:06:44 [main] [LogUtils] - Verify element visible By.name: value4
[INFO] 24-07-2024 15:06:44 [main] [LogUtils] - Verify element visible By.name: value4
[INFO] 24-07-2024 15:06:44 [main] [LogUtils] - Clear and Fill 20240608 on By.name: value4
[INFO] 24-07-2024 15:06:44 [main] [LogUtils] - Verify element visible By.name: value5
[INFO] 24-07-2024 15:06:44 [main] [LogUtils] - Verify element visible By.name: value5
[INFO] 24-07-2024 15:06:44 [main] [LogUtils] - Clear and Fill 20240615 on By.name: value5
[INFO] 24-07-2024 15:06:44 [main] [LogUtils] - Select Option By.name: filetypeby text Excel (Data only)
[INFO] 24-07-2024 15:06:44 [main] [LogUtils] - Clicked on the element By.name: submit
[INFO] 24-07-2024 15:06:53 [main] [LogUtils] - Get text on element By.xpath: /html/body/strong[2]
[INFO] 24-07-2024 15:06:53 [main] [LogUtils] - Verify element visible By.xpath: /html/body/strong[2]
[INFO] 24-07-2024 15:06:57 [main] [LogUtils] - Clicked on the element By.xpath: /html/body/a[1]
[INFO] 24-07-2024 15:08:17 [main] [LogUtils] - Loaded all properties files.
[INFO] 24-07-2024 15:08:20 [main] [LogUtils] - Open website with URL: https://uat-report.talgroup.com/
[INFO] 24-07-2024 15:08:20 [main] [LogUtils] - Verify element visible By.name: username
[INFO] 24-07-2024 15:08:20 [main] [LogUtils] - Verify element visible By.name: username
[INFO] 24-07-2024 15:08:20 [main] [LogUtils] - Clear and Fill techvify5 on By.name: username
[INFO] 24-07-2024 15:08:20 [main] [LogUtils] - Verify element visible By.name: password
[INFO] 24-07-2024 15:08:20 [main] [LogUtils] - Verify element visible By.name: password
[INFO] 24-07-2024 15:08:20 [main] [LogUtils] - Clear and Fill exj?6RTakxrh on By.name: password
[INFO] 24-07-2024 15:08:22 [main] [LogUtils] - Clicked on the element By.name: login
[INFO] 24-07-2024 15:08:22 [main] [LogUtils] - Clicked on the element By.xpath: /html/body/table[2]/tbody/tr/td/table[2]/tbody/tr/td/table/tbody/tr[5]/td[2]/a[8]
[INFO] 24-07-2024 15:08:22 [main] [LogUtils] - Verify element visible By.name: value3
[INFO] 24-07-2024 15:08:22 [main] [LogUtils] - Verify element visible By.name: value3
[INFO] 24-07-2024 15:08:22 [main] [LogUtils] - Clear and Fill TAV on By.name: value3
[INFO] 24-07-2024 15:08:22 [main] [LogUtils] - Verify element visible By.name: value4
[INFO] 24-07-2024 15:08:22 [main] [LogUtils] - Verify element visible By.name: value4
[INFO] 24-07-2024 15:08:22 [main] [LogUtils] - Clear and Fill 20240620 on By.name: value4
[INFO] 24-07-2024 15:08:22 [main] [LogUtils] - Verify element visible By.name: value5
[INFO] 24-07-2024 15:08:23 [main] [LogUtils] - Verify element visible By.name: value5
[INFO] 24-07-2024 15:08:23 [main] [LogUtils] - Clear and Fill 20240630 on By.name: value5
[INFO] 24-07-2024 15:08:23 [main] [LogUtils] - Select Option By.name: filetypeby text Excel (Data only)
[INFO] 24-07-2024 15:08:23 [main] [LogUtils] - Clicked on the element By.name: submit
[INFO] 24-07-2024 15:08:24 [main] [LogUtils] - Get text on element By.xpath: /html/body/strong[2]
[INFO] 24-07-2024 15:08:24 [main] [LogUtils] - Verify element visible By.xpath: /html/body/strong[2]
[INFO] 24-07-2024 15:08:24 [main] [LogUtils] - Clicked on the element By.xpath: /html/body/a[1]
[INFO] 24-07-2024 15:09:49 [main] [LogUtils] - Loaded all properties files.
[INFO] 24-07-2024 15:09:54 [main] [LogUtils] - Open website with URL: https://uat-report.talgroup.com/
[INFO] 24-07-2024 15:09:54 [main] [LogUtils] - Verify element visible By.name: username
[INFO] 24-07-2024 15:09:54 [main] [LogUtils] - Verify element visible By.name: username
[INFO] 24-07-2024 15:09:54 [main] [LogUtils] - Clear and Fill techvify5 on By.name: username
[INFO] 24-07-2024 15:09:54 [main] [LogUtils] - Verify element visible By.name: password
[INFO] 24-07-2024 15:09:54 [main] [LogUtils] - Verify element visible By.name: password
[INFO] 24-07-2024 15:09:54 [main] [LogUtils] - Clear and Fill exj?6RTakxrh on By.name: password
[INFO] 24-07-2024 15:09:55 [main] [LogUtils] - Clicked on the element By.name: login
[INFO] 24-07-2024 15:09:56 [main] [LogUtils] - Clicked on the element By.xpath: /html/body/table[2]/tbody/tr/td/table[2]/tbody/tr/td/table/tbody/tr[5]/td[2]/a[8]
[INFO] 24-07-2024 15:09:56 [main] [LogUtils] - Verify element visible By.name: value3
[INFO] 24-07-2024 15:09:56 [main] [LogUtils] - Verify element visible By.name: value3
[INFO] 24-07-2024 15:09:56 [main] [LogUtils] - Clear and Fill TAV on By.name: value3
[INFO] 24-07-2024 15:09:56 [main] [LogUtils] - Verify element visible By.name: value4
[INFO] 24-07-2024 15:09:56 [main] [LogUtils] - Verify element visible By.name: value4
[INFO] 24-07-2024 15:09:56 [main] [LogUtils] - Clear and Fill 20240620 on By.name: value4
[INFO] 24-07-2024 15:09:56 [main] [LogUtils] - Verify element visible By.name: value5
[INFO] 24-07-2024 15:09:56 [main] [LogUtils] - Verify element visible By.name: value5
[INFO] 24-07-2024 15:09:56 [main] [LogUtils] - Clear and Fill 20240630 on By.name: value5
[INFO] 24-07-2024 15:09:56 [main] [LogUtils] - Select Option By.name: filetypeby text Excel (Data only)
[INFO] 24-07-2024 15:09:56 [main] [LogUtils] - Clicked on the element By.name: submit
[INFO] 24-07-2024 15:09:57 [main] [LogUtils] - Get text on element By.xpath: /html/body/strong[2]
[INFO] 24-07-2024 15:09:57 [main] [LogUtils] - Verify element visible By.xpath: /html/body/strong[2]
[INFO] 24-07-2024 15:09:58 [main] [LogUtils] - Clicked on the element By.xpath: /html/body/a[1]
[INFO] 24-07-2024 15:10:33 [main] [LogUtils] - Loaded all properties files.
[INFO] 24-07-2024 15:10:36 [main] [LogUtils] - Open website with URL: https://uat-report.talgroup.com/
[INFO] 24-07-2024 15:10:36 [main] [LogUtils] - Verify element visible By.name: username
[INFO] 24-07-2024 15:10:36 [main] [LogUtils] - Verify element visible By.name: username
[INFO] 24-07-2024 15:10:36 [main] [LogUtils] - Clear and Fill techvify5 on By.name: username
[INFO] 24-07-2024 15:10:36 [main] [LogUtils] - Verify element visible By.name: password
[INFO] 24-07-2024 15:10:36 [main] [LogUtils] - Verify element visible By.name: password
[INFO] 24-07-2024 15:10:37 [main] [LogUtils] - Clear and Fill exj?6RTakxrh on By.name: password
[INFO] 24-07-2024 15:10:38 [main] [LogUtils] - Clicked on the element By.name: login
[INFO] 24-07-2024 15:10:38 [main] [LogUtils] - Clicked on the element By.xpath: /html/body/table[2]/tbody/tr/td/table[2]/tbody/tr/td/table/tbody/tr[5]/td[2]/a[8]
[INFO] 24-07-2024 15:10:38 [main] [LogUtils] - Verify element visible By.name: value3
[INFO] 24-07-2024 15:10:38 [main] [LogUtils] - Verify element visible By.name: value3
[INFO] 24-07-2024 15:10:38 [main] [LogUtils] - Clear and Fill TAV on By.name: value3
[INFO] 24-07-2024 15:10:38 [main] [LogUtils] - Verify element visible By.name: value4
[INFO] 24-07-2024 15:10:38 [main] [LogUtils] - Verify element visible By.name: value4
[INFO] 24-07-2024 15:10:38 [main] [LogUtils] - Clear and Fill 20240701 on By.name: value4
[INFO] 24-07-2024 15:10:38 [main] [LogUtils] - Verify element visible By.name: value5
[INFO] 24-07-2024 15:10:39 [main] [LogUtils] - Verify element visible By.name: value5
[INFO] 24-07-2024 15:10:39 [main] [LogUtils] - Clear and Fill 20240722 on By.name: value5
[INFO] 24-07-2024 15:10:39 [main] [LogUtils] - Select Option By.name: filetypeby text Excel (Data only)
[INFO] 24-07-2024 15:10:39 [main] [LogUtils] - Clicked on the element By.name: submit
[INFO] 24-07-2024 15:10:40 [main] [LogUtils] - Get text on element By.xpath: /html/body/strong[2]
[INFO] 24-07-2024 15:10:40 [main] [LogUtils] - Verify element visible By.xpath: /html/body/strong[2]
[INFO] 24-07-2024 15:10:40 [main] [LogUtils] - Clicked on the element By.xpath: /html/body/a[1]
[INFO] 24-07-2024 15:12:38 [main] [LogUtils] - Loaded all properties files.
[INFO] 24-07-2024 15:12:43 [main] [LogUtils] - Open website with URL: https://uat-report.talgroup.com/
[INFO] 24-07-2024 15:12:43 [main] [LogUtils] - Verify element visible By.name: username
[INFO] 24-07-2024 15:12:43 [main] [LogUtils] - Verify element visible By.name: username
[INFO] 24-07-2024 15:12:43 [main] [LogUtils] - Clear and Fill techvify5 on By.name: username
[INFO] 24-07-2024 15:12:43 [main] [LogUtils] - Verify element visible By.name: password
[INFO] 24-07-2024 15:12:43 [main] [LogUtils] - Verify element visible By.name: password
[INFO] 24-07-2024 15:12:43 [main] [LogUtils] - Clear and Fill exj?6RTakxrh on By.name: password
[INFO] 24-07-2024 15:12:45 [main] [LogUtils] - Clicked on the element By.name: login
[INFO] 24-07-2024 15:12:45 [main] [LogUtils] - Clicked on the element By.xpath: /html/body/table[2]/tbody/tr/td/table[2]/tbody/tr/td/table/tbody/tr[5]/td[2]/a[8]
[INFO] 24-07-2024 15:12:45 [main] [LogUtils] - Verify element visible By.name: value3
[INFO] 24-07-2024 15:12:45 [main] [LogUtils] - Verify element visible By.name: value3
[INFO] 24-07-2024 15:12:45 [main] [LogUtils] - Clear and Fill VNG on By.name: value3
[INFO] 24-07-2024 15:12:45 [main] [LogUtils] - Verify element visible By.name: value4
[INFO] 24-07-2024 15:12:45 [main] [LogUtils] - Verify element visible By.name: value4
[INFO] 24-07-2024 15:12:45 [main] [LogUtils] - Clear and Fill 20240701 on By.name: value4
[INFO] 24-07-2024 15:12:45 [main] [LogUtils] - Verify element visible By.name: value5
[INFO] 24-07-2024 15:12:45 [main] [LogUtils] - Verify element visible By.name: value5
[INFO] 24-07-2024 15:12:45 [main] [LogUtils] - Clear and Fill 20240722 on By.name: value5
[INFO] 24-07-2024 15:12:45 [main] [LogUtils] - Select Option By.name: filetypeby text Excel (Data only)
[INFO] 24-07-2024 15:12:46 [main] [LogUtils] - Clicked on the element By.name: submit
[INFO] 24-07-2024 15:12:47 [main] [LogUtils] - Get text on element By.xpath: /html/body/strong[2]
[INFO] 24-07-2024 15:12:47 [main] [LogUtils] - Verify element visible By.xpath: /html/body/strong[2]
[INFO] 24-07-2024 15:12:47 [main] [LogUtils] - Clicked on the element By.xpath: /html/body/a[1]
[INFO] 24-07-2024 15:18:24 [main] [LogUtils] - Loaded all properties files.
[INFO] 24-07-2024 15:18:28 [main] [LogUtils] - Open website with URL: https://uat-report.talgroup.com/
[INFO] 24-07-2024 15:18:29 [main] [LogUtils] - Verify element visible By.name: username
[INFO] 24-07-2024 15:18:29 [main] [LogUtils] - Verify element visible By.name: username
[INFO] 24-07-2024 15:18:29 [main] [LogUtils] - Clear and Fill techvify5 on By.name: username
[INFO] 24-07-2024 15:18:29 [main] [LogUtils] - Verify element visible By.name: password
[INFO] 24-07-2024 15:18:29 [main] [LogUtils] - Verify element visible By.name: password
[INFO] 24-07-2024 15:18:29 [main] [LogUtils] - Clear and Fill exj?6RTakxrh on By.name: password
[INFO] 24-07-2024 15:18:30 [main] [LogUtils] - Clicked on the element By.name: login
[INFO] 24-07-2024 15:18:31 [main] [LogUtils] - Clicked on the element By.xpath: /html/body/table[2]/tbody/tr/td/table[2]/tbody/tr/td/table/tbody/tr[5]/td[2]/a[8]
[INFO] 24-07-2024 15:18:31 [main] [LogUtils] - Verify element visible By.name: value3
[INFO] 24-07-2024 15:18:31 [main] [LogUtils] - Verify element visible By.name: value3
[INFO] 24-07-2024 15:18:31 [main] [LogUtils] - Clear and Fill TAV on By.name: value3
[INFO] 24-07-2024 15:18:31 [main] [LogUtils] - Verify element visible By.name: value4
[INFO] 24-07-2024 15:18:31 [main] [LogUtils] - Verify element visible By.name: value4
[INFO] 24-07-2024 15:18:31 [main] [LogUtils] - Clear and Fill 20240701 on By.name: value4
[INFO] 24-07-2024 15:18:31 [main] [LogUtils] - Verify element visible By.name: value5
[INFO] 24-07-2024 15:18:31 [main] [LogUtils] - Verify element visible By.name: value5
[INFO] 24-07-2024 15:18:31 [main] [LogUtils] - Clear and Fill 20240722 on By.name: value5
[INFO] 24-07-2024 15:18:31 [main] [LogUtils] - Select Option By.name: filetypeby text Excel (Data only)
[INFO] 24-07-2024 15:18:31 [main] [LogUtils] - Clicked on the element By.name: submit
[INFO] 24-07-2024 15:18:32 [main] [LogUtils] - Get text on element By.xpath: /html/body/strong[2]
[INFO] 24-07-2024 15:18:32 [main] [LogUtils] - Verify element visible By.xpath: /html/body/strong[2]
[INFO] 24-07-2024 15:18:33 [main] [LogUtils] - Clicked on the element By.xpath: /html/body/a[1]
[INFO] 24-07-2024 15:19:22 [main] [LogUtils] - Loaded all properties files.
[INFO] 24-07-2024 15:19:25 [main] [LogUtils] - Open website with URL: https://uat-report.talgroup.com/
[INFO] 24-07-2024 15:19:25 [main] [LogUtils] - Verify element visible By.name: username
[INFO] 24-07-2024 15:19:25 [main] [LogUtils] - Verify element visible By.name: username
[INFO] 24-07-2024 15:19:25 [main] [LogUtils] - Clear and Fill techvify5 on By.name: username
[INFO] 24-07-2024 15:19:25 [main] [LogUtils] - Verify element visible By.name: password
[INFO] 24-07-2024 15:19:25 [main] [LogUtils] - Verify element visible By.name: password
[INFO] 24-07-2024 15:19:25 [main] [LogUtils] - Clear and Fill exj?6RTakxrh on By.name: password
[INFO] 24-07-2024 15:19:26 [main] [LogUtils] - Clicked on the element By.name: login
[INFO] 24-07-2024 15:19:27 [main] [LogUtils] - Clicked on the element By.xpath: /html/body/table[2]/tbody/tr/td/table[2]/tbody/tr/td/table/tbody/tr[5]/td[2]/a[8]
[INFO] 24-07-2024 15:19:27 [main] [LogUtils] - Verify element visible By.name: value3
[INFO] 24-07-2024 15:19:27 [main] [LogUtils] - Verify element visible By.name: value3
[INFO] 24-07-2024 15:19:27 [main] [LogUtils] - Clear and Fill VNG on By.name: value3
[INFO] 24-07-2024 15:19:27 [main] [LogUtils] - Verify element visible By.name: value4
[INFO] 24-07-2024 15:19:27 [main] [LogUtils] - Verify element visible By.name: value4
[INFO] 24-07-2024 15:19:27 [main] [LogUtils] - Clear and Fill 20240601 on By.name: value4
[INFO] 24-07-2024 15:19:27 [main] [LogUtils] - Verify element visible By.name: value5
[INFO] 24-07-2024 15:19:27 [main] [LogUtils] - Verify element visible By.name: value5
[INFO] 24-07-2024 15:19:27 [main] [LogUtils] - Clear and Fill 20240607 on By.name: value5
[INFO] 24-07-2024 15:19:27 [main] [LogUtils] - Select Option By.name: filetypeby text Excel (Data only)
[INFO] 24-07-2024 15:19:27 [main] [LogUtils] - Clicked on the element By.name: submit
[INFO] 24-07-2024 15:19:28 [main] [LogUtils] - Get text on element By.xpath: /html/body/strong[2]
[INFO] 24-07-2024 15:19:28 [main] [LogUtils] - Verify element visible By.xpath: /html/body/strong[2]
[INFO] 24-07-2024 15:19:29 [main] [LogUtils] - Clicked on the element By.xpath: /html/body/a[1]
[INFO] 24-07-2024 15:19:58 [main] [LogUtils] - Loaded all properties files.
[INFO] 24-07-2024 15:20:03 [main] [LogUtils] - Open website with URL: https://uat-report.talgroup.com/
[INFO] 24-07-2024 15:20:03 [main] [LogUtils] - Verify element visible By.name: username
[INFO] 24-07-2024 15:20:03 [main] [LogUtils] - Verify element visible By.name: username
[INFO] 24-07-2024 15:20:03 [main] [LogUtils] - Clear and Fill techvify5 on By.name: username
[INFO] 24-07-2024 15:20:03 [main] [LogUtils] - Verify element visible By.name: password
[INFO] 24-07-2024 15:20:03 [main] [LogUtils] - Verify element visible By.name: password
[INFO] 24-07-2024 15:20:03 [main] [LogUtils] - Clear and Fill exj?6RTakxrh on By.name: password
[INFO] 24-07-2024 15:20:04 [main] [LogUtils] - Clicked on the element By.name: login
[INFO] 24-07-2024 15:20:05 [main] [LogUtils] - Clicked on the element By.xpath: /html/body/table[2]/tbody/tr/td/table[2]/tbody/tr/td/table/tbody/tr[5]/td[2]/a[8]
[INFO] 24-07-2024 15:20:05 [main] [LogUtils] - Verify element visible By.name: value3
[INFO] 24-07-2024 15:20:05 [main] [LogUtils] - Verify element visible By.name: value3
[INFO] 24-07-2024 15:20:05 [main] [LogUtils] - Clear and Fill VNG on By.name: value3
[INFO] 24-07-2024 15:20:05 [main] [LogUtils] - Verify element visible By.name: value4
[INFO] 24-07-2024 15:20:05 [main] [LogUtils] - Verify element visible By.name: value4
[INFO] 24-07-2024 15:20:05 [main] [LogUtils] - Clear and Fill 20240501 on By.name: value4
[INFO] 24-07-2024 15:20:05 [main] [LogUtils] - Verify element visible By.name: value5
[INFO] 24-07-2024 15:20:05 [main] [LogUtils] - Verify element visible By.name: value5
[INFO] 24-07-2024 15:20:05 [main] [LogUtils] - Clear and Fill 20240507 on By.name: value5
[INFO] 24-07-2024 15:20:05 [main] [LogUtils] - Select Option By.name: filetypeby text Excel (Data only)
[INFO] 24-07-2024 15:20:06 [main] [LogUtils] - Clicked on the element By.name: submit
[INFO] 24-07-2024 15:20:07 [main] [LogUtils] - Get text on element By.xpath: /html/body/strong[2]
[INFO] 24-07-2024 15:20:07 [main] [LogUtils] - Verify element visible By.xpath: /html/body/strong[2]
[INFO] 24-07-2024 15:20:07 [main] [LogUtils] - Clicked on the element By.xpath: /html/body/a[1]
[INFO] 24-07-2024 15:20:40 [main] [LogUtils] - Loaded all properties files.
[INFO] 24-07-2024 15:20:42 [main] [LogUtils] - Open website with URL: https://uat-report.talgroup.com/
[INFO] 24-07-2024 15:20:42 [main] [LogUtils] - Verify element visible By.name: username
[INFO] 24-07-2024 15:20:42 [main] [LogUtils] - Verify element visible By.name: username
[INFO] 24-07-2024 15:20:42 [main] [LogUtils] - Clear and Fill techvify5 on By.name: username
[INFO] 24-07-2024 15:20:42 [main] [LogUtils] - Verify element visible By.name: password
[INFO] 24-07-2024 15:20:42 [main] [LogUtils] - Verify element visible By.name: password
[INFO] 24-07-2024 15:20:43 [main] [LogUtils] - Clear and Fill exj?6RTakxrh on By.name: password
[INFO] 24-07-2024 15:20:44 [main] [LogUtils] - Clicked on the element By.name: login
[INFO] 24-07-2024 15:20:44 [main] [LogUtils] - Clicked on the element By.xpath: /html/body/table[2]/tbody/tr/td/table[2]/tbody/tr/td/table/tbody/tr[5]/td[2]/a[8]
[INFO] 24-07-2024 15:20:44 [main] [LogUtils] - Verify element visible By.name: value3
[INFO] 24-07-2024 15:20:44 [main] [LogUtils] - Verify element visible By.name: value3
[INFO] 24-07-2024 15:20:44 [main] [LogUtils] - Clear and Fill TAV on By.name: value3
[INFO] 24-07-2024 15:20:44 [main] [LogUtils] - Verify element visible By.name: value4
[INFO] 24-07-2024 15:20:44 [main] [LogUtils] - Verify element visible By.name: value4
[INFO] 24-07-2024 15:20:44 [main] [LogUtils] - Clear and Fill 20240510 on By.name: value4
[INFO] 24-07-2024 15:20:44 [main] [LogUtils] - Verify element visible By.name: value5
[INFO] 24-07-2024 15:20:45 [main] [LogUtils] - Verify element visible By.name: value5
[INFO] 24-07-2024 15:20:45 [main] [LogUtils] - Clear and Fill 20240511 on By.name: value5
[INFO] 24-07-2024 15:20:45 [main] [LogUtils] - Select Option By.name: filetypeby text Excel (Data only)
[INFO] 24-07-2024 15:20:45 [main] [LogUtils] - Clicked on the element By.name: submit
[INFO] 24-07-2024 15:20:46 [main] [LogUtils] - Get text on element By.xpath: /html/body/strong[2]
[INFO] 24-07-2024 15:20:46 [main] [LogUtils] - Verify element visible By.xpath: /html/body/strong[2]
[INFO] 24-07-2024 15:20:46 [main] [LogUtils] - Clicked on the element By.xpath: /html/body/a[1]
[INFO] 24-07-2024 15:39:42 [main] [LogUtils] - Loaded all properties files.
[INFO] 24-07-2024 15:39:47 [main] [LogUtils] - Open website with URL: https://uat-report.talgroup.com/
[INFO] 24-07-2024 15:39:47 [main] [LogUtils] - Verify element visible By.name: username
[INFO] 24-07-2024 15:39:47 [main] [LogUtils] - Verify element visible By.name: username
[INFO] 24-07-2024 15:39:47 [main] [LogUtils] - Clear and Fill techvify5 on By.name: username
[INFO] 24-07-2024 15:39:47 [main] [LogUtils] - Verify element visible By.name: password
[INFO] 24-07-2024 15:39:47 [main] [LogUtils] - Verify element visible By.name: password
[INFO] 24-07-2024 15:39:47 [main] [LogUtils] - Clear and Fill exj?6RTakxrh on By.name: password
[INFO] 24-07-2024 15:39:48 [main] [LogUtils] - Clicked on the element By.name: login
[INFO] 24-07-2024 15:39:48 [main] [LogUtils] - Clicked on the element By.xpath: /html/body/table[2]/tbody/tr/td/table[2]/tbody/tr/td/table/tbody/tr[5]/td[2]/a[8]
[INFO] 24-07-2024 15:39:49 [main] [LogUtils] - Clicked on the element By.xpath: /html/body/table[3]/tbody/tr/td/table[1]/tbody/tr/td[2]/a
[INFO] 24-07-2024 15:39:49 [main] [LogUtils] - Verify Option Selected by text: Today
[INFO] 24-07-2024 15:40:36 [main] [LogUtils] - Loaded all properties files.
[INFO] 24-07-2024 15:40:38 [main] [LogUtils] - Open website with URL: https://uat-report.talgroup.com/
[INFO] 24-07-2024 15:40:38 [main] [LogUtils] - Verify element visible By.name: username
[INFO] 24-07-2024 15:40:38 [main] [LogUtils] - Verify element visible By.name: username
[INFO] 24-07-2024 15:40:38 [main] [LogUtils] - Clear and Fill techvify5 on By.name: username
[INFO] 24-07-2024 15:40:38 [main] [LogUtils] - Verify element visible By.name: password
[INFO] 24-07-2024 15:40:38 [main] [LogUtils] - Verify element visible By.name: password
[INFO] 24-07-2024 15:40:38 [main] [LogUtils] - Clear and Fill exj?6RTakxrh on By.name: password
[INFO] 24-07-2024 15:40:39 [main] [LogUtils] - Clicked on the element By.name: login
[INFO] 24-07-2024 15:40:40 [main] [LogUtils] - Clicked on the element By.xpath: /html/body/table[2]/tbody/tr/td/table[2]/tbody/tr/td/table/tbody/tr[5]/td[2]/a[8]
[INFO] 24-07-2024 15:40:40 [main] [LogUtils] - Clicked on the element By.xpath: /html/body/table[3]/tbody/tr/td/table[1]/tbody/tr/td[2]/a
[INFO] 24-07-2024 15:40:40 [main] [LogUtils] - Clicked on the element By.name: sp
[INFO] 24-07-2024 15:40:40 [main] [LogUtils] - Verify Option Selected by text: Today
[INFO] 24-07-2024 15:41:05 [main] [LogUtils] - Loaded all properties files.
[INFO] 24-07-2024 15:41:09 [main] [LogUtils] - Open website with URL: https://uat-report.talgroup.com/
[INFO] 24-07-2024 15:41:09 [main] [LogUtils] - Verify element visible By.name: username
[INFO] 24-07-2024 15:41:09 [main] [LogUtils] - Verify element visible By.name: username
[INFO] 24-07-2024 15:41:09 [main] [LogUtils] - Clear and Fill techvify5 on By.name: username
[INFO] 24-07-2024 15:41:09 [main] [LogUtils] - Verify element visible By.name: password
[INFO] 24-07-2024 15:41:09 [main] [LogUtils] - Verify element visible By.name: password
[INFO] 24-07-2024 15:41:09 [main] [LogUtils] - Clear and Fill exj?6RTakxrh on By.name: password
[INFO] 24-07-2024 15:41:11 [main] [LogUtils] - Clicked on the element By.name: login
[INFO] 24-07-2024 15:41:11 [main] [LogUtils] - Clicked on the element By.xpath: /html/body/table[2]/tbody/tr/td/table[2]/tbody/tr/td/table/tbody/tr[5]/td[2]/a[8]
[INFO] 24-07-2024 15:41:11 [main] [LogUtils] - Clicked on the element By.xpath: /html/body/table[3]/tbody/tr/td/table[1]/tbody/tr/td[2]/a
[INFO] 24-07-2024 15:41:11 [main] [LogUtils] - Select Option By.name: spby text 3 Days
[INFO] 24-07-2024 15:41:11 [main] [LogUtils] - Clicked on the element [[[[[[ChromeDriver: chrome on windows (de337f1c149af28b2e82cc6f4380b81f)] -> xpath: /html/body/table[3]/tbody/tr/td/table/tbody/tr/td/table/tbody]] -> tag name: tr]] -> tag name: td]
[INFO] 24-07-2024 15:41:58 [main] [LogUtils] - Loaded all properties files.
[INFO] 24-07-2024 15:42:00 [main] [LogUtils] - Open website with URL: https://uat-report.talgroup.com/
[INFO] 24-07-2024 15:42:00 [main] [LogUtils] - Verify element visible By.name: username
[INFO] 24-07-2024 15:42:00 [main] [LogUtils] - Verify element visible By.name: username
[INFO] 24-07-2024 15:42:00 [main] [LogUtils] - Clear and Fill techvify5 on By.name: username
[INFO] 24-07-2024 15:42:01 [main] [LogUtils] - Verify element visible By.name: password
[INFO] 24-07-2024 15:42:01 [main] [LogUtils] - Verify element visible By.name: password
[INFO] 24-07-2024 15:42:01 [main] [LogUtils] - Clear and Fill exj?6RTakxrh on By.name: password
[INFO] 24-07-2024 15:42:02 [main] [LogUtils] - Clicked on the element By.name: login
[INFO] 24-07-2024 15:42:02 [main] [LogUtils] - Clicked on the element By.xpath: /html/body/table[2]/tbody/tr/td/table[2]/tbody/tr/td/table/tbody/tr[5]/td[2]/a[8]
[INFO] 24-07-2024 15:42:03 [main] [LogUtils] - Clicked on the element By.xpath: /html/body/table[3]/tbody/tr/td/table[1]/tbody/tr/td[2]/a
[INFO] 24-07-2024 15:42:03 [main] [LogUtils] - Select Option By.name: spby text 3 Days
[INFO] 24-07-2024 15:42:27 [main] [LogUtils] - Clicked on the element [[[[[[[[ChromeDriver: chrome on windows (11589963b36637a36aa9007e995e3f32)] -> xpath: /html/body/table[3]/tbody/tr/td/table/tbody/tr/td/table/tbody]] -> tag name: tr]] -> tag name: td]] -> tag name: a]
[INFO] 24-07-2024 15:44:59 [main] [LogUtils] - Loaded all properties files.
[INFO] 24-07-2024 15:45:02 [main] [LogUtils] - Open website with URL: https://uat-report.talgroup.com/
[INFO] 24-07-2024 15:45:02 [main] [LogUtils] - Verify element visible By.name: username
[INFO] 24-07-2024 15:45:02 [main] [LogUtils] - Verify element visible By.name: username
[INFO] 24-07-2024 15:45:02 [main] [LogUtils] - Clear and Fill techvify5 on By.name: username
[INFO] 24-07-2024 15:45:02 [main] [LogUtils] - Verify element visible By.name: password
[INFO] 24-07-2024 15:45:02 [main] [LogUtils] - Verify element visible By.name: password
[INFO] 24-07-2024 15:45:02 [main] [LogUtils] - Clear and Fill exj?6RTakxrh on By.name: password
[INFO] 24-07-2024 15:45:04 [main] [LogUtils] - Clicked on the element By.name: login
[INFO] 24-07-2024 15:45:04 [main] [LogUtils] - Clicked on the element By.xpath: /html/body/table[2]/tbody/tr/td/table[2]/tbody/tr/td/table/tbody/tr[5]/td[2]/a[8]
[INFO] 24-07-2024 15:45:05 [main] [LogUtils] - Clicked on the element By.xpath: /html/body/table[3]/tbody/tr/td/table[1]/tbody/tr/td[2]/a
[INFO] 24-07-2024 15:45:05 [main] [LogUtils] - Select Option By.name: spby text 3 Days
[INFO] 24-07-2024 15:45:16 [main] [LogUtils] - Clicked on the element [[[[[[[[ChromeDriver: chrome on windows (f067c43683ac14f03cc8cb4924ee70db)] -> xpath: /html/body/table[3]/tbody/tr/td/table/tbody/tr/td/table/tbody]] -> tag name: tr]] -> tag name: td]] -> tag name: a]
[INFO] 24-07-2024 15:46:48 [main] [LogUtils] - Loaded all properties files.
[INFO] 24-07-2024 15:46:53 [main] [LogUtils] - Open website with URL: https://uat-report.talgroup.com/
[INFO] 24-07-2024 15:46:53 [main] [LogUtils] - Verify element visible By.name: username
[INFO] 24-07-2024 15:46:53 [main] [LogUtils] - Verify element visible By.name: username
[INFO] 24-07-2024 15:46:53 [main] [LogUtils] - Clear and Fill techvify5 on By.name: username
[INFO] 24-07-2024 15:46:53 [main] [LogUtils] - Verify element visible By.name: password
[INFO] 24-07-2024 15:46:53 [main] [LogUtils] - Verify element visible By.name: password
[INFO] 24-07-2024 15:46:54 [main] [LogUtils] - Clear and Fill exj?6RTakxrh on By.name: password
[INFO] 24-07-2024 15:46:55 [main] [LogUtils] - Clicked on the element By.name: login
[INFO] 24-07-2024 15:46:56 [main] [LogUtils] - Clicked on the element By.xpath: /html/body/table[2]/tbody/tr/td/table[2]/tbody/tr/td/table/tbody/tr[5]/td[2]/a[8]
[INFO] 24-07-2024 15:46:56 [main] [LogUtils] - Clicked on the element By.xpath: /html/body/table[3]/tbody/tr/td/table[1]/tbody/tr/td[2]/a
[INFO] 24-07-2024 15:46:56 [main] [LogUtils] - Select Option By.name: spby text 3 Days
[INFO] 24-07-2024 15:46:57 [main] [LogUtils] - Clicked on the element [[[[[[[[ChromeDriver: chrome on windows (403aa270d229d8a818d72690ae0fbfe3)] -> xpath: /html/body/table[3]/tbody/tr/td/table/tbody/tr/td/table/tbody]] -> tag name: tr]] -> tag name: td]] -> tag name: a]
[INFO] 24-07-2024 15:49:36 [main] [LogUtils] - Loaded all properties files.
[INFO] 24-07-2024 15:49:40 [main] [LogUtils] - Open website with URL: https://uat-report.talgroup.com/
[INFO] 24-07-2024 15:49:40 [main] [LogUtils] - Verify element visible By.name: username
[INFO] 24-07-2024 15:49:40 [main] [LogUtils] - Verify element visible By.name: username
[INFO] 24-07-2024 15:49:41 [main] [LogUtils] - Clear and Fill techvify5 on By.name: username
[INFO] 24-07-2024 15:49:41 [main] [LogUtils] - Verify element visible By.name: password
[INFO] 24-07-2024 15:49:41 [main] [LogUtils] - Verify element visible By.name: password
[INFO] 24-07-2024 15:49:41 [main] [LogUtils] - Clear and Fill exj?6RTakxrh on By.name: password
[INFO] 24-07-2024 15:49:42 [main] [LogUtils] - Clicked on the element By.name: login
[INFO] 24-07-2024 15:49:42 [main] [LogUtils] - Clicked on the element By.xpath: /html/body/table[2]/tbody/tr/td/table[2]/tbody/tr/td/table/tbody/tr[5]/td[2]/a[8]
[INFO] 24-07-2024 15:49:43 [main] [LogUtils] - Clicked on the element By.xpath: /html/body/table[3]/tbody/tr/td/table[1]/tbody/tr/td[2]/a
[INFO] 24-07-2024 15:49:43 [main] [LogUtils] - Select Option By.name: spby text 3 Days
[INFO] 24-07-2024 15:49:43 [main] [LogUtils] - Clicked on the element [[[[[[[[ChromeDriver: chrome on windows (6b82da7fe87e065440c89a4002c54cbf)] -> xpath: /html/body/table[3]/tbody/tr/td/table/tbody/tr/td/table/tbody]] -> tag name: tr]] -> tag name: td]] -> tag name: a]
[INFO] 24-07-2024 15:50:18 [main] [LogUtils] - Loaded all properties files.
[INFO] 24-07-2024 15:50:22 [main] [LogUtils] - Open website with URL: https://uat-report.talgroup.com/
[INFO] 24-07-2024 15:50:22 [main] [LogUtils] - Verify element visible By.name: username
[INFO] 24-07-2024 15:50:22 [main] [LogUtils] - Verify element visible By.name: username
[INFO] 24-07-2024 15:50:22 [main] [LogUtils] - Clear and Fill techvify5 on By.name: username
[INFO] 24-07-2024 15:50:22 [main] [LogUtils] - Verify element visible By.name: password
[INFO] 24-07-2024 15:50:22 [main] [LogUtils] - Verify element visible By.name: password
[INFO] 24-07-2024 15:50:22 [main] [LogUtils] - Clear and Fill exj?6RTakxrh on By.name: password
[INFO] 24-07-2024 15:50:23 [main] [LogUtils] - Clicked on the element By.name: login
[INFO] 24-07-2024 15:50:24 [main] [LogUtils] - Clicked on the element By.xpath: /html/body/table[2]/tbody/tr/td/table[2]/tbody/tr/td/table/tbody/tr[5]/td[2]/a[8]
[INFO] 24-07-2024 15:50:24 [main] [LogUtils] - Clicked on the element By.xpath: /html/body/table[3]/tbody/tr/td/table[1]/tbody/tr/td[2]/a
[INFO] 24-07-2024 15:50:24 [main] [LogUtils] - Select Option By.name: spby text 3 Days
[INFO] 24-07-2024 15:50:24 [main] [LogUtils] - Clicked on the element [[[[[[[[ChromeDriver: chrome on windows (dc8ec0ac51a1dbdef00ace1daf60a2a8)] -> xpath: /html/body/table[3]/tbody/tr/td/table/tbody/tr/td/table/tbody]] -> tag name: tr]] -> tag name: td]] -> tag name: a]
[INFO] 24-07-2024 15:57:07 [main] [LogUtils] - Loaded all properties files.
[INFO] 24-07-2024 15:57:12 [main] [LogUtils] - Open website with URL: https://uat-report.talgroup.com/
[INFO] 24-07-2024 15:57:12 [main] [LogUtils] - Verify element visible By.name: username
[INFO] 24-07-2024 15:57:12 [main] [LogUtils] - Verify element visible By.name: username
[INFO] 24-07-2024 15:57:12 [main] [LogUtils] - Clear and Fill techvify5 on By.name: username
[INFO] 24-07-2024 15:57:12 [main] [LogUtils] - Verify element visible By.name: password
[INFO] 24-07-2024 15:57:12 [main] [LogUtils] - Verify element visible By.name: password
[INFO] 24-07-2024 15:57:12 [main] [LogUtils] - Clear and Fill exj?6RTakxrh on By.name: password
[INFO] 24-07-2024 15:57:13 [main] [LogUtils] - Clicked on the element By.name: login
[INFO] 24-07-2024 15:57:13 [main] [LogUtils] - Clicked on the element By.xpath: /html/body/table[2]/tbody/tr/td/table[2]/tbody/tr/td/table/tbody/tr[5]/td[2]/a[8]
[INFO] 24-07-2024 15:57:14 [main] [LogUtils] - Clicked on the element By.xpath: /html/body/table[3]/tbody/tr/td/table[1]/tbody/tr/td[2]/a
[INFO] 24-07-2024 15:57:14 [main] [LogUtils] - Select Option By.name: spby text 3 Days
[INFO] 24-07-2024 15:57:14 [main] [LogUtils] - Clicked on the element By.xpath: /html/body/table[3]/tbody/tr/td/table/tbody/tr/td/table/tbody/tr[2]/td[6]/a
[INFO] 24-07-2024 16:13:47 [main] [LogUtils] - Loaded all properties files.
[INFO] 24-07-2024 16:13:50 [main] [LogUtils] - Open website with URL: https://uat-report.talgroup.com/
[INFO] 24-07-2024 16:13:51 [main] [LogUtils] - Verify element visible By.name: username
[INFO] 24-07-2024 16:13:51 [main] [LogUtils] - Verify element visible By.name: username
[INFO] 24-07-2024 16:13:51 [main] [LogUtils] - Clear and Fill techvify5 on By.name: username
[INFO] 24-07-2024 16:13:51 [main] [LogUtils] - Verify element visible By.name: password
[INFO] 24-07-2024 16:13:51 [main] [LogUtils] - Verify element visible By.name: password
[INFO] 24-07-2024 16:13:51 [main] [LogUtils] - Clear and Fill exj?6RTakxrh on By.name: password
[INFO] 24-07-2024 16:13:52 [main] [LogUtils] - Clicked on the element By.name: login
[INFO] 24-07-2024 16:13:52 [main] [LogUtils] - Clicked on the element By.xpath: /html/body/table[2]/tbody/tr/td/table[2]/tbody/tr/td/table/tbody/tr[5]/td[2]/a[8]
[INFO] 24-07-2024 16:13:53 [main] [LogUtils] - Clicked on the element By.xpath: /html/body/table[3]/tbody/tr/td/table[1]/tbody/tr/td[2]/a
[INFO] 24-07-2024 16:13:53 [main] [LogUtils] - Select Option By.name: spby text 3 Days
[INFO] 24-07-2024 16:13:53 [main] [LogUtils] - Clicked on the element By.xpath: /html/body/table[3]/tbody/tr/td/table/tbody/tr/td/table/tbody/tr[2]/td[6]/a
[INFO] 24-07-2024 16:14:47 [main] [LogUtils] - Loaded all properties files.
[INFO] 24-07-2024 16:14:51 [main] [LogUtils] - Open website with URL: https://uat-report.talgroup.com/
[INFO] 24-07-2024 16:14:51 [main] [LogUtils] - Verify element visible By.name: username
[INFO] 24-07-2024 16:14:51 [main] [LogUtils] - Verify element visible By.name: username
[INFO] 24-07-2024 16:14:52 [main] [LogUtils] - Clear and Fill techvify5 on By.name: username
[INFO] 24-07-2024 16:14:52 [main] [LogUtils] - Verify element visible By.name: password
[INFO] 24-07-2024 16:14:52 [main] [LogUtils] - Verify element visible By.name: password
[INFO] 24-07-2024 16:14:52 [main] [LogUtils] - Clear and Fill exj?6RTakxrh on By.name: password
[INFO] 24-07-2024 16:14:53 [main] [LogUtils] - Clicked on the element By.name: login
[INFO] 24-07-2024 16:14:53 [main] [LogUtils] - Clicked on the element By.xpath: /html/body/table[2]/tbody/tr/td/table[2]/tbody/tr/td/table/tbody/tr[5]/td[2]/a[8]
[INFO] 24-07-2024 16:14:53 [main] [LogUtils] - Clicked on the element By.xpath: /html/body/table[3]/tbody/tr/td/table[1]/tbody/tr/td[2]/a
[INFO] 24-07-2024 16:14:54 [main] [LogUtils] - Select Option By.name: spby text 3 Days
[INFO] 24-07-2024 16:14:54 [main] [LogUtils] - Clicked on the element By.xpath: /html/body/table[3]/tbody/tr/td/table/tbody/tr/td/table/tbody/tr[2]/td[6]/a
[INFO] 24-07-2024 16:15:20 [main] [LogUtils] - Loaded all properties files.
[INFO] 24-07-2024 16:15:23 [main] [LogUtils] - Open website with URL: https://uat-report.talgroup.com/
[INFO] 24-07-2024 16:15:23 [main] [LogUtils] - Verify element visible By.name: username
[INFO] 24-07-2024 16:15:24 [main] [LogUtils] - Verify element visible By.name: username
[INFO] 24-07-2024 16:15:24 [main] [LogUtils] - Clear and Fill techvify5 on By.name: username
[INFO] 24-07-2024 16:15:24 [main] [LogUtils] - Verify element visible By.name: password
[INFO] 24-07-2024 16:15:24 [main] [LogUtils] - Verify element visible By.name: password
[INFO] 24-07-2024 16:15:24 [main] [LogUtils] - Clear and Fill exj?6RTakxrh on By.name: password
[INFO] 24-07-2024 16:15:25 [main] [LogUtils] - Clicked on the element By.name: login
[INFO] 24-07-2024 16:15:25 [main] [LogUtils] - Clicked on the element By.xpath: /html/body/table[2]/tbody/tr/td/table[2]/tbody/tr/td/table/tbody/tr[5]/td[2]/a[8]
[INFO] 24-07-2024 16:15:25 [main] [LogUtils] - Clicked on the element By.xpath: /html/body/table[3]/tbody/tr/td/table[1]/tbody/tr/td[2]/a
[INFO] 24-07-2024 16:15:26 [main] [LogUtils] - Select Option By.name: spby text 3 Days
[INFO] 24-07-2024 16:15:26 [main] [LogUtils] - Clicked on the element By.xpath: /html/body/table[3]/tbody/tr/td/table/tbody/tr/td/table/tbody/tr[2]/td[6]/a
[INFO] 24-07-2024 16:15:47 [main] [LogUtils] - Loaded all properties files.
[INFO] 24-07-2024 16:15:49 [main] [LogUtils] - Open website with URL: https://uat-report.talgroup.com/
[INFO] 24-07-2024 16:15:49 [main] [LogUtils] - Verify element visible By.name: username
[INFO] 24-07-2024 16:15:49 [main] [LogUtils] - Verify element visible By.name: username
[INFO] 24-07-2024 16:15:49 [main] [LogUtils] - Clear and Fill techvify5 on By.name: username
[INFO] 24-07-2024 16:15:50 [main] [LogUtils] - Verify element visible By.name: password
[INFO] 24-07-2024 16:15:50 [main] [LogUtils] - Verify element visible By.name: password
[INFO] 24-07-2024 16:15:50 [main] [LogUtils] - Clear and Fill exj?6RTakxrh on By.name: password
[INFO] 24-07-2024 16:15:51 [main] [LogUtils] - Clicked on the element By.name: login
[INFO] 24-07-2024 16:15:51 [main] [LogUtils] - Clicked on the element By.xpath: /html/body/table[2]/tbody/tr/td/table[2]/tbody/tr/td/table/tbody/tr[5]/td[2]/a[8]
[INFO] 24-07-2024 16:15:51 [main] [LogUtils] - Clicked on the element By.xpath: /html/body/table[3]/tbody/tr/td/table[1]/tbody/tr/td[2]/a
[INFO] 24-07-2024 16:15:52 [main] [LogUtils] - Select Option By.name: spby text 3 Days
[INFO] 24-07-2024 16:15:52 [main] [LogUtils] - Clicked on the element By.xpath: /html/body/table[3]/tbody/tr/td/table/tbody/tr/td/table/tbody/tr[2]/td[6]/a
[INFO] 24-07-2024 16:16:44 [main] [LogUtils] - Loaded all properties files.
[INFO] 24-07-2024 16:16:47 [main] [LogUtils] - Open website with URL: https://uat-report.talgroup.com/
[INFO] 24-07-2024 16:16:47 [main] [LogUtils] - Verify element visible By.name: username
[INFO] 24-07-2024 16:16:47 [main] [LogUtils] - Verify element visible By.name: username
[INFO] 24-07-2024 16:16:47 [main] [LogUtils] - Clear and Fill techvify5 on By.name: username
[INFO] 24-07-2024 16:16:47 [main] [LogUtils] - Verify element visible By.name: password
[INFO] 24-07-2024 16:16:47 [main] [LogUtils] - Verify element visible By.name: password
[INFO] 24-07-2024 16:16:47 [main] [LogUtils] - Clear and Fill exj?6RTakxrh on By.name: password
[INFO] 24-07-2024 16:16:48 [main] [LogUtils] - Clicked on the element By.name: login
[INFO] 24-07-2024 16:16:48 [main] [LogUtils] - Clicked on the element By.xpath: /html/body/table[2]/tbody/tr/td/table[2]/tbody/tr/td/table/tbody/tr[5]/td[2]/a[8]
[INFO] 24-07-2024 16:16:49 [main] [LogUtils] - Clicked on the element By.xpath: /html/body/table[3]/tbody/tr/td/table[1]/tbody/tr/td[2]/a
[INFO] 24-07-2024 16:16:49 [main] [LogUtils] - Select Option By.name: spby text 3 Days
[INFO] 24-07-2024 16:16:49 [main] [LogUtils] - Clicked on the element By.xpath: /html/body/table[3]/tbody/tr/td/table/tbody/tr/td/table/tbody/tr[2]/td[6]/a
[INFO] 24-07-2024 16:17:18 [main] [LogUtils] - Loaded all properties files.
[INFO] 24-07-2024 16:17:21 [main] [LogUtils] - Open website with URL: https://uat-report.talgroup.com/
[INFO] 24-07-2024 16:17:21 [main] [LogUtils] - Verify element visible By.name: username
[INFO] 24-07-2024 16:17:21 [main] [LogUtils] - Verify element visible By.name: username
[INFO] 24-07-2024 16:17:21 [main] [LogUtils] - Clear and Fill techvify5 on By.name: username
[INFO] 24-07-2024 16:17:21 [main] [LogUtils] - Verify element visible By.name: password
[INFO] 24-07-2024 16:17:21 [main] [LogUtils] - Verify element visible By.name: password
[INFO] 24-07-2024 16:17:21 [main] [LogUtils] - Clear and Fill exj?6RTakxrh on By.name: password
[INFO] 24-07-2024 16:17:22 [main] [LogUtils] - Clicked on the element By.name: login
[INFO] 24-07-2024 16:17:23 [main] [LogUtils] - Clicked on the element By.xpath: /html/body/table[2]/tbody/tr/td/table[2]/tbody/tr/td/table/tbody/tr[5]/td[2]/a[8]
[INFO] 24-07-2024 16:17:23 [main] [LogUtils] - Clicked on the element By.xpath: /html/body/table[3]/tbody/tr/td/table[1]/tbody/tr/td[2]/a
[INFO] 24-07-2024 16:17:23 [main] [LogUtils] - Select Option By.name: spby text 3 Days
[INFO] 24-07-2024 16:17:23 [main] [LogUtils] - Clicked on the element By.xpath: /html/body/table[3]/tbody/tr/td/table/tbody/tr/td/table/tbody/tr[2]/td[6]/a
[INFO] 24-07-2024 16:19:42 [main] [LogUtils] - Loaded all properties files.
[INFO] 24-07-2024 16:19:46 [main] [LogUtils] - Open website with URL: https://uat-report.talgroup.com/
[INFO] 24-07-2024 16:19:46 [main] [LogUtils] - Verify element visible By.name: username
[INFO] 24-07-2024 16:19:46 [main] [LogUtils] - Verify element visible By.name: username
[INFO] 24-07-2024 16:19:46 [main] [LogUtils] - Clear and Fill techvify5 on By.name: username
[INFO] 24-07-2024 16:19:46 [main] [LogUtils] - Verify element visible By.name: password
[INFO] 24-07-2024 16:19:46 [main] [LogUtils] - Verify element visible By.name: password
[INFO] 24-07-2024 16:19:46 [main] [LogUtils] - Clear and Fill exj?6RTakxrh on By.name: password
[INFO] 24-07-2024 16:19:48 [main] [LogUtils] - Clicked on the element By.name: login
[INFO] 24-07-2024 16:19:48 [main] [LogUtils] - Clicked on the element By.xpath: /html/body/table[2]/tbody/tr/td/table[2]/tbody/tr/td/table/tbody/tr[5]/td[2]/a[8]
[INFO] 24-07-2024 16:19:48 [main] [LogUtils] - Clicked on the element By.xpath: /html/body/table[3]/tbody/tr/td/table[1]/tbody/tr/td[2]/a
[INFO] 24-07-2024 16:19:49 [main] [LogUtils] - Select Option By.name: spby text 3 Days
[INFO] 24-07-2024 16:19:49 [main] [LogUtils] - Clicked on the element By.xpath: /html/body/table[3]/tbody/tr/td/table/tbody/tr/td/table/tbody/tr[2]/td[6]/a
[INFO] 24-07-2024 16:20:31 [main] [LogUtils] - Loaded all properties files.
[INFO] 24-07-2024 16:20:34 [main] [LogUtils] - Open website with URL: https://uat-report.talgroup.com/
[INFO] 24-07-2024 16:20:34 [main] [LogUtils] - Verify element visible By.name: username
[INFO] 24-07-2024 16:20:34 [main] [LogUtils] - Verify element visible By.name: username
[INFO] 24-07-2024 16:20:34 [main] [LogUtils] - Clear and Fill techvify5 on By.name: username
[INFO] 24-07-2024 16:20:34 [main] [LogUtils] - Verify element visible By.name: password
[INFO] 24-07-2024 16:20:34 [main] [LogUtils] - Verify element visible By.name: password
[INFO] 24-07-2024 16:20:34 [main] [LogUtils] - Clear and Fill exj?6RTakxrh on By.name: password
[INFO] 24-07-2024 16:20:35 [main] [LogUtils] - Clicked on the element By.name: login
[INFO] 24-07-2024 16:20:35 [main] [LogUtils] - Clicked on the element By.xpath: /html/body/table[2]/tbody/tr/td/table[2]/tbody/tr/td/table/tbody/tr[5]/td[2]/a[8]
[INFO] 24-07-2024 16:20:36 [main] [LogUtils] - Clicked on the element By.xpath: /html/body/table[3]/tbody/tr/td/table[1]/tbody/tr/td[2]/a
[INFO] 24-07-2024 16:20:36 [main] [LogUtils] - Select Option By.name: spby text 3 Days
[INFO] 24-07-2024 16:22:25 [main] [LogUtils] - Loaded all properties files.
[INFO] 24-07-2024 16:22:27 [main] [LogUtils] - Open website with URL: https://uat-report.talgroup.com/
[INFO] 24-07-2024 16:22:27 [main] [LogUtils] - Verify element visible By.name: username
[INFO] 24-07-2024 16:22:27 [main] [LogUtils] - Verify element visible By.name: username
[INFO] 24-07-2024 16:22:27 [main] [LogUtils] - Clear and Fill techvify5 on By.name: username
[INFO] 24-07-2024 16:22:27 [main] [LogUtils] - Verify element visible By.name: password
[INFO] 24-07-2024 16:22:27 [main] [LogUtils] - Verify element visible By.name: password
[INFO] 24-07-2024 16:22:27 [main] [LogUtils] - Clear and Fill exj?6RTakxrh on By.name: password
[INFO] 24-07-2024 16:22:29 [main] [LogUtils] - Clicked on the element By.name: login
[INFO] 24-07-2024 16:22:29 [main] [LogUtils] - Clicked on the element By.xpath: /html/body/table[2]/tbody/tr/td/table[2]/tbody/tr/td/table/tbody/tr[5]/td[2]/a[8]
[INFO] 24-07-2024 16:22:29 [main] [LogUtils] - Clicked on the element By.xpath: /html/body/table[3]/tbody/tr/td/table[1]/tbody/tr/td[2]/a
[INFO] 24-07-2024 16:22:29 [main] [LogUtils] - Select Option By.name: spby text 3 Days
[INFO] 24-07-2024 16:22:29 [main] [LogUtils] - Clicked on the element By.xpath: /html/body/table[3]/tbody/tr/td/table/tbody/tr/td/table/tbody/tr[3]/td[6]/a
[INFO] 24-07-2024 16:26:02 [main] [LogUtils] - Unzipped D:\DownloadFileAutomation\DST0052DX-142100-20240724.162007.275310.xls.zip successfully !!
[INFO] 24-07-2024 16:51:57 [main] [LogUtils] - Loaded all properties files.
[INFO] 24-07-2024 16:52:25 [main] [LogUtils] - Loaded all properties files.
[INFO] 24-07-2024 16:55:40 [main] [LogUtils] - Loaded all properties files.
[INFO] 24-07-2024 16:55:40 [main] [LogUtils] - Unzipped D:\DownloadFileAutomation\DST0052DX-142100-20240724.162007.275310.xls.zip successfully !!
[INFO] 24-07-2024 16:56:04 [main] [LogUtils] - Loaded all properties files.
[INFO] 24-07-2024 16:56:35 [main] [LogUtils] - Loaded all properties files.
[INFO] 24-07-2024 16:56:35 [main] [LogUtils] - Unzipped D:\DownloadFileAutomation\DST0052DX-142100-20240724.162007.275310.xls.zip successfully !!
[INFO] 24-07-2024 16:57:20 [main] [LogUtils] - Loaded all properties files.
[INFO] 24-07-2024 16:57:25 [main] [LogUtils] - Open website with URL: https://uat-report.talgroup.com/
[INFO] 24-07-2024 16:57:25 [main] [LogUtils] - Verify element visible By.name: username
[INFO] 24-07-2024 16:57:25 [main] [LogUtils] - Verify element visible By.name: username
[INFO] 24-07-2024 16:57:25 [main] [LogUtils] - Clear and Fill techvify5 on By.name: username
[INFO] 24-07-2024 16:57:25 [main] [LogUtils] - Verify element visible By.name: password
[INFO] 24-07-2024 16:57:25 [main] [LogUtils] - Verify element visible By.name: password
[INFO] 24-07-2024 16:57:25 [main] [LogUtils] - Clear and Fill exj?6RTakxrh on By.name: password
[INFO] 24-07-2024 16:57:27 [main] [LogUtils] - Clicked on the element By.name: login
[INFO] 24-07-2024 16:57:27 [main] [LogUtils] - Clicked on the element By.xpath: /html/body/table[2]/tbody/tr/td/table[2]/tbody/tr/td/table/tbody/tr[5]/td[2]/a[8]
[INFO] 24-07-2024 16:57:27 [main] [LogUtils] - Clicked on the element By.xpath: /html/body/table[3]/tbody/tr/td/table[1]/tbody/tr/td[2]/a
[INFO] 24-07-2024 16:57:27 [main] [LogUtils] - Select Option By.name: spby text 3 Days
[INFO] 24-07-2024 16:57:28 [main] [LogUtils] - Clicked on the element By.xpath: /html/body/table[3]/tbody/tr/td/table/tbody/tr/td/table/tbody/tr[3]/td[6]/a
[INFO] 24-07-2024 16:57:47 [main] [LogUtils] - Loaded all properties files.
[INFO] 24-07-2024 16:57:51 [main] [LogUtils] - Open website with URL: https://uat-report.talgroup.com/
[INFO] 24-07-2024 16:57:51 [main] [LogUtils] - Verify element visible By.name: username
[INFO] 24-07-2024 16:57:51 [main] [LogUtils] - Verify element visible By.name: username
[INFO] 24-07-2024 16:57:51 [main] [LogUtils] - Clear and Fill techvify5 on By.name: username
[INFO] 24-07-2024 16:57:51 [main] [LogUtils] - Verify element visible By.name: password
[INFO] 24-07-2024 16:57:51 [main] [LogUtils] - Verify element visible By.name: password
[INFO] 24-07-2024 16:57:51 [main] [LogUtils] - Clear and Fill exj?6RTakxrh on By.name: password
[INFO] 24-07-2024 16:57:53 [main] [LogUtils] - Clicked on the element By.name: login
[INFO] 24-07-2024 16:57:53 [main] [LogUtils] - Clicked on the element By.xpath: /html/body/table[2]/tbody/tr/td/table[2]/tbody/tr/td/table/tbody/tr[5]/td[2]/a[8]
[INFO] 24-07-2024 16:57:53 [main] [LogUtils] - Clicked on the element By.xpath: /html/body/table[3]/tbody/tr/td/table[1]/tbody/tr/td[2]/a
[INFO] 24-07-2024 16:57:53 [main] [LogUtils] - Select Option By.name: spby text 3 Days
[INFO] 24-07-2024 16:57:54 [main] [LogUtils] - Clicked on the element By.xpath: /html/body/table[3]/tbody/tr/td/table/tbody/tr/td/table/tbody/tr[3]/td[6]/a
[INFO] 24-07-2024 16:58:23 [main] [LogUtils] - Loaded all properties files.
[INFO] 24-07-2024 16:58:26 [main] [LogUtils] - Open website with URL: https://uat-report.talgroup.com/
[INFO] 24-07-2024 16:58:26 [main] [LogUtils] - Verify element visible By.name: username
[INFO] 24-07-2024 16:58:26 [main] [LogUtils] - Verify element visible By.name: username
[INFO] 24-07-2024 16:58:26 [main] [LogUtils] - Clear and Fill techvify5 on By.name: username
[INFO] 24-07-2024 16:58:26 [main] [LogUtils] - Verify element visible By.name: password
[INFO] 24-07-2024 16:58:26 [main] [LogUtils] - Verify element visible By.name: password
[INFO] 24-07-2024 16:58:26 [main] [LogUtils] - Clear and Fill exj?6RTakxrh on By.name: password
[INFO] 24-07-2024 16:58:28 [main] [LogUtils] - Clicked on the element By.name: login
[INFO] 24-07-2024 16:58:28 [main] [LogUtils] - Clicked on the element By.xpath: /html/body/table[2]/tbody/tr/td/table[2]/tbody/tr/td/table/tbody/tr[5]/td[2]/a[8]
[INFO] 24-07-2024 16:58:28 [main] [LogUtils] - Clicked on the element By.xpath: /html/body/table[3]/tbody/tr/td/table[1]/tbody/tr/td[2]/a
[INFO] 24-07-2024 16:58:29 [main] [LogUtils] - Select Option By.name: spby text 3 Days
[INFO] 24-07-2024 16:58:29 [main] [LogUtils] - Clicked on the element By.xpath: /html/body/table[3]/tbody/tr/td/table/tbody/tr/td/table/tbody/tr[3]/td[6]/a
[INFO] 24-07-2024 16:58:53 [main] [LogUtils] - Loaded all properties files.
[INFO] 24-07-2024 16:58:58 [main] [LogUtils] - Open website with URL: https://uat-report.talgroup.com/
[INFO] 24-07-2024 16:58:58 [main] [LogUtils] - Verify element visible By.name: username
[INFO] 24-07-2024 16:58:58 [main] [LogUtils] - Verify element visible By.name: username
[INFO] 24-07-2024 16:58:59 [main] [LogUtils] - Clear and Fill techvify5 on By.name: username
[INFO] 24-07-2024 16:58:59 [main] [LogUtils] - Verify element visible By.name: password
[INFO] 24-07-2024 16:58:59 [main] [LogUtils] - Verify element visible By.name: password
[INFO] 24-07-2024 16:58:59 [main] [LogUtils] - Clear and Fill exj?6RTakxrh on By.name: password
[INFO] 24-07-2024 16:59:00 [main] [LogUtils] - Clicked on the element By.name: login
[INFO] 24-07-2024 16:59:00 [main] [LogUtils] - Clicked on the element By.xpath: /html/body/table[2]/tbody/tr/td/table[2]/tbody/tr/td/table/tbody/tr[5]/td[2]/a[8]
[INFO] 24-07-2024 16:59:00 [main] [LogUtils] - Clicked on the element By.xpath: /html/body/table[3]/tbody/tr/td/table[1]/tbody/tr/td[2]/a
[INFO] 24-07-2024 16:59:01 [main] [LogUtils] - Select Option By.name: spby text 3 Days
[INFO] 24-07-2024 16:59:01 [main] [LogUtils] - Clicked on the element By.xpath: /html/body/table[3]/tbody/tr/td/table/tbody/tr/td/table/tbody/tr[3]/td[6]/a
[INFO] 24-07-2024 16:59:58 [main] [LogUtils] - Loaded all properties files.
[INFO] 24-07-2024 17:00:00 [main] [LogUtils] - Open website with URL: https://uat-report.talgroup.com/
[INFO] 24-07-2024 17:00:00 [main] [LogUtils] - Verify element visible By.name: username
[INFO] 24-07-2024 17:00:00 [main] [LogUtils] - Verify element visible By.name: username
[INFO] 24-07-2024 17:00:00 [main] [LogUtils] - Clear and Fill techvify5 on By.name: username
[INFO] 24-07-2024 17:00:00 [main] [LogUtils] - Verify element visible By.name: password
[INFO] 24-07-2024 17:00:00 [main] [LogUtils] - Verify element visible By.name: password
[INFO] 24-07-2024 17:00:01 [main] [LogUtils] - Clear and Fill exj?6RTakxrh on By.name: password
[INFO] 24-07-2024 17:00:03 [main] [LogUtils] - Clicked on the element By.name: login
[INFO] 24-07-2024 17:00:04 [main] [LogUtils] - Clicked on the element By.xpath: /html/body/table[2]/tbody/tr/td/table[2]/tbody/tr/td/table/tbody/tr[5]/td[2]/a[8]
[INFO] 24-07-2024 17:00:05 [main] [LogUtils] - Clicked on the element By.xpath: /html/body/table[3]/tbody/tr/td/table[1]/tbody/tr/td[2]/a
[INFO] 24-07-2024 17:00:05 [main] [LogUtils] - Select Option By.name: spby text 3 Days
[INFO] 24-07-2024 17:00:05 [main] [LogUtils] - Clicked on the element By.xpath: /html/body/table[3]/tbody/tr/td/table/tbody/tr/td/table/tbody/tr[3]/td[6]/a
[INFO] 24-07-2024 17:00:12 [main] [LogUtils] - Unzipped D:\DownloadFileAutomation\DST0052DX-142100-20240724.162007.275310.xls (1).zip successfully !!
[INFO] 24-07-2024 17:00:24 [main] [LogUtils] - Loaded all properties files.
[INFO] 24-07-2024 17:00:26 [main] [LogUtils] - Open website with URL: https://uat-report.talgroup.com/
[INFO] 24-07-2024 17:00:26 [main] [LogUtils] - Verify element visible By.name: username
[INFO] 24-07-2024 17:00:26 [main] [LogUtils] - Verify element visible By.name: username
[INFO] 24-07-2024 17:00:26 [main] [LogUtils] - Clear and Fill techvify5 on By.name: username
[INFO] 24-07-2024 17:00:27 [main] [LogUtils] - Verify element visible By.name: password
[INFO] 24-07-2024 17:00:27 [main] [LogUtils] - Verify element visible By.name: password
[INFO] 24-07-2024 17:00:27 [main] [LogUtils] - Clear and Fill exj?6RTakxrh on By.name: password
[INFO] 24-07-2024 17:00:28 [main] [LogUtils] - Clicked on the element By.name: login
[INFO] 24-07-2024 17:00:28 [main] [LogUtils] - Clicked on the element By.xpath: /html/body/table[2]/tbody/tr/td/table[2]/tbody/tr/td/table/tbody/tr[5]/td[2]/a[8]
[INFO] 24-07-2024 17:00:29 [main] [LogUtils] - Clicked on the element By.xpath: /html/body/table[3]/tbody/tr/td/table[1]/tbody/tr/td[2]/a
[INFO] 24-07-2024 17:00:29 [main] [LogUtils] - Select Option By.name: spby text 3 Days
[INFO] 24-07-2024 17:00:29 [main] [LogUtils] - Clicked on the element By.xpath: /html/body/table[3]/tbody/tr/td/table/tbody/tr/td/table/tbody/tr[3]/td[6]/a
[INFO] 24-07-2024 17:01:30 [main] [LogUtils] - Loaded all properties files.
[INFO] 24-07-2024 17:01:33 [main] [LogUtils] - Open website with URL: https://uat-report.talgroup.com/
[INFO] 24-07-2024 17:01:33 [main] [LogUtils] - Verify element visible By.name: username
[INFO] 24-07-2024 17:01:33 [main] [LogUtils] - Verify element visible By.name: username
[INFO] 24-07-2024 17:01:33 [main] [LogUtils] - Clear and Fill techvify5 on By.name: username
[INFO] 24-07-2024 17:01:33 [main] [LogUtils] - Verify element visible By.name: password
[INFO] 24-07-2024 17:01:33 [main] [LogUtils] - Verify element visible By.name: password
[INFO] 24-07-2024 17:01:33 [main] [LogUtils] - Clear and Fill exj?6RTakxrh on By.name: password
[INFO] 24-07-2024 17:01:34 [main] [LogUtils] - Clicked on the element By.name: login
[INFO] 24-07-2024 17:01:34 [main] [LogUtils] - Clicked on the element By.xpath: /html/body/table[2]/tbody/tr/td/table[2]/tbody/tr/td/table/tbody/tr[5]/td[2]/a[8]
[INFO] 24-07-2024 17:01:35 [main] [LogUtils] - Clicked on the element By.xpath: /html/body/table[3]/tbody/tr/td/table[1]/tbody/tr/td[2]/a
[INFO] 24-07-2024 17:01:35 [main] [LogUtils] - Select Option By.name: spby text 3 Days
[INFO] 24-07-2024 17:01:35 [main] [LogUtils] - Clicked on the element By.xpath: /html/body/table[3]/tbody/tr/td/table/tbody/tr/td/table/tbody/tr[3]/td[6]/a
[INFO] 24-07-2024 17:01:37 [main] [LogUtils] - Unzipped D:\DownloadFileAutomation\DST0052DX-142100-20240724.162007.275310.xls (1).zip successfully !!
[INFO] 24-07-2024 17:01:37 [main] [LogUtils] - Unzipped D:\DownloadFileAutomation\DST0052DX-142100-20240724.162007.275310.xls.zip successfully !!
[INFO] 24-07-2024 17:04:01 [main] [LogUtils] - Loaded all properties files.
[INFO] 24-07-2024 17:04:03 [main] [LogUtils] - Open website with URL: https://uat-report.talgroup.com/
[INFO] 24-07-2024 17:04:03 [main] [LogUtils] - Verify element visible By.name: username
[INFO] 24-07-2024 17:04:03 [main] [LogUtils] - Verify element visible By.name: username
[INFO] 24-07-2024 17:04:03 [main] [LogUtils] - Clear and Fill techvify5 on By.name: username
[INFO] 24-07-2024 17:04:03 [main] [LogUtils] - Verify element visible By.name: password
[INFO] 24-07-2024 17:04:03 [main] [LogUtils] - Verify element visible By.name: password
[INFO] 24-07-2024 17:04:04 [main] [LogUtils] - Clear and Fill exj?6RTakxrh on By.name: password
[INFO] 24-07-2024 17:04:05 [main] [LogUtils] - Clicked on the element By.name: login
[INFO] 24-07-2024 17:04:05 [main] [LogUtils] - Clicked on the element By.xpath: /html/body/table[2]/tbody/tr/td/table[2]/tbody/tr/td/table/tbody/tr[5]/td[2]/a[8]
[INFO] 24-07-2024 17:04:05 [main] [LogUtils] - Clicked on the element By.xpath: /html/body/table[3]/tbody/tr/td/table[1]/tbody/tr/td[2]/a
[INFO] 24-07-2024 17:04:06 [main] [LogUtils] - Select Option By.name: spby text 3 Days
[INFO] 24-07-2024 17:04:06 [main] [LogUtils] - Clicked on the element By.xpath: /html/body/table[3]/tbody/tr/td/table/tbody/tr/td/table/tbody/tr[3]/td[6]/a
[INFO] 24-07-2024 17:04:08 [main] [LogUtils] - Unzipped D:\DownloadFileAutomation\DST0052DX-142100-20240724.162007.275310.xls.zip successfully !!
[INFO] 24-07-2024 17:04:36 [main] [LogUtils] - Loaded all properties files.
[INFO] 24-07-2024 17:04:40 [main] [LogUtils] - Open website with URL: https://uat-report.talgroup.com/
[INFO] 24-07-2024 17:04:40 [main] [LogUtils] - Verify element visible By.name: username
[INFO] 24-07-2024 17:04:41 [main] [LogUtils] - Verify element visible By.name: username
[INFO] 24-07-2024 17:04:41 [main] [LogUtils] - Clear and Fill techvify5 on By.name: username
[INFO] 24-07-2024 17:04:41 [main] [LogUtils] - Verify element visible By.name: password
[INFO] 24-07-2024 17:04:41 [main] [LogUtils] - Verify element visible By.name: password
[INFO] 24-07-2024 17:04:41 [main] [LogUtils] - Clear and Fill exj?6RTakxrh on By.name: password
[INFO] 24-07-2024 17:04:42 [main] [LogUtils] - Clicked on the element By.name: login
[INFO] 24-07-2024 17:04:42 [main] [LogUtils] - Clicked on the element By.xpath: /html/body/table[2]/tbody/tr/td/table[2]/tbody/tr/td/table/tbody/tr[5]/td[2]/a[8]
[INFO] 24-07-2024 17:04:43 [main] [LogUtils] - Clicked on the element By.xpath: /html/body/table[3]/tbody/tr/td/table[1]/tbody/tr/td[2]/a
[INFO] 24-07-2024 17:04:43 [main] [LogUtils] - Select Option By.name: spby text 3 Days
[INFO] 24-07-2024 17:04:43 [main] [LogUtils] - Clicked on the element By.xpath: /html/body/table[3]/tbody/tr/td/table/tbody/tr/td/table/tbody/tr[3]/td[6]/a
[INFO] 24-07-2024 17:05:17 [main] [LogUtils] - Loaded all properties files.
[INFO] 24-07-2024 17:05:22 [main] [LogUtils] - Open website with URL: https://uat-report.talgroup.com/
[INFO] 24-07-2024 17:05:22 [main] [LogUtils] - Verify element visible By.name: username
[INFO] 24-07-2024 17:05:22 [main] [LogUtils] - Verify element visible By.name: username
[INFO] 24-07-2024 17:05:22 [main] [LogUtils] - Clear and Fill techvify5 on By.name: username
[INFO] 24-07-2024 17:05:22 [main] [LogUtils] - Verify element visible By.name: password
[INFO] 24-07-2024 17:05:22 [main] [LogUtils] - Verify element visible By.name: password
[INFO] 24-07-2024 17:05:22 [main] [LogUtils] - Clear and Fill exj?6RTakxrh on By.name: password
[INFO] 24-07-2024 17:05:23 [main] [LogUtils] - Clicked on the element By.name: login
[INFO] 24-07-2024 17:05:24 [main] [LogUtils] - Clicked on the element By.xpath: /html/body/table[2]/tbody/tr/td/table[2]/tbody/tr/td/table/tbody/tr[5]/td[2]/a[8]
[INFO] 24-07-2024 17:05:24 [main] [LogUtils] - Clicked on the element By.xpath: /html/body/table[3]/tbody/tr/td/table[1]/tbody/tr/td[2]/a
[INFO] 24-07-2024 17:05:24 [main] [LogUtils] - Select Option By.name: spby text 3 Days
[INFO] 24-07-2024 17:05:25 [main] [LogUtils] - Clicked on the element By.xpath: /html/body/table[3]/tbody/tr/td/table/tbody/tr/td/table/tbody/tr[3]/td[6]/a
[INFO] 24-07-2024 17:06:03 [main] [LogUtils] - Loaded all properties files.
[INFO] 24-07-2024 17:06:05 [main] [LogUtils] - Open website with URL: https://uat-report.talgroup.com/
[INFO] 24-07-2024 17:06:05 [main] [LogUtils] - Verify element visible By.name: username
[INFO] 24-07-2024 17:06:05 [main] [LogUtils] - Verify element visible By.name: username
[INFO] 24-07-2024 17:06:06 [main] [LogUtils] - Clear and Fill techvify5 on By.name: username
[INFO] 24-07-2024 17:06:06 [main] [LogUtils] - Verify element visible By.name: password
[INFO] 24-07-2024 17:06:06 [main] [LogUtils] - Verify element visible By.name: password
[INFO] 24-07-2024 17:06:06 [main] [LogUtils] - Clear and Fill exj?6RTakxrh on By.name: password
[INFO] 24-07-2024 17:06:07 [main] [LogUtils] - Clicked on the element By.name: login
[INFO] 24-07-2024 17:06:07 [main] [LogUtils] - Clicked on the element By.xpath: /html/body/table[2]/tbody/tr/td/table[2]/tbody/tr/td/table/tbody/tr[5]/td[2]/a[8]
[INFO] 24-07-2024 17:06:07 [main] [LogUtils] - Clicked on the element By.xpath: /html/body/table[3]/tbody/tr/td/table[1]/tbody/tr/td[2]/a
[INFO] 24-07-2024 17:06:08 [main] [LogUtils] - Select Option By.name: spby text 3 Days
[INFO] 24-07-2024 17:06:08 [main] [LogUtils] - Clicked on the element By.xpath: /html/body/table[3]/tbody/tr/td/table/tbody/tr/td/table/tbody/tr[3]/td[6]/a
[INFO] 24-07-2024 17:06:30 [main] [LogUtils] - Loaded all properties files.
[INFO] 24-07-2024 17:06:32 [main] [LogUtils] - Open website with URL: https://uat-report.talgroup.com/
[INFO] 24-07-2024 17:06:32 [main] [LogUtils] - Verify element visible By.name: username
[INFO] 24-07-2024 17:06:32 [main] [LogUtils] - Verify element visible By.name: username
[INFO] 24-07-2024 17:06:32 [main] [LogUtils] - Clear and Fill techvify5 on By.name: username
[INFO] 24-07-2024 17:06:32 [main] [LogUtils] - Verify element visible By.name: password
[INFO] 24-07-2024 17:06:32 [main] [LogUtils] - Verify element visible By.name: password
[INFO] 24-07-2024 17:06:33 [main] [LogUtils] - Clear and Fill exj?6RTakxrh on By.name: password
[INFO] 24-07-2024 17:06:34 [main] [LogUtils] - Clicked on the element By.name: login
[INFO] 24-07-2024 17:06:34 [main] [LogUtils] - Clicked on the element By.xpath: /html/body/table[2]/tbody/tr/td/table[2]/tbody/tr/td/table/tbody/tr[5]/td[2]/a[8]
[INFO] 24-07-2024 17:06:35 [main] [LogUtils] - Clicked on the element By.xpath: /html/body/table[3]/tbody/tr/td/table[1]/tbody/tr/td[2]/a
[INFO] 24-07-2024 17:06:35 [main] [LogUtils] - Select Option By.name: spby text 3 Days
[INFO] 24-07-2024 17:06:35 [main] [LogUtils] - Clicked on the element By.xpath: /html/body/table[3]/tbody/tr/td/table/tbody/tr/td/table/tbody/tr[3]/td[6]/a
[INFO] 24-07-2024 17:06:40 [main] [LogUtils] - Unzipped D:\DownloadFileAutomation\DST0052DX-142100-20240724.162007.275310.xls.zip successfully !!
